#
# There is insufficient memory for the Java Runtime Environment to continue.
# Native memory allocation (malloc) failed to allocate 1048576 bytes for AllocateHeap
# Possible reasons:
#   The system is out of physical RAM or swap space
#   The process is running with CompressedOops enabled, and the Java Heap may be blocking the growth of the native heap
# Possible solutions:
#   Reduce memory load on the system
#   Increase physical memory or swap space
#   Check if swap backing store is full
#   Decrease Java heap size (-Xmx/-Xms)
#   Decrease number of Java threads
#   Decrease Java thread stack sizes (-Xss)
#   Set larger code cache with -XX:ReservedCodeCacheSize=
#   JVM is running with Unscaled Compressed Oops mode in which the Java heap is
#     placed in the first 4GB address space. The Java Heap base address is the
#     maximum limit for the native heap growth. Please use -XX:HeapBaseMinAddress
#     to set the Java Heap base and to place the Java Heap above 4GB virtual address.
# This output file may be truncated or incomplete.
#
#  Out of Memory Error (allocation.cpp:44), pid=11272, tid=12812
#
# JRE version: OpenJDK Runtime Environment Temurin-17.0.7+7 (17.0.7+7) (build 17.0.7+7)
# Java VM: OpenJDK 64-Bit Server VM Temurin-17.0.7+7 (17.0.7+7, mixed mode, tiered, compressed oops, compressed class ptrs, g1 gc, windows-amd64)
# No core dump will be written. Minidumps are not enabled by default on client versions of Windows
#

---------------  S U M M A R Y ------------

Command Line: -Dfile.encoding=UTF-8 -XX:+ShowCodeDetailsInExceptionMessages com.rahul.CurrencyConversion2025Application

Host: Intel(R) Core(TM) i3-6006U CPU @ 2.00GHz, 4 cores, 7G,  Windows 10 , 64 bit Build 19041 (10.0.19041.5794)
Time: Sun May 25 12:14:24 2025 India Standard Time elapsed time: 1038.730774 seconds (0d 0h 17m 18s)

---------------  T H R E A D  ---------------

Current thread (0x0000020d7ea97040):  VMThread "VM Thread" [stack: 0x000000969ba00000,0x000000969bb00000] [id=12812]

Stack: [0x000000969ba00000,0x000000969bb00000]
Native frames: (J=compiled Java code, j=interpreted, Vv=VM code, C=native code)
V  [jvm.dll+0x67754a]
V  [jvm.dll+0x834304]
V  [jvm.dll+0x835aae]
V  [jvm.dll+0x836113]
V  [jvm.dll+0x24696f]
V  [jvm.dll+0xa681f]
V  [jvm.dll+0x2f73f3]
V  [jvm.dll+0x2f30f0]
V  [jvm.dll+0x2db6c7]
V  [jvm.dll+0x31e777]
V  [jvm.dll+0x83a5bb]
V  [jvm.dll+0x83b2f4]
V  [jvm.dll+0x83b80c]
V  [jvm.dll+0x83bbe4]
V  [jvm.dll+0x83bcb0]
V  [jvm.dll+0x7e4e7a]
V  [jvm.dll+0x676395]
C  [ucrtbase.dll+0x21bb2]
C  [KERNEL32.DLL+0x17374]
C  [ntdll.dll+0x4cc91]

VM_Operation (0x000000969b2ff1d0): G1CollectFull, mode: safepoint, requested by thread 0x0000020d0b2e3350


---------------  P R O C E S S  ---------------

Threads class SMR info:
_java_thread_list=0x0000020d08f97e40, length=14, elements={
0x0000020d7ea9b600, 0x0000020d7ea9ce20, 0x0000020d7eadb1a0, 0x0000020d7eadca70,
0x0000020d7eaddad0, 0x0000020d0811c7b0, 0x0000020d08120f30, 0x0000020d08121be0,
0x0000020d08134880, 0x0000020d0829a560, 0x0000020d08299bc0, 0x0000020d0b2e6370,
0x0000020d0829d0b0, 0x0000020d0b2e3350
}
_to_delete_list=0x0000020d08f97f00, length=16, elements={
0x0000020d7ea9b600, 0x0000020d7ea9ce20, 0x0000020d7eadb1a0, 0x0000020d7eadca70,
0x0000020d7eaddad0, 0x0000020d0811c7b0, 0x0000020d08120f30, 0x0000020d08121be0,
0x0000020d08134880, 0x0000020d0829a560, 0x0000020d08299bc0, 0x0000020d0b2e6370,
0x0000020d0829d0b0, 0x0000020d0829b8a0, 0x0000020d0829c710, 0x0000020d0b2e3350
}

Java Threads: ( => current thread )
  0x0000020d7ea9b600 JavaThread "Reference Handler" daemon [_thread_blocked, id=11068, stack(0x000000969bb00000,0x000000969bc00000)]
  0x0000020d7ea9ce20 JavaThread "Finalizer" daemon [_thread_blocked, id=3656, stack(0x000000969bc00000,0x000000969bd00000)]
  0x0000020d7eadb1a0 JavaThread "Signal Dispatcher" daemon [_thread_blocked, id=4604, stack(0x000000969be00000,0x000000969bf00000)]
  0x0000020d7eadca70 JavaThread "Attach Listener" daemon [_thread_blocked, id=13600, stack(0x000000969bf00000,0x000000969c000000)]
  0x0000020d7eaddad0 JavaThread "Service Thread" daemon [_thread_blocked, id=6836, stack(0x000000969c000000,0x000000969c100000)]
  0x0000020d0811c7b0 JavaThread "Monitor Deflation Thread" daemon [_thread_blocked, id=1112, stack(0x000000969c100000,0x000000969c200000)]
  0x0000020d08120f30 JavaThread "C2 CompilerThread0" daemon [_thread_blocked, id=392, stack(0x000000969c200000,0x000000969c300000)]
  0x0000020d08121be0 JavaThread "C1 CompilerThread0" daemon [_thread_blocked, id=2212, stack(0x000000969c300000,0x000000969c400000)]
  0x0000020d08134880 JavaThread "Sweeper thread" daemon [_thread_blocked, id=13448, stack(0x000000969c400000,0x000000969c500000)]
  0x0000020d0829a560 JavaThread "Notification Thread" daemon [_thread_blocked, id=2704, stack(0x000000969c500000,0x000000969c600000)]
  0x0000020d08299bc0 JavaThread "Common-Cleaner" daemon [_thread_blocked, id=7620, stack(0x000000969c700000,0x000000969c800000)]
  0x0000020d0b2e6370 JavaThread "DestroyJavaVM" [_thread_blocked, id=13808, stack(0x000000969b400000,0x000000969b500000)]
  0x0000020d0829d0b0 JavaThread "Catalina-utility-1" [_thread_blocked, id=6412, stack(0x000000969c800000,0x000000969c900000)]
  0x0000020d0b2e3350 JavaThread "Thread-43" [_thread_blocked, id=4360, stack(0x000000969b200000,0x000000969b300000)]

Other Threads:
=>0x0000020d7ea97040 VMThread "VM Thread" [stack: 0x000000969ba00000,0x000000969bb00000] [id=12812]
  0x0000020d0829fad0 WatcherThread [stack: 0x000000969c600000,0x000000969c700000] [id=11160]
  0x0000020d69405370 GCTaskThread "GC Thread#0" [stack: 0x000000969b500000,0x000000969b600000] [id=11616]
  0x0000020d08533cb0 GCTaskThread "GC Thread#1" [stack: 0x000000969c900000,0x000000969ca00000] [id=10912]
  0x0000020d087c4420 GCTaskThread "GC Thread#2" [stack: 0x000000969ca00000,0x000000969cb00000] [id=8964]
  0x0000020d08bb6a50 GCTaskThread "GC Thread#3" [stack: 0x000000969cb00000,0x000000969cc00000] [id=13324]
  0x0000020d69415dc0 ConcurrentGCThread "G1 Main Marker" [stack: 0x000000969b600000,0x000000969b700000] [id=9756]
  0x0000020d694166e0 ConcurrentGCThread "G1 Conc#0" [stack: 0x000000969b700000,0x000000969b800000] [id=7008]
  0x0000020d7e9004a0 ConcurrentGCThread "G1 Refine#0" [stack: 0x000000969b800000,0x000000969b900000] [id=11620]
  0x0000020d6946c840 ConcurrentGCThread "G1 Service" [stack: 0x000000969b900000,0x000000969ba00000] [id=3064]

Threads with active compile tasks:

VM state: at safepoint (normal execution)

VM Mutex/Monitor currently owned by a thread:  ([mutex/lock_event])
[0x0000020d693abff0] Threads_lock - owner thread: 0x0000020d7ea97040
[0x0000020d693ab8a0] Heap_lock - owner thread: 0x0000020d0b2e3350

Heap address: 0x0000000082000000, size: 2016 MB, Compressed Oops mode: 32-bit

CDS archive(s) not mapped
Compressed class space mapped at: 0x0000000100000000-0x0000000140000000, reserved size: 1073741824
Narrow klass base: 0x0000000000000000, Narrow klass shift: 3, Narrow klass range: 0x140000000

GC Precious Log:
 CPUs: 4 total, 4 available
 Memory: 8060M
 Large Page Support: Disabled
 NUMA Support: Disabled
 Compressed Oops: Enabled (32-bit)
 Heap Region Size: 1M
 Heap Min Capacity: 8M
 Heap Initial Capacity: 126M
 Heap Max Capacity: 2016M
 Pre-touch: Disabled
 Parallel Workers: 4
 Concurrent Workers: 1
 Concurrent Refinement Workers: 4
 Periodic GC: Disabled

Heap:
 garbage-first heap   total 83968K, used 60781K [0x0000000082000000, 0x0000000100000000)
  region size 1024K, 19 young (19456K), 3 survivors (3072K)
 Metaspace       used 49998K, committed 50624K, reserved 1114112K
  class space    used 5946K, committed 6272K, reserved 1048576K

Heap Regions: E=young(eden), S=young(survivor), O=old, HS=humongous(starts), HC=humongous(continues), CS=collection set, F=free, OA=open archive, CA=closed archive, TAMS=top-at-mark-start (previous, next)
|   0|0x0000000082000000, 0x0000000082100000, 0x0000000082100000|100%|HS|  |TAMS 0x0000000082100000, 0x0000000082000000| Complete 
|   1|0x0000000082100000, 0x0000000082200000, 0x0000000082200000|100%| O|  |TAMS 0x0000000082200000, 0x0000000082100000| Untracked 
|   2|0x0000000082200000, 0x00000000822fffe8, 0x0000000082300000| 99%| O|  |TAMS 0x00000000822fffe8, 0x0000000082200000| Untracked 
|   3|0x0000000082300000, 0x0000000082400000, 0x0000000082400000|100%| O|  |TAMS 0x0000000082400000, 0x0000000082300000| Untracked 
|   4|0x0000000082400000, 0x0000000082500000, 0x0000000082500000|100%| O|  |TAMS 0x0000000082500000, 0x0000000082400000| Untracked 
|   5|0x0000000082500000, 0x00000000825ffaa8, 0x0000000082600000| 99%| O|  |TAMS 0x00000000825ffaa8, 0x0000000082500000| Untracked 
|   6|0x0000000082600000, 0x00000000826ff188, 0x0000000082700000| 99%| O|  |TAMS 0x00000000826ff188, 0x0000000082600000| Untracked 
|   7|0x0000000082700000, 0x00000000827ffff0, 0x0000000082800000| 99%| O|  |TAMS 0x00000000827ffff0, 0x0000000082700000| Untracked 
|   8|0x0000000082800000, 0x00000000828fffb0, 0x0000000082900000| 99%| O|  |TAMS 0x00000000828fffb0, 0x0000000082800000| Untracked 
|   9|0x0000000082900000, 0x00000000829ffff0, 0x0000000082a00000| 99%| O|  |TAMS 0x00000000829ffff0, 0x0000000082900000| Untracked 
|  10|0x0000000082a00000, 0x0000000082b00000, 0x0000000082b00000|100%| O|  |TAMS 0x0000000082b00000, 0x0000000082a00000| Untracked 
|  11|0x0000000082b00000, 0x0000000082bffff0, 0x0000000082c00000| 99%| O|  |TAMS 0x0000000082bffff0, 0x0000000082b00000| Untracked 
|  12|0x0000000082c00000, 0x0000000082cfffe8, 0x0000000082d00000| 99%| O|  |TAMS 0x0000000082cfffe8, 0x0000000082c00000| Untracked 
|  13|0x0000000082d00000, 0x0000000082dffff8, 0x0000000082e00000| 99%| O|  |TAMS 0x0000000082dffff8, 0x0000000082d00000| Untracked 
|  14|0x0000000082e00000, 0x0000000082f00000, 0x0000000082f00000|100%| O|  |TAMS 0x0000000082f00000, 0x0000000082e00000| Untracked 
|  15|0x0000000082f00000, 0x0000000082ffffe8, 0x0000000083000000| 99%| O|  |TAMS 0x0000000082ffffe8, 0x0000000082f00000| Untracked 
|  16|0x0000000083000000, 0x00000000830fffe8, 0x0000000083100000| 99%| O|  |TAMS 0x00000000830fffe8, 0x0000000083000000| Untracked 
|  17|0x0000000083100000, 0x00000000831fffe8, 0x0000000083200000| 99%| O|  |TAMS 0x00000000831fffe8, 0x0000000083100000| Untracked 
|  18|0x0000000083200000, 0x00000000832fffe8, 0x0000000083300000| 99%| O|  |TAMS 0x00000000832fffe8, 0x0000000083200000| Untracked 
|  19|0x0000000083300000, 0x00000000833ffff0, 0x0000000083400000| 99%| O|  |TAMS 0x00000000833ffff0, 0x0000000083300000| Untracked 
|  20|0x0000000083400000, 0x00000000834ffff0, 0x0000000083500000| 99%| O|  |TAMS 0x00000000834ffff0, 0x0000000083400000| Untracked 
|  21|0x0000000083500000, 0x00000000835fffc0, 0x0000000083600000| 99%| O|  |TAMS 0x00000000835fffc0, 0x0000000083500000| Untracked 
|  22|0x0000000083600000, 0x00000000836ffff8, 0x0000000083700000| 99%| O|  |TAMS 0x00000000836ffff8, 0x0000000083600000| Untracked 
|  23|0x0000000083700000, 0x0000000083800000, 0x0000000083800000|100%| O|  |TAMS 0x0000000083800000, 0x0000000083700000| Untracked 
|  24|0x0000000083800000, 0x00000000838ffff0, 0x0000000083900000| 99%| O|  |TAMS 0x00000000838ffff0, 0x0000000083800000| Untracked 
|  25|0x0000000083900000, 0x00000000839fb7d8, 0x0000000083a00000| 98%| O|  |TAMS 0x00000000839fb7d8, 0x0000000083900000| Untracked 
|  26|0x0000000083a00000, 0x0000000083afffe8, 0x0000000083b00000| 99%| O|  |TAMS 0x0000000083afffe8, 0x0000000083a00000| Untracked 
|  27|0x0000000083b00000, 0x0000000083bffff8, 0x0000000083c00000| 99%| O|  |TAMS 0x0000000083bffff8, 0x0000000083b00000| Untracked 
|  28|0x0000000083c00000, 0x0000000083cffff0, 0x0000000083d00000| 99%| O|  |TAMS 0x0000000083cffff0, 0x0000000083c00000| Untracked 
|  29|0x0000000083d00000, 0x0000000083dffff0, 0x0000000083e00000| 99%| O|  |TAMS 0x0000000083dffff0, 0x0000000083d00000| Untracked 
|  30|0x0000000083e00000, 0x0000000083efff38, 0x0000000083f00000| 99%| O|  |TAMS 0x0000000083efff38, 0x0000000083e00000| Untracked 
|  31|0x0000000083f00000, 0x0000000083ffffe8, 0x0000000084000000| 99%| O|  |TAMS 0x0000000083ffffe8, 0x0000000083f00000| Untracked 
|  32|0x0000000084000000, 0x00000000840fffa8, 0x0000000084100000| 99%| O|  |TAMS 0x00000000840fffa8, 0x0000000084000000| Untracked 
|  33|0x0000000084100000, 0x0000000084200000, 0x0000000084200000|100%| O|  |TAMS 0x0000000084200000, 0x0000000084100000| Untracked 
|  34|0x0000000084200000, 0x00000000842fa0a0, 0x0000000084300000| 97%| O|  |TAMS 0x00000000842fa0a0, 0x0000000084200000| Untracked 
|  35|0x0000000084300000, 0x0000000084400000, 0x0000000084400000|100%| O|  |TAMS 0x0000000084400000, 0x0000000084300000| Untracked 
|  36|0x0000000084400000, 0x0000000084500000, 0x0000000084500000|100%| O|  |TAMS 0x0000000084500000, 0x0000000084400000| Untracked 
|  37|0x0000000084500000, 0x0000000084579be0, 0x0000000084600000| 47%| O|  |TAMS 0x0000000084579be0, 0x0000000084500000| Untracked 
|  38|0x0000000084600000, 0x00000000846fffe0, 0x0000000084700000| 99%| O|  |TAMS 0x00000000846fffe0, 0x0000000084600000| Untracked 
|  39|0x0000000084700000, 0x000000008475b5d0, 0x0000000084800000| 35%| O|  |TAMS 0x000000008475b5d0, 0x0000000084700000| Untracked 
|  40|0x0000000084800000, 0x0000000084900000, 0x0000000084900000|100%| O|  |TAMS 0x0000000084900000, 0x0000000084800000| Untracked 
|  41|0x0000000084900000, 0x0000000084955000, 0x0000000084a00000| 33%| O|  |TAMS 0x0000000084955000, 0x0000000084900000| Untracked 
|  42|0x0000000084a00000, 0x0000000084b00000, 0x0000000084b00000|100%|HS|  |TAMS 0x0000000084a00000, 0x0000000084a00000| Complete 
|  43|0x0000000084b00000, 0x0000000084b00000, 0x0000000084c00000|  0%| F|  |TAMS 0x0000000084b00000, 0x0000000084b00000| Untracked 
|  44|0x0000000084c00000, 0x0000000084c00000, 0x0000000084d00000|  0%| F|  |TAMS 0x0000000084c00000, 0x0000000084c00000| Untracked 
|  45|0x0000000084d00000, 0x0000000084d00000, 0x0000000084e00000|  0%| F|  |TAMS 0x0000000084d00000, 0x0000000084d00000| Untracked 
|  46|0x0000000084e00000, 0x0000000084e00000, 0x0000000084f00000|  0%| F|  |TAMS 0x0000000084e00000, 0x0000000084e00000| Untracked 
|  47|0x0000000084f00000, 0x0000000084f00000, 0x0000000085000000|  0%| F|  |TAMS 0x0000000084f00000, 0x0000000084f00000| Untracked 
|  48|0x0000000085000000, 0x0000000085000000, 0x0000000085100000|  0%| F|  |TAMS 0x0000000085000000, 0x0000000085000000| Untracked 
|  49|0x0000000085100000, 0x0000000085100000, 0x0000000085200000|  0%| F|  |TAMS 0x0000000085100000, 0x0000000085100000| Untracked 
|  50|0x0000000085200000, 0x0000000085200000, 0x0000000085300000|  0%| F|  |TAMS 0x0000000085200000, 0x0000000085200000| Untracked 
|  51|0x0000000085300000, 0x0000000085300000, 0x0000000085400000|  0%| F|  |TAMS 0x0000000085300000, 0x0000000085300000| Untracked 
|  52|0x0000000085400000, 0x0000000085400000, 0x0000000085500000|  0%| F|  |TAMS 0x0000000085400000, 0x0000000085400000| Untracked 
|  53|0x0000000085500000, 0x0000000085500000, 0x0000000085600000|  0%| F|  |TAMS 0x0000000085500000, 0x0000000085500000| Untracked 
|  54|0x0000000085600000, 0x0000000085600000, 0x0000000085700000|  0%| F|  |TAMS 0x0000000085600000, 0x0000000085600000| Untracked 
|  55|0x0000000085700000, 0x0000000085700000, 0x0000000085800000|  0%| F|  |TAMS 0x0000000085700000, 0x0000000085700000| Untracked 
|  56|0x0000000085800000, 0x0000000085800000, 0x0000000085900000|  0%| F|  |TAMS 0x0000000085800000, 0x0000000085800000| Untracked 
|  57|0x0000000085900000, 0x0000000085900000, 0x0000000085a00000|  0%| F|  |TAMS 0x0000000085900000, 0x0000000085900000| Untracked 
|  58|0x0000000085a00000, 0x0000000085a49d60, 0x0000000085b00000| 28%| O|  |TAMS 0x0000000085a49d60, 0x0000000085a00000| Untracked 
|  59|0x0000000085b00000, 0x0000000085b00000, 0x0000000085c00000|  0%| F|  |TAMS 0x0000000085b00000, 0x0000000085b00000| Untracked 
|  60|0x0000000085c00000, 0x0000000085c00000, 0x0000000085d00000|  0%| F|  |TAMS 0x0000000085c00000, 0x0000000085c00000| Untracked 
|  61|0x0000000085d00000, 0x0000000085d00000, 0x0000000085e00000|  0%| F|  |TAMS 0x0000000085d00000, 0x0000000085d00000| Untracked 
|  62|0x0000000085e00000, 0x0000000085e00000, 0x0000000085f00000|  0%| F|  |TAMS 0x0000000085e00000, 0x0000000085e00000| Untracked 
|  63|0x0000000085f00000, 0x0000000085fda370, 0x0000000086000000| 85%| E|  |TAMS 0x0000000085f00000, 0x0000000085f00000| Complete 
|  64|0x0000000086000000, 0x00000000860f3510, 0x0000000086100000| 95%| S|CS|TAMS 0x0000000086000000, 0x0000000086000000| Complete 
|  65|0x0000000086100000, 0x0000000086200000, 0x0000000086200000|100%| S|CS|TAMS 0x0000000086100000, 0x0000000086100000| Complete 
|  66|0x0000000086200000, 0x0000000086300000, 0x0000000086300000|100%| S|CS|TAMS 0x0000000086200000, 0x0000000086200000| Complete 
|  67|0x0000000086300000, 0x0000000086400000, 0x0000000086400000|100%| E|CS|TAMS 0x0000000086300000, 0x0000000086300000| Complete 
|  68|0x0000000086400000, 0x0000000086500000, 0x0000000086500000|100%| E|CS|TAMS 0x0000000086400000, 0x0000000086400000| Complete 
|  69|0x0000000086500000, 0x0000000086600000, 0x0000000086600000|100%| E|CS|TAMS 0x0000000086500000, 0x0000000086500000| Complete 
|  70|0x0000000086600000, 0x0000000086700000, 0x0000000086700000|100%| E|CS|TAMS 0x0000000086600000, 0x0000000086600000| Complete 
|  71|0x0000000086700000, 0x0000000086800000, 0x0000000086800000|100%| E|CS|TAMS 0x0000000086700000, 0x0000000086700000| Complete 
|  72|0x0000000086800000, 0x0000000086900000, 0x0000000086900000|100%| E|CS|TAMS 0x0000000086800000, 0x0000000086800000| Complete 
|  73|0x0000000086900000, 0x0000000086a00000, 0x0000000086a00000|100%| E|CS|TAMS 0x0000000086900000, 0x0000000086900000| Complete 
|  74|0x0000000086a00000, 0x0000000086b00000, 0x0000000086b00000|100%| E|CS|TAMS 0x0000000086a00000, 0x0000000086a00000| Complete 
|  75|0x0000000086b00000, 0x0000000086c00000, 0x0000000086c00000|100%| E|CS|TAMS 0x0000000086b00000, 0x0000000086b00000| Complete 
|  76|0x0000000086c00000, 0x0000000086d00000, 0x0000000086d00000|100%| E|CS|TAMS 0x0000000086c00000, 0x0000000086c00000| Complete 
| 100|0x0000000088400000, 0x0000000088500000, 0x0000000088500000|100%| E|CS|TAMS 0x0000000088400000, 0x0000000088400000| Complete 
| 101|0x0000000088500000, 0x0000000088600000, 0x0000000088600000|100%| E|CS|TAMS 0x0000000088500000, 0x0000000088500000| Complete 
| 102|0x0000000088600000, 0x0000000088700000, 0x0000000088700000|100%| E|CS|TAMS 0x0000000088600000, 0x0000000088600000| Complete 
| 103|0x0000000088700000, 0x0000000088800000, 0x0000000088800000|100%| E|CS|TAMS 0x0000000088700000, 0x0000000088700000| Complete 
| 125|0x0000000089d00000, 0x0000000089e00000, 0x0000000089e00000|100%| E|CS|TAMS 0x0000000089d00000, 0x0000000089d00000| Complete 

Card table byte_map: [0x0000020d7be50000,0x0000020d7c240000] _byte_map_base: 0x0000020d7ba40000

Marking Bits (Prev, Next): (CMBitMap*) 0x0000020d694058d0, (CMBitMap*) 0x0000020d69405890
 Prev Bits: [0x0000020d00000000, 0x0000020d01f80000)
 Next Bits: [0x0000020d7c630000, 0x0000020d7e5b0000)

Polling page: 0x0000020d671c0000

Metaspace:

Usage:
  Non-class:     43.02 MB used.
      Class:      5.81 MB used.
       Both:     48.83 MB used.

Virtual space:
  Non-class space:       64.00 MB reserved,      43.31 MB ( 68%) committed,  1 nodes.
      Class space:        1.00 GB reserved,       6.12 MB ( <1%) committed,  1 nodes.
             Both:        1.06 GB reserved,      49.44 MB (  5%) committed. 

Chunk freelists:
   Non-Class:  3.89 MB
       Class:  9.80 MB
        Both:  13.68 MB

MaxMetaspaceSize: unlimited
CompressedClassSpaceSize: 1.00 GB
Initial GC threshold: 21.00 MB
Current GC threshold: 81.56 MB
CDS: off
MetaspaceReclaimPolicy: balanced
 - commit_granule_bytes: 65536.
 - commit_granule_words: 8192.
 - virtual_space_node_default_size: 8388608.
 - enlarge_chunks_in_place: 1.
 - new_chunks_are_fully_committed: 0.
 - uncommit_free_chunks: 1.
 - use_allocation_guard: 0.
 - handle_deallocations: 1.


Internal statistics:

num_allocs_failed_limit: 9.
num_arena_births: 812.
num_arena_deaths: 0.
num_vsnodes_births: 2.
num_vsnodes_deaths: 0.
num_space_committed: 791.
num_space_uncommitted: 0.
num_chunks_returned_to_freelist: 9.
num_chunks_taken_from_freelist: 2404.
num_chunk_merges: 6.
num_chunk_splits: 1543.
num_chunks_enlarged: 1012.
num_inconsistent_stats: 0.

CodeHeap 'non-profiled nmethods': size=120000Kb used=6357Kb max_used=6690Kb free=113642Kb
 bounds [0x0000020d74530000, 0x0000020d74bc0000, 0x0000020d7ba60000]
CodeHeap 'profiled nmethods': size=120000Kb used=12416Kb max_used=14785Kb free=107583Kb
 bounds [0x0000020d6ca60000, 0x0000020d6d8e0000, 0x0000020d73f90000]
CodeHeap 'non-nmethods': size=5760Kb used=1254Kb max_used=1368Kb free=4505Kb
 bounds [0x0000020d73f90000, 0x0000020d74200000, 0x0000020d74530000]
 total_blobs=7035 nmethods=6465 adapters=482
 compilation: enabled
              stopped_count=0, restarted_count=0
 full_count=0

Compilation events (20 events):
Event: 939.394 Thread 0x0000020d08121be0 nmethod 8038 0x0000020d74583210 code [0x0000020d745833a0, 0x0000020d74583478]
Event: 939.395 Thread 0x0000020d08120f30 nmethod 8036 0x0000020d74582a90 code [0x0000020d74582c20, 0x0000020d74582dd8]
Event: 946.173 Thread 0x0000020d08121be0 8039       3       java.nio.MappedByteBuffer::position (8 bytes)
Event: 946.174 Thread 0x0000020d08121be0 nmethod 8039 0x0000020d6ce56410 code [0x0000020d6ce565c0, 0x0000020d6ce56768]
Event: 946.174 Thread 0x0000020d08121be0 8040       3       org.apache.tomcat.util.buf.MessageBytes::recycle (35 bytes)
Event: 946.174 Thread 0x0000020d08121be0 nmethod 8040 0x0000020d6ce33690 code [0x0000020d6ce33840, 0x0000020d6ce33b98]
Event: 946.174 Thread 0x0000020d08121be0 8041       3       org.apache.tomcat.util.buf.ByteChunk::recycle (10 bytes)
Event: 946.174 Thread 0x0000020d08121be0 nmethod 8041 0x0000020d6cf27310 code [0x0000020d6cf274a0, 0x0000020d6cf27658]
Event: 1002.801 Thread 0x0000020d08121be0 8042   !   3       org.apache.catalina.core.StandardContext::getLoader (38 bytes)
Event: 1002.802 Thread 0x0000020d08121be0 nmethod 8042 0x0000020d6cfe4a90 code [0x0000020d6cfe4ca0, 0x0000020d6cfe5368]
Event: 1038.445 Thread 0x0000020d08120f30 8043       4       java.util.HashMap::removeNode (291 bytes)
Event: 1038.446 Thread 0x0000020d08121be0 8044       3       sun.util.logging.internal.LoggingProviderImpl$JULWrapper::isLoggable (12 bytes)
Event: 1038.447 Thread 0x0000020d08121be0 nmethod 8044 0x0000020d6ca9a210 code [0x0000020d6ca9a3c0, 0x0000020d6ca9a6a8]
Event: 1038.447 Thread 0x0000020d08121be0 8045       3       sun.util.logging.internal.LoggingProviderImpl$JULWrapper::toJUL (40 bytes)
Event: 1038.447 Thread 0x0000020d08121be0 nmethod 8045 0x0000020d6cd26390 code [0x0000020d6cd26540, 0x0000020d6cd266f8]
Event: 1038.447 Thread 0x0000020d08121be0 8046       3       java.util.concurrent.ConcurrentHashMap$BaseIterator::remove (37 bytes)
Event: 1038.447 Thread 0x0000020d08121be0 nmethod 8046 0x0000020d6cf02990 code [0x0000020d6cf02b60, 0x0000020d6cf02df8]
Event: 1038.451 Thread 0x0000020d08121be0 8047       3       org.apache.tomcat.util.compat.JreCompat::isGraalAvailable (4 bytes)
Event: 1038.451 Thread 0x0000020d08121be0 nmethod 8047 0x0000020d6cc60790 code [0x0000020d6cc60920, 0x0000020d6cc60a18]
Event: 1038.467 Thread 0x0000020d08120f30 nmethod 8043 0x0000020d7479a510 code [0x0000020d7479a6c0, 0x0000020d7479b268]

GC Heap History (20 events):
Event: 793.421 GC heap before
{Heap before GC invocations=50 (full 5):
 garbage-first heap   total 73728K, used 42288K [0x0000000082000000, 0x0000000100000000)
  region size 1024K, 4 young (4096K), 1 survivors (1024K)
 Metaspace       used 49414K, committed 49984K, reserved 1114112K
  class space    used 5891K, committed 6208K, reserved 1048576K
}
Event: 793.424 GC heap after
{Heap after GC invocations=51 (full 5):
 garbage-first heap   total 73728K, used 41496K [0x0000000082000000, 0x0000000100000000)
  region size 1024K, 3 young (3072K), 3 survivors (3072K)
 Metaspace       used 49414K, committed 49984K, reserved 1114112K
  class space    used 5891K, committed 6208K, reserved 1048576K
}
Event: 797.204 GC heap before
{Heap before GC invocations=52 (full 5):
 garbage-first heap   total 75776K, used 53784K [0x0000000082000000, 0x0000000100000000)
  region size 1024K, 14 young (14336K), 3 survivors (3072K)
 Metaspace       used 49446K, committed 50048K, reserved 1114112K
  class space    used 5894K, committed 6208K, reserved 1048576K
}
Event: 797.210 GC heap after
{Heap after GC invocations=53 (full 5):
 garbage-first heap   total 75776K, used 40691K [0x0000000082000000, 0x0000000100000000)
  region size 1024K, 2 young (2048K), 2 survivors (2048K)
 Metaspace       used 49446K, committed 50048K, reserved 1114112K
  class space    used 5894K, committed 6208K, reserved 1048576K
}
Event: 908.002 GC heap before
{Heap before GC invocations=53 (full 5):
 garbage-first heap   total 75776K, used 44787K [0x0000000082000000, 0x0000000100000000)
  region size 1024K, 7 young (7168K), 2 survivors (2048K)
 Metaspace       used 49459K, committed 50112K, reserved 1114112K
  class space    used 5895K, committed 6208K, reserved 1048576K
}
Event: 908.090 GC heap after
{Heap after GC invocations=54 (full 6):
 garbage-first heap   total 75776K, used 37461K [0x0000000082000000, 0x0000000100000000)
  region size 1024K, 0 young (0K), 0 survivors (0K)
 Metaspace       used 49459K, committed 50112K, reserved 1114112K
  class space    used 5895K, committed 6208K, reserved 1048576K
}
Event: 909.809 GC heap before
{Heap before GC invocations=54 (full 6):
 garbage-first heap   total 75776K, used 53845K [0x0000000082000000, 0x0000000100000000)
  region size 1024K, 16 young (16384K), 0 survivors (0K)
 Metaspace       used 49503K, committed 50112K, reserved 1114112K
  class space    used 5896K, committed 6208K, reserved 1048576K
}
Event: 909.812 GC heap after
{Heap after GC invocations=55 (full 6):
 garbage-first heap   total 75776K, used 39565K [0x0000000082000000, 0x0000000100000000)
  region size 1024K, 2 young (2048K), 2 survivors (2048K)
 Metaspace       used 49503K, committed 50112K, reserved 1114112K
  class space    used 5896K, committed 6208K, reserved 1048576K
}
Event: 910.662 GC heap before
{Heap before GC invocations=56 (full 6):
 garbage-first heap   total 75776K, used 54925K [0x0000000082000000, 0x0000000100000000)
  region size 1024K, 17 young (17408K), 2 survivors (2048K)
 Metaspace       used 49507K, committed 50112K, reserved 1114112K
  class space    used 5896K, committed 6208K, reserved 1048576K
}
Event: 910.666 GC heap after
{Heap after GC invocations=57 (full 6):
 garbage-first heap   total 75776K, used 40074K [0x0000000082000000, 0x0000000100000000)
  region size 1024K, 2 young (2048K), 2 survivors (2048K)
 Metaspace       used 49507K, committed 50112K, reserved 1114112K
  class space    used 5896K, committed 6208K, reserved 1048576K
}
Event: 911.380 GC heap before
{Heap before GC invocations=57 (full 6):
 garbage-first heap   total 75776K, used 54410K [0x0000000082000000, 0x0000000100000000)
  region size 1024K, 17 young (17408K), 2 survivors (2048K)
 Metaspace       used 49517K, committed 50112K, reserved 1114112K
  class space    used 5896K, committed 6208K, reserved 1048576K
}
Event: 911.386 GC heap after
{Heap after GC invocations=58 (full 6):
 garbage-first heap   total 75776K, used 41890K [0x0000000082000000, 0x0000000100000000)
  region size 1024K, 3 young (3072K), 3 survivors (3072K)
 Metaspace       used 49517K, committed 50112K, reserved 1114112K
  class space    used 5896K, committed 6208K, reserved 1048576K
}
Event: 928.644 GC heap before
{Heap before GC invocations=59 (full 6):
 garbage-first heap   total 78848K, used 54178K [0x0000000082000000, 0x0000000100000000)
  region size 1024K, 15 young (15360K), 3 survivors (3072K)
 Metaspace       used 49544K, committed 50176K, reserved 1114112K
  class space    used 5897K, committed 6208K, reserved 1048576K
}
Event: 928.739 GC heap after
{Heap after GC invocations=60 (full 7):
 garbage-first heap   total 78848K, used 40012K [0x0000000082000000, 0x0000000100000000)
  region size 1024K, 0 young (0K), 0 survivors (0K)
 Metaspace       used 49544K, committed 50176K, reserved 1114112K
  class space    used 5897K, committed 6208K, reserved 1048576K
}
Event: 930.659 GC heap before
{Heap before GC invocations=60 (full 7):
 garbage-first heap   total 78848K, used 58444K [0x0000000082000000, 0x0000000100000000)
  region size 1024K, 18 young (18432K), 0 survivors (0K)
 Metaspace       used 49607K, committed 50176K, reserved 1114112K
  class space    used 5901K, committed 6208K, reserved 1048576K
}
Event: 930.662 GC heap after
{Heap after GC invocations=61 (full 7):
 garbage-first heap   total 78848K, used 42459K [0x0000000082000000, 0x0000000100000000)
  region size 1024K, 3 young (3072K), 3 survivors (3072K)
 Metaspace       used 49607K, committed 50176K, reserved 1114112K
  class space    used 5901K, committed 6208K, reserved 1048576K
}
Event: 931.523 GC heap before
{Heap before GC invocations=62 (full 7):
 garbage-first heap   total 80896K, used 58843K [0x0000000082000000, 0x0000000100000000)
  region size 1024K, 19 young (19456K), 3 survivors (3072K)
 Metaspace       used 49638K, committed 50240K, reserved 1114112K
  class space    used 5906K, committed 6208K, reserved 1048576K
}
Event: 931.528 GC heap after
{Heap after GC invocations=63 (full 7):
 garbage-first heap   total 80896K, used 42936K [0x0000000082000000, 0x0000000100000000)
  region size 1024K, 2 young (2048K), 2 survivors (2048K)
 Metaspace       used 49638K, committed 50240K, reserved 1114112K
  class space    used 5906K, committed 6208K, reserved 1048576K
}
Event: 931.954 GC heap before
{Heap before GC invocations=63 (full 7):
 garbage-first heap   total 80896K, used 54200K [0x0000000082000000, 0x0000000100000000)
  region size 1024K, 14 young (14336K), 2 survivors (2048K)
 Metaspace       used 49676K, committed 50240K, reserved 1114112K
  class space    used 5910K, committed 6208K, reserved 1048576K
}
Event: 931.958 GC heap after
{Heap after GC invocations=64 (full 7):
 garbage-first heap   total 80896K, used 44397K [0x0000000082000000, 0x0000000100000000)
  region size 1024K, 3 young (3072K), 3 survivors (3072K)
 Metaspace       used 49676K, committed 50240K, reserved 1114112K
  class space    used 5910K, committed 6208K, reserved 1048576K
}

Dll operation events (8 events):
Event: 0.039 Loaded shared library C:\sts-4.19.1.RELEASE\plugins\org.eclipse.justj.openjdk.hotspot.jre.full.win32.x86_64_17.0.7.v20230425-1502\jre\bin\java.dll
Event: 0.611 Loaded shared library C:\sts-4.19.1.RELEASE\plugins\org.eclipse.justj.openjdk.hotspot.jre.full.win32.x86_64_17.0.7.v20230425-1502\jre\bin\net.dll
Event: 0.614 Loaded shared library C:\sts-4.19.1.RELEASE\plugins\org.eclipse.justj.openjdk.hotspot.jre.full.win32.x86_64_17.0.7.v20230425-1502\jre\bin\nio.dll
Event: 0.631 Loaded shared library C:\sts-4.19.1.RELEASE\plugins\org.eclipse.justj.openjdk.hotspot.jre.full.win32.x86_64_17.0.7.v20230425-1502\jre\bin\zip.dll
Event: 0.964 Loaded shared library C:\sts-4.19.1.RELEASE\plugins\org.eclipse.justj.openjdk.hotspot.jre.full.win32.x86_64_17.0.7.v20230425-1502\jre\bin\jimage.dll
Event: 2.536 Loaded shared library C:\sts-4.19.1.RELEASE\plugins\org.eclipse.justj.openjdk.hotspot.jre.full.win32.x86_64_17.0.7.v20230425-1502\jre\bin\management.dll
Event: 2.547 Loaded shared library C:\sts-4.19.1.RELEASE\plugins\org.eclipse.justj.openjdk.hotspot.jre.full.win32.x86_64_17.0.7.v20230425-1502\jre\bin\management_ext.dll
Event: 6.692 Loaded shared library C:\sts-4.19.1.RELEASE\plugins\org.eclipse.justj.openjdk.hotspot.jre.full.win32.x86_64_17.0.7.v20230425-1502\jre\bin\sunmscapi.dll

Deoptimization events (20 events):
Event: 932.110 Thread 0x0000020d082996f0 Uncommon trap: trap_request=0xffffffbe fr.pc=0x0000020d7478d8a0 relative=0x0000000000000560
Event: 932.110 Thread 0x0000020d082996f0 Uncommon trap: reason=profile_predicate action=maybe_recompile pc=0x0000020d7478d8a0 method=org.springframework.util.ReflectionUtils.doWithLocalFields(Ljava/lang/Class;Lorg/springframework/util/ReflectionUtils$FieldCallback;)V @ 14 c2
Event: 932.110 Thread 0x0000020d082996f0 DEOPT PACKING pc=0x0000020d7478d8a0 sp=0x000000969b2fca90
Event: 932.110 Thread 0x0000020d082996f0 DEOPT UNPACKING pc=0x0000020d73fe69a3 sp=0x000000969b2fca30 mode 2
Event: 932.149 Thread 0x0000020d082996f0 Uncommon trap: trap_request=0xffffffcc fr.pc=0x0000020d74716544 relative=0x0000000000000484
Event: 932.149 Thread 0x0000020d082996f0 Uncommon trap: reason=intrinsic_or_type_checked_inlining action=make_not_entrant pc=0x0000020d74716544 method=java.util.stream.SpinedBuffer.copyInto([Ljava/lang/Object;I)V @ 51 c2
Event: 932.149 Thread 0x0000020d082996f0 DEOPT PACKING pc=0x0000020d74716544 sp=0x000000969b2fafa0
Event: 932.149 Thread 0x0000020d082996f0 DEOPT UNPACKING pc=0x0000020d73fe69a3 sp=0x000000969b2fae70 mode 2
Event: 939.378 Thread 0x0000020d0829aa30 Uncommon trap: trap_request=0xffffff45 fr.pc=0x0000020d74993db0 relative=0x00000000000005b0
Event: 939.378 Thread 0x0000020d0829aa30 Uncommon trap: reason=unstable_if action=reinterpret pc=0x0000020d74993db0 method=java.util.Properties.load0(Ljava/util/Properties$LineReader;)V @ 79 c2
Event: 939.378 Thread 0x0000020d0829aa30 DEOPT PACKING pc=0x0000020d74993db0 sp=0x000000969bdfce70
Event: 939.378 Thread 0x0000020d0829aa30 DEOPT UNPACKING pc=0x0000020d73fe69a3 sp=0x000000969bdfce18 mode 2
Event: 940.155 Thread 0x0000020d0b2ea200 Uncommon trap: trap_request=0xffffffc6 fr.pc=0x0000020d745bd258 relative=0x00000000000010b8
Event: 940.155 Thread 0x0000020d0b2ea200 Uncommon trap: reason=bimorphic_or_optimized_type_check action=maybe_recompile pc=0x0000020d745bd258 method=java.util.HashMap.removeNode(ILjava/lang/Object;Ljava/lang/Object;ZZ)Ljava/util/HashMap$Node; @ 68 c2
Event: 940.155 Thread 0x0000020d0b2ea200 DEOPT PACKING pc=0x0000020d745bd258 sp=0x000000969dbfebb0
Event: 940.155 Thread 0x0000020d0b2ea200 DEOPT UNPACKING pc=0x0000020d73fe69a3 sp=0x000000969dbfeb48 mode 2
Event: 947.173 Thread 0x0000020d0b2ea200 Uncommon trap: trap_request=0xffffffc6 fr.pc=0x0000020d745bd258 relative=0x00000000000010b8
Event: 947.173 Thread 0x0000020d0b2ea200 Uncommon trap: reason=bimorphic_or_optimized_type_check action=maybe_recompile pc=0x0000020d745bd258 method=java.util.HashMap.removeNode(ILjava/lang/Object;Ljava/lang/Object;ZZ)Ljava/util/HashMap$Node; @ 68 c2
Event: 947.173 Thread 0x0000020d0b2ea200 DEOPT PACKING pc=0x0000020d745bd258 sp=0x000000969dbfebb0
Event: 947.173 Thread 0x0000020d0b2ea200 DEOPT UNPACKING pc=0x0000020d73fe69a3 sp=0x000000969dbfeb48 mode 2

Classes unloaded (0 events):
No events

Classes redefined (0 events):
No events

Internal exceptions (20 events):
Event: 929.373 Thread 0x0000020d082996f0 Exception <a 'java/net/ConnectException'{0x0000000086743b30}: Connection refused: no further information> (0x0000000086743b30) 
thrown [s\src\hotspot\share\prims\jni.cpp, line 535]
Event: 929.373 Thread 0x0000020d082996f0 Exception <a 'java/net/SocketException'{0x0000000086744110}: Socket is not connected: shutdown> (0x0000000086744110) 
thrown [s\src\hotspot\share\prims\jni.cpp, line 535]
Event: 929.377 Thread 0x0000020d082996f0 Exception <a 'java/net/ConnectException'{0x0000000086749118}: Connection refused: no further information> (0x0000000086749118) 
thrown [s\src\hotspot\share\prims\jni.cpp, line 535]
Event: 929.377 Thread 0x0000020d082996f0 Exception <a 'java/net/SocketException'{0x00000000867496f8}: Socket is not connected: shutdown> (0x00000000867496f8) 
thrown [s\src\hotspot\share\prims\jni.cpp, line 535]
Event: 930.149 Thread 0x0000020d0829c710 Exception <a 'java/net/UnknownHostException'{0x00000000867a99a0}> (0x00000000867a99a0) 
thrown [s\src\hotspot\share\prims\jni.cpp, line 516]
Event: 930.194 Thread 0x0000020d082996f0 Exception <a 'sun/nio/fs/WindowsException'{0x000000008650da28}> (0x000000008650da28) 
thrown [s\src\hotspot\share\prims\jni.cpp, line 516]
Event: 931.680 Thread 0x0000020d082996f0 Exception <a 'java/lang/NoClassDefFoundError'{0x000000008859f868}: org/flywaydb/core/Flyway> (0x000000008859f868) 
thrown [s\src\hotspot\share\oops\constantPool.cpp, line 835]
Event: 931.680 Thread 0x0000020d082996f0 Exception <a 'java/lang/NoClassDefFoundError'{0x000000008859feb8}: liquibase/integration/spring/SpringLiquibase> (0x000000008859feb8) 
thrown [s\src\hotspot\share\oops\constantPool.cpp, line 835]
Event: 931.787 Thread 0x0000020d082996f0 Exception <a 'sun/nio/fs/WindowsException'{0x000000008644e698}> (0x000000008644e698) 
thrown [s\src\hotspot\share\prims\jni.cpp, line 516]
Event: 931.810 Thread 0x0000020d082996f0 Exception <a 'sun/nio/fs/WindowsException'{0x000000008644eca0}> (0x000000008644eca0) 
thrown [s\src\hotspot\share\prims\jni.cpp, line 516]
Event: 931.810 Thread 0x0000020d082996f0 Exception <a 'sun/nio/fs/WindowsException'{0x000000008644f378}> (0x000000008644f378) 
thrown [s\src\hotspot\share\prims\jni.cpp, line 516]
Event: 931.852 Thread 0x0000020d082996f0 Exception <a 'java/io/FileNotFoundException'{0x0000000086475a80}> (0x0000000086475a80) 
thrown [s\src\hotspot\share\prims\jni.cpp, line 516]
Event: 932.140 Thread 0x0000020d082996f0 Exception <a 'java/io/FileNotFoundException'{0x00000000887c55c8}> (0x00000000887c55c8) 
thrown [s\src\hotspot\share\prims\jni.cpp, line 516]
Event: 932.315 Thread 0x0000020d082996f0 Exception <a 'sun/nio/fs/WindowsException'{0x00000000885e72a0}> (0x00000000885e72a0) 
thrown [s\src\hotspot\share\prims\jni.cpp, line 516]
Event: 932.487 Thread 0x0000020d082996f0 Exception <a 'java/net/BindException'{0x0000000086a8c828}: Address already in use: bind> (0x0000000086a8c828) 
thrown [s\src\hotspot\share\prims\jni.cpp, line 535]
Event: 932.487 Thread 0x0000020d082996f0 Exception <a 'java/net/SocketException'{0x0000000086a8ce08}: Socket is not connected: shutdown> (0x0000000086a8ce08) 
thrown [s\src\hotspot\share\prims\jni.cpp, line 535]
Event: 939.184 Thread 0x0000020d0829aa30 Exception <a 'java/net/ConnectException'{0x000000008666b3e0}: Connection refused: connect> (0x000000008666b3e0) 
thrown [s\src\hotspot\share\prims\jni.cpp, line 535]
Event: 939.184 Thread 0x0000020d0829aa30 Exception <a 'java/net/SocketException'{0x000000008666bc68}: Socket is not connected: shutdown> (0x000000008666bc68) 
thrown [s\src\hotspot\share\prims\jni.cpp, line 535]
Event: 939.185 Thread 0x0000020d0829aa30 Exception <a 'java/lang/reflect/InvocationTargetException'{0x000000008666caa0}> (0x000000008666caa0) 
thrown [s\src\hotspot\share\runtime\reflection.cpp, line 1121]
Event: 1038.571 Thread 0x0000020d0829c710 Exception <a 'java/lang/InterruptedException'{0x0000000085faeb48}: sleep interrupted> (0x0000000085faeb48) 
thrown [s\src\hotspot\share\prims\jvm.cpp, line 3070]

VM Operations (20 events):
Event: 931.996 Executing VM operation: HandshakeAllThreads done
Event: 932.033 Executing VM operation: HandshakeAllThreads
Event: 932.057 Executing VM operation: HandshakeAllThreads done
Event: 932.154 Executing VM operation: G1Concurrent
Event: 932.191 Executing VM operation: G1Concurrent done
Event: 932.282 Executing VM operation: G1Concurrent
Event: 932.285 Executing VM operation: G1Concurrent done
Event: 933.286 Executing VM operation: Cleanup
Event: 933.286 Executing VM operation: Cleanup done
Event: 935.287 Executing VM operation: Cleanup
Event: 935.378 Executing VM operation: Cleanup done
Event: 939.299 Executing VM operation: HandshakeAllThreads
Event: 939.299 Executing VM operation: HandshakeAllThreads done
Event: 939.299 Executing VM operation: Cleanup
Event: 939.299 Executing VM operation: Cleanup done
Event: 941.300 Executing VM operation: Cleanup
Event: 941.300 Executing VM operation: Cleanup done
Event: 1035.400 Executing VM operation: Cleanup
Event: 1035.400 Executing VM operation: Cleanup done
Event: 1038.571 Executing VM operation: G1CollectFull

Events (20 events):
Event: 939.268 loading class java/lang/Throwable$WrappedPrintWriter done
Event: 996.226 Thread 0x0000020d0829a090 Thread exited: 0x0000020d0829a090
Event: 1034.978 Thread 0x0000020d0b2e3350 Thread added: 0x0000020d0b2e3350
Event: 1034.978 Thread 0x0000020d0829cbe0 Thread exited: 0x0000020d0829cbe0
Event: 1035.053 Thread 0x0000020d0b2e3820 Thread added: 0x0000020d0b2e3820
Event: 1038.442 Thread 0x0000020d0b2e3820 Thread exited: 0x0000020d0b2e3820
Event: 1038.443 Thread 0x0000020d0b2e2e80 Thread exited: 0x0000020d0b2e2e80
Event: 1038.443 Thread 0x0000020d0b2ea200 Thread exited: 0x0000020d0b2ea200
Event: 1038.443 Thread 0x0000020d0b2e6d10 Thread exited: 0x0000020d0b2e6d10
Event: 1038.443 Thread 0x0000020d0b2e29b0 Thread exited: 0x0000020d0b2e29b0
Event: 1038.444 Thread 0x0000020d0b2e4b60 Thread exited: 0x0000020d0b2e4b60
Event: 1038.444 Thread 0x0000020d0b2e8ec0 Thread exited: 0x0000020d0b2e8ec0
Event: 1038.444 Thread 0x0000020d0829b3d0 Thread exited: 0x0000020d0829b3d0
Event: 1038.444 Thread 0x0000020d0b2e9d30 Thread exited: 0x0000020d0b2e9d30
Event: 1038.444 Thread 0x0000020d0b2e8050 Thread exited: 0x0000020d0b2e8050
Event: 1038.444 Thread 0x0000020d0b2e41c0 Thread exited: 0x0000020d0b2e41c0
Event: 1038.444 Thread 0x0000020d0829aa30 Thread exited: 0x0000020d0829aa30
Event: 1038.445 Thread 0x0000020d0b2e9860 Thread exited: 0x0000020d0b2e9860
Event: 1038.571 Thread 0x0000020d0829b8a0 Thread exited: 0x0000020d0829b8a0
Event: 1038.571 Thread 0x0000020d0829c710 Thread exited: 0x0000020d0829c710


Dynamic libraries:
0x00007ff627ce0000 - 0x00007ff627cee000 	C:\sts-4.19.1.RELEASE\plugins\org.eclipse.justj.openjdk.hotspot.jre.full.win32.x86_64_17.0.7.v20230425-1502\jre\bin\javaw.exe
0x00007ffbd42b0000 - 0x00007ffbd44a8000 	C:\WINDOWS\SYSTEM32\ntdll.dll
0x00007ffbd3450000 - 0x00007ffbd3512000 	C:\WINDOWS\System32\KERNEL32.DLL
0x00007ffbd1d60000 - 0x00007ffbd2056000 	C:\WINDOWS\System32\KERNELBASE.dll
0x00007ffbd21e0000 - 0x00007ffbd22e0000 	C:\WINDOWS\System32\ucrtbase.dll
0x00007ffbc4820000 - 0x00007ffbc4837000 	C:\sts-4.19.1.RELEASE\plugins\org.eclipse.justj.openjdk.hotspot.jre.full.win32.x86_64_17.0.7.v20230425-1502\jre\bin\jli.dll
0x00007ffbd3d40000 - 0x00007ffbd3edd000 	C:\WINDOWS\System32\USER32.dll
0x00007ffbd1c70000 - 0x00007ffbd1c92000 	C:\WINDOWS\System32\win32u.dll
0x00007ffbd4160000 - 0x00007ffbd418b000 	C:\WINDOWS\System32\GDI32.dll
0x00007ffbd19f0000 - 0x00007ffbd1b0a000 	C:\WINDOWS\System32\gdi32full.dll
0x00007ffbd1950000 - 0x00007ffbd19ed000 	C:\WINDOWS\System32\msvcp_win.dll
0x00007ffbcc860000 - 0x00007ffbcc879000 	C:\sts-4.19.1.RELEASE\plugins\org.eclipse.justj.openjdk.hotspot.jre.full.win32.x86_64_17.0.7.v20230425-1502\jre\bin\VCRUNTIME140.dll
0x00007ffbd0c90000 - 0x00007ffbd0f2a000 	C:\WINDOWS\WinSxS\amd64_microsoft.windows.common-controls_6595b64144ccf1df_6.0.19041.5794_none_60bcd33171f2783c\COMCTL32.dll
0x00007ffbd3520000 - 0x00007ffbd35be000 	C:\WINDOWS\System32\msvcrt.dll
0x00007ffbd2950000 - 0x00007ffbd297f000 	C:\WINDOWS\System32\IMM32.DLL
0x00007ffbcc850000 - 0x00007ffbcc85c000 	C:\sts-4.19.1.RELEASE\plugins\org.eclipse.justj.openjdk.hotspot.jre.full.win32.x86_64_17.0.7.v20230425-1502\jre\bin\vcruntime140_1.dll
0x00007ffbacc70000 - 0x00007ffbacd01000 	C:\sts-4.19.1.RELEASE\plugins\org.eclipse.justj.openjdk.hotspot.jre.full.win32.x86_64_17.0.7.v20230425-1502\jre\bin\msvcp140.dll
0x00007ffb94010000 - 0x00007ffb94c58000 	C:\sts-4.19.1.RELEASE\plugins\org.eclipse.justj.openjdk.hotspot.jre.full.win32.x86_64_17.0.7.v20230425-1502\jre\bin\server\jvm.dll
0x00007ffbd30e0000 - 0x00007ffbd318f000 	C:\WINDOWS\System32\ADVAPI32.dll
0x00007ffbd3ef0000 - 0x00007ffbd3f8f000 	C:\WINDOWS\System32\sechost.dll
0x00007ffbd2820000 - 0x00007ffbd2943000 	C:\WINDOWS\System32\RPCRT4.dll
0x00007ffbd1ca0000 - 0x00007ffbd1cc7000 	C:\WINDOWS\System32\bcrypt.dll
0x00007ffbb8ea0000 - 0x00007ffbb8ea9000 	C:\WINDOWS\SYSTEM32\WSOCK32.dll
0x00007ffbd3190000 - 0x00007ffbd31fb000 	C:\WINDOWS\System32\WS2_32.dll
0x00007ffba6b70000 - 0x00007ffba6b97000 	C:\WINDOWS\SYSTEM32\WINMM.dll
0x00007ffbcb630000 - 0x00007ffbcb63a000 	C:\WINDOWS\SYSTEM32\VERSION.dll
0x00007ffbcfa90000 - 0x00007ffbcfaa2000 	C:\WINDOWS\SYSTEM32\kernel.appcore.dll
0x00007ffbccc20000 - 0x00007ffbccc2a000 	C:\sts-4.19.1.RELEASE\plugins\org.eclipse.justj.openjdk.hotspot.jre.full.win32.x86_64_17.0.7.v20230425-1502\jre\bin\jimage.dll
0x00007ffbd1230000 - 0x00007ffbd1431000 	C:\WINDOWS\SYSTEM32\DBGHELP.DLL
0x00007ffbd1040000 - 0x00007ffbd1074000 	C:\WINDOWS\SYSTEM32\dbgcore.DLL
0x00007ffbd1cd0000 - 0x00007ffbd1d52000 	C:\WINDOWS\System32\bcryptPrimitives.dll
0x00007ffbc2ce0000 - 0x00007ffbc2d05000 	C:\sts-4.19.1.RELEASE\plugins\org.eclipse.justj.openjdk.hotspot.jre.full.win32.x86_64_17.0.7.v20230425-1502\jre\bin\java.dll
0x00007ffbc4520000 - 0x00007ffbc4538000 	C:\sts-4.19.1.RELEASE\plugins\org.eclipse.justj.openjdk.hotspot.jre.full.win32.x86_64_17.0.7.v20230425-1502\jre\bin\zip.dll
0x00007ffbd35c0000 - 0x00007ffbd3d2e000 	C:\WINDOWS\System32\SHELL32.dll
0x00007ffbcf030000 - 0x00007ffbcf7d3000 	C:\WINDOWS\SYSTEM32\windows.storage.dll
0x00007ffbd2d80000 - 0x00007ffbd30d3000 	C:\WINDOWS\System32\combase.dll
0x00007ffbd0b80000 - 0x00007ffbd0bab000 	C:\WINDOWS\SYSTEM32\Wldp.dll
0x00007ffbd2750000 - 0x00007ffbd281d000 	C:\WINDOWS\System32\OLEAUT32.dll
0x00007ffbd3200000 - 0x00007ffbd32ad000 	C:\WINDOWS\System32\SHCORE.dll
0x00007ffbd33f0000 - 0x00007ffbd3445000 	C:\WINDOWS\System32\shlwapi.dll
0x00007ffbd1880000 - 0x00007ffbd18a5000 	C:\WINDOWS\SYSTEM32\profapi.dll
0x00007ffbcc950000 - 0x00007ffbcc969000 	C:\sts-4.19.1.RELEASE\plugins\org.eclipse.justj.openjdk.hotspot.jre.full.win32.x86_64_17.0.7.v20230425-1502\jre\bin\net.dll
0x00007ffbc9900000 - 0x00007ffbc9a0a000 	C:\WINDOWS\SYSTEM32\WINHTTP.dll
0x00007ffbd08c0000 - 0x00007ffbd092c000 	C:\WINDOWS\system32\mswsock.dll
0x00007ffbc8ef0000 - 0x00007ffbc8f05000 	C:\sts-4.19.1.RELEASE\plugins\org.eclipse.justj.openjdk.hotspot.jre.full.win32.x86_64_17.0.7.v20230425-1502\jre\bin\nio.dll
0x00007ffbcc840000 - 0x00007ffbcc849000 	C:\sts-4.19.1.RELEASE\plugins\org.eclipse.justj.openjdk.hotspot.jre.full.win32.x86_64_17.0.7.v20230425-1502\jre\bin\management.dll
0x00007ffbc8b80000 - 0x00007ffbc8b8b000 	C:\sts-4.19.1.RELEASE\plugins\org.eclipse.justj.openjdk.hotspot.jre.full.win32.x86_64_17.0.7.v20230425-1502\jre\bin\management_ext.dll
0x00007ffbd4130000 - 0x00007ffbd4138000 	C:\WINDOWS\System32\PSAPI.DLL
0x00007ffbd0620000 - 0x00007ffbd06ea000 	C:\WINDOWS\SYSTEM32\DNSAPI.dll
0x00007ffbd05e0000 - 0x00007ffbd061b000 	C:\WINDOWS\SYSTEM32\IPHLPAPI.DLL
0x00007ffbd3d30000 - 0x00007ffbd3d38000 	C:\WINDOWS\System32\NSI.dll
0x0000000051fc0000 - 0x0000000051fe6000 	C:\Program Files\Bonjour\mdnsNSP.dll
0x00007ffbc8dc0000 - 0x00007ffbc8dca000 	C:\Windows\System32\rasadhlp.dll
0x00007ffbc93a0000 - 0x00007ffbc9420000 	C:\WINDOWS\System32\fwpuclnt.dll
0x00007ffbc98e0000 - 0x00007ffbc98f7000 	C:\WINDOWS\SYSTEM32\dhcpcsvc6.DLL
0x00007ffbc98c0000 - 0x00007ffbc98dd000 	C:\WINDOWS\SYSTEM32\dhcpcsvc.DLL
0x00007ffbcc830000 - 0x00007ffbcc83e000 	C:\sts-4.19.1.RELEASE\plugins\org.eclipse.justj.openjdk.hotspot.jre.full.win32.x86_64_17.0.7.v20230425-1502\jre\bin\sunmscapi.dll
0x00007ffbd1b10000 - 0x00007ffbd1c6d000 	C:\WINDOWS\System32\CRYPT32.dll
0x00007ffbd0c60000 - 0x00007ffbd0c87000 	C:\WINDOWS\SYSTEM32\ncrypt.dll
0x00007ffbd0c20000 - 0x00007ffbd0c5b000 	C:\WINDOWS\SYSTEM32\NTASN1.dll
0x00007ffbd15f0000 - 0x00007ffbd1608000 	C:\WINDOWS\SYSTEM32\CRYPTSP.dll
0x00007ffbd0280000 - 0x00007ffbd02b8000 	C:\WINDOWS\system32\rsaenh.dll
0x00007ffbd1840000 - 0x00007ffbd186e000 	C:\WINDOWS\SYSTEM32\USERENV.dll
0x00007ffbd0af0000 - 0x00007ffbd0afc000 	C:\WINDOWS\SYSTEM32\CRYPTBASE.dll
0x00007ffbc5900000 - 0x00007ffbc5907000 	C:\WINDOWS\system32\wshunix.dll

dbghelp: loaded successfully - version: 4.0.5 - missing functions: none
symbol engine: initialized successfully - sym options: 0x614 - pdb path: .;C:\sts-4.19.1.RELEASE\plugins\org.eclipse.justj.openjdk.hotspot.jre.full.win32.x86_64_17.0.7.v20230425-1502\jre\bin;C:\WINDOWS\SYSTEM32;C:\WINDOWS\WinSxS\amd64_microsoft.windows.common-controls_6595b64144ccf1df_6.0.19041.5794_none_60bcd33171f2783c;C:\sts-4.19.1.RELEASE\plugins\org.eclipse.justj.openjdk.hotspot.jre.full.win32.x86_64_17.0.7.v20230425-1502\jre\bin\server;C:\Program Files\Bonjour

VM Arguments:
jvm_args: -Dfile.encoding=UTF-8 -XX:+ShowCodeDetailsInExceptionMessages 
java_command: com.rahul.CurrencyConversion2025Application
java_class_path (initial): C:\Users\acer\Desktop\Rahul_Material\GL_Web_API_2024_1\New\GL_WEB_API_2024\Currency-Conversion-2025\target\classes;C:\Users\acer\.m2\repository\org\springframework\boot\spring-boot-starter-actuator\3.5.0\spring-boot-starter-actuator-3.5.0.jar;C:\Users\acer\.m2\repository\org\springframework\boot\spring-boot-starter\3.5.0\spring-boot-starter-3.5.0.jar;C:\Users\acer\.m2\repository\org\springframework\boot\spring-boot-starter-logging\3.5.0\spring-boot-starter-logging-3.5.0.jar;C:\Users\acer\.m2\repository\ch\qos\logback\logback-classic\1.5.18\logback-classic-1.5.18.jar;C:\Users\acer\.m2\repository\ch\qos\logback\logback-core\1.5.18\logback-core-1.5.18.jar;C:\Users\acer\.m2\repository\org\apache\logging\log4j\log4j-to-slf4j\2.24.3\log4j-to-slf4j-2.24.3.jar;C:\Users\acer\.m2\repository\org\apache\logging\log4j\log4j-api\2.24.3\log4j-api-2.24.3.jar;C:\Users\acer\.m2\repository\org\slf4j\jul-to-slf4j\2.0.17\jul-to-slf4j-2.0.17.jar;C:\Users\acer\.m2\repository\jakarta\annotation\jakarta.annotation-api\2.1.1\jakarta.annotation-api-2.1.1.jar;C:\Users\acer\.m2\repository\org\yaml\snakeyaml\2.4\snakeyaml-2.4.jar;C:\Users\acer\.m2\repository\org\springframework\boot\spring-boot-actuator-autoconfigure\3.5.0\spring-boot-actuator-autoconfigure-3.5.0.jar;C:\Users\acer\.m2\repository\org\springframework\boot\spring-boot-actuator\3.5.0\spring-boot-actuator-3.5.0.jar;C:\Users\acer\.m2\repository\com\fasterxml\jackson\datatype\jackson-datatype-jsr310\2.19.0\jackson-datatype-jsr310-2.19.0.jar;C:\Users\acer\.m2\repository\io\micrometer\micrometer-observation\1.15.0\micrometer-observation-1.15.0.jar;C:\Users\acer\.m2\repository\io\micrometer\micrometer-commons\1.15.0\micrometer-commons-1.15.0.jar;C:\Users\acer\.m2\repository\io\micrometer\micrometer-jakarta9\1.15.0\micrometer-jakarta9-1.15.0.jar;C:\Users\acer\.m2\repository\io\micrometer\micrometer-core\1.15.0\micrometer-core-1.15.0.jar;C:\Users\acer\.m2\repository\org\hdrhistogram\HdrHistogram\2.2.2\HdrHistogr
Launcher Type: SUN_STANDARD

[Global flags]
     intx CICompilerCount                          = 3                                         {product} {ergonomic}
     uint ConcGCThreads                            = 1                                         {product} {ergonomic}
     uint G1ConcRefinementThreads                  = 4                                         {product} {ergonomic}
   size_t G1HeapRegionSize                         = 1048576                                   {product} {ergonomic}
    uintx GCDrainStackTargetSize                   = 64                                        {product} {ergonomic}
   size_t InitialHeapSize                          = 132120576                                 {product} {ergonomic}
   size_t MarkStackSize                            = 4194304                                   {product} {ergonomic}
   size_t MaxHeapSize                              = 2113929216                                {product} {ergonomic}
   size_t MaxNewSize                               = 1267728384                                {product} {ergonomic}
   size_t MinHeapDeltaBytes                        = 1048576                                   {product} {ergonomic}
   size_t MinHeapSize                              = 8388608                                   {product} {ergonomic}
    uintx NonNMethodCodeHeapSize                   = 5832780                                {pd product} {ergonomic}
    uintx NonProfiledCodeHeapSize                  = 122912730                              {pd product} {ergonomic}
    uintx ProfiledCodeHeapSize                     = 122912730                              {pd product} {ergonomic}
    uintx ReservedCodeCacheSize                    = 251658240                              {pd product} {ergonomic}
     bool SegmentedCodeCache                       = true                                      {product} {ergonomic}
     bool ShowCodeDetailsInExceptionMessages       = true                                   {manageable} {command line}
   size_t SoftMaxHeapSize                          = 2113929216                             {manageable} {ergonomic}
     bool UseCompressedClassPointers               = true                           {product lp64_product} {ergonomic}
     bool UseCompressedOops                        = true                           {product lp64_product} {ergonomic}
     bool UseG1GC                                  = true                                      {product} {ergonomic}
     bool UseLargePagesIndividualAllocation        = false                                  {pd product} {ergonomic}

Logging:
Log output configuration:
 #0: stdout all=warning uptime,level,tags
 #1: stderr all=off uptime,level,tags

Environment Variables:
JAVA_HOME=C:\Program Files\Java\jdk-17
PATH=C:/sts-4.19.1.RELEASE//plugins/org.eclipse.justj.openjdk.hotspot.jre.full.win32.x86_64_17.0.7.v20230425-1502/jre/bin/server;C:/sts-4.19.1.RELEASE//plugins/org.eclipse.justj.openjdk.hotspot.jre.full.win32.x86_64_17.0.7.v20230425-1502/jre/bin;C:\Python311\Scripts\;C:\Python311\;C:\WINDOWS\system32;C:\WINDOWS;C:\WINDOWS\System32\Wbem;C:\WINDOWS\System32\WindowsPowerShell\v1.0\;C:\WINDOWS\System32\OpenSSH\;C:\Program Files\MySQL\MySQL Server 8.0\bin;C:\Program Files\nodejs\;C:\ProgramData\chocolatey\bin;C:\Program Files\Git\cmd;C:\Program Files\Docker\Docker\resources\bin;C:\Program Files (x86)\Google\Cloud SDK\google-cloud-sdk\bin;C:\Program Files\Kubernetes\Minikube;C:\msys64\mingw64\bin;C:\msys64\mingw32\bin;%JAVA_HOME%\bin;C:\MinGW\bin;C:\WINDOWS\system32;C:\WINDOWS;C:\WINDOWS\System32\Wbem;C:\WINDOWS\System32\WindowsPowerShell\v1.0\;C:\WINDOWS\System32\OpenSSH\;C:\Program Files\Java\jdk-17\bin;C:\Program Files\Java\jdk-17;C:\Program Files\MySQL\MySQL Shell 8.0\bin\;C:\Users\acer\AppData\Local\Microsoft\WindowsApps;C:\Users\acer\AppData\Roaming\npm;C:\Users\acer\AppData\Local\Programs\Microsoft VS Code\bin;C:\Program Files\Java\jdk-17;C:\Program Files\JetBrains\PyCharm Community Edition 2024.2.1\bin;;C:\Program Files (x86)\EShare\;C:\Users\acer\AppData\Local\GitHubDesktop\bin;;C:\sts-4.19.1.RELEASE;
USERNAME=RAHUL
OS=Windows_NT
PROCESSOR_IDENTIFIER=Intel64 Family 6 Model 78 Stepping 3, GenuineIntel
TMP=C:\Users\acer\AppData\Local\Temp
TEMP=C:\Users\acer\AppData\Local\Temp



---------------  S Y S T E M  ---------------

OS:
 Windows 10 , 64 bit Build 19041 (10.0.19041.5794)
OS uptime: 0 days 4:19 hours
Hyper-V role detected

CPU: total 4 (initial active 4) (2 cores per cpu, 2 threads per core) family 6 model 78 stepping 3 microcode 0xcc, cx8, cmov, fxsr, ht, mmx, 3dnowpref, sse, sse2, sse3, ssse3, sse4.1, sse4.2, popcnt, lzcnt, tsc, tscinvbit, avx, avx2, aes, erms, clmul, bmi1, bmi2, adx, fma, vzeroupper, clflush, clflushopt, hv

Memory: 4k page, system-wide physical 8060M (386M free)
TotalPageFile size 10108M (AvailPageFile size 8M)
current process WorkingSet (physical memory assigned to process): 250M, peak: 251M
current process commit charge ("private bytes"): 274M, peak: 275M

vm_info: OpenJDK 64-Bit Server VM (17.0.7+7) for windows-amd64 JRE (17.0.7+7), built on Apr 18 2023 22:10:42 by "temurin" with MS VC++ 16.7 (VS2019)

END.
