#
# There is insufficient memory for the Java Runtime Environment to continue.
# Native memory allocation (malloc) failed to allocate 1042416 bytes for Chunk::new
# Possible reasons:
#   The system is out of physical RAM or swap space
#   The process is running with CompressedOops enabled, and the Java Heap may be blocking the growth of the native heap
# Possible solutions:
#   Reduce memory load on the system
#   Increase physical memory or swap space
#   Check if swap backing store is full
#   Decrease Java heap size (-Xmx/-Xms)
#   Decrease number of Java threads
#   Decrease Java thread stack sizes (-Xss)
#   Set larger code cache with -XX:ReservedCodeCacheSize=
#   JVM is running with Unscaled Compressed Oops mode in which the Java heap is
#     placed in the first 4GB address space. The Java Heap base address is the
#     maximum limit for the native heap growth. Please use -XX:HeapBaseMinAddress
#     to set the Java Heap base and to place the Java Heap above 4GB virtual address.
# This output file may be truncated or incomplete.
#
#  Out of Memory Error (arena.cpp:189), pid=8992, tid=11248
#
# JRE version: OpenJDK Runtime Environment Temurin-17.0.7+7 (17.0.7+7) (build 17.0.7+7)
# Java VM: OpenJDK 64-Bit Server VM Temurin-17.0.7+7 (17.0.7+7, mixed mode, tiered, compressed oops, compressed class ptrs, g1 gc, windows-amd64)
# No core dump will be written. Minidumps are not enabled by default on client versions of Windows
#

---------------  S U M M A R Y ------------

Command Line: -Dfile.encoding=UTF-8 -XX:+ShowCodeDetailsInExceptionMessages com.rahul.CurrencyExchange2025Application

Host: Intel(R) Core(TM) i3-6006U CPU @ 2.00GHz, 4 cores, 7G,  Windows 10 , 64 bit Build 19041 (10.0.19041.5678)
Time: Sun May 11 12:55:47 2025 India Standard Time elapsed time: 334.217491 seconds (0d 0h 5m 34s)

---------------  T H R E A D  ---------------

Current thread (0x00000205730234a0):  JavaThread "C2 CompilerThread0" daemon [_thread_in_native, id=11248, stack(0x00000076ed900000,0x00000076eda00000)]


Current CompileTask:
C2: 334217 8349       4       org.aspectj.weaver.reflect.JavaLangTypeToResolvedTypeConverter::fromType (426 bytes)

Stack: [0x00000076ed900000,0x00000076eda00000]
Native frames: (J=compiled Java code, j=interpreted, Vv=VM code, C=native code)
V  [jvm.dll+0x67754a]
V  [jvm.dll+0x834304]
V  [jvm.dll+0x835aae]
V  [jvm.dll+0x836113]
V  [jvm.dll+0x24696f]
V  [jvm.dll+0xac0ac]
V  [jvm.dll+0xac67c]
V  [jvm.dll+0x2adbef]
V  [jvm.dll+0x580067]
V  [jvm.dll+0x221e72]
V  [jvm.dll+0x22224f]
V  [jvm.dll+0x21b4a5]
V  [jvm.dll+0x21895b]
V  [jvm.dll+0x1a4d8d]
V  [jvm.dll+0x2284da]
V  [jvm.dll+0x226615]
V  [jvm.dll+0x7ea90b]
V  [jvm.dll+0x7e4e7a]
V  [jvm.dll+0x676395]
C  [ucrtbase.dll+0x21bb2]
C  [KERNEL32.DLL+0x17374]
C  [ntdll.dll+0x4cc91]


---------------  P R O C E S S  ---------------

Threads class SMR info:
_java_thread_list=0x0000020573b24c10, length=17, elements={
0x000002056ed70620, 0x000002056ed72040, 0x000002056ed428b0, 0x000002056ed43570,
0x000002057301dbb0, 0x000002057301ec10, 0x00000205730234a0, 0x000002057302d4b0,
0x0000020573094cd0, 0x000002057319f800, 0x00000205731bf010, 0x0000020575123840,
0x000002057312a160, 0x0000020573126c70, 0x000002057312ccb0, 0x0000020573127140,
0x000002057312c310
}

Java Threads: ( => current thread )
  0x000002056ed70620 JavaThread "Reference Handler" daemon [_thread_blocked, id=13828, stack(0x00000076ed300000,0x00000076ed400000)]
  0x000002056ed72040 JavaThread "Finalizer" daemon [_thread_blocked, id=4076, stack(0x00000076ed400000,0x00000076ed500000)]
  0x000002056ed428b0 JavaThread "Signal Dispatcher" daemon [_thread_blocked, id=1968, stack(0x00000076ed500000,0x00000076ed600000)]
  0x000002056ed43570 JavaThread "Attach Listener" daemon [_thread_blocked, id=9852, stack(0x00000076ed600000,0x00000076ed700000)]
  0x000002057301dbb0 JavaThread "Service Thread" daemon [_thread_blocked, id=732, stack(0x00000076ed700000,0x00000076ed800000)]
  0x000002057301ec10 JavaThread "Monitor Deflation Thread" daemon [_thread_blocked, id=14120, stack(0x00000076ed800000,0x00000076ed900000)]
=>0x00000205730234a0 JavaThread "C2 CompilerThread0" daemon [_thread_in_native, id=11248, stack(0x00000076ed900000,0x00000076eda00000)]
  0x000002057302d4b0 JavaThread "C1 CompilerThread0" daemon [_thread_blocked, id=9976, stack(0x00000076eda00000,0x00000076edb00000)]
  0x0000020573094cd0 JavaThread "Sweeper thread" daemon [_thread_blocked, id=8488, stack(0x00000076edb00000,0x00000076edc00000)]
  0x000002057319f800 JavaThread "Notification Thread" daemon [_thread_blocked, id=10444, stack(0x00000076edc00000,0x00000076edd00000)]
  0x00000205731bf010 JavaThread "Common-Cleaner" daemon [_thread_blocked, id=13820, stack(0x00000076ede00000,0x00000076edf00000)]
  0x0000020575123840 JavaThread "mysql-cj-abandoned-connection-cleanup" daemon [_thread_blocked, id=11244, stack(0x00000076ee900000,0x00000076eea00000)]
  0x000002057312a160 JavaThread "Live Reload Server" daemon [_thread_in_native, id=13572, stack(0x00000076eee00000,0x00000076eef00000)]
  0x0000020573126c70 JavaThread "DestroyJavaVM" [_thread_blocked, id=10016, stack(0x00000076ecc00000,0x00000076ecd00000)]
  0x000002057312ccb0 JavaThread "Thread-11" [_thread_blocked, id=8752, stack(0x00000076ecb00000,0x00000076ecc00000)]
  0x0000020573127140 JavaThread "File Watcher" daemon [_thread_blocked, id=14044, stack(0x00000076edf00000,0x00000076ee000000)]
  0x000002057312c310 JavaThread "restartedMain" [_thread_in_Java, id=2468, stack(0x00000076ee300000,0x00000076ee400000)]

Other Threads:
  0x000002056ed5c630 VMThread "VM Thread" [stack: 0x00000076ed200000,0x00000076ed300000] [id=14216]
  0x00000205731a20f0 WatcherThread [stack: 0x00000076edd00000,0x00000076ede00000] [id=13516]
  0x00000205537c9be0 GCTaskThread "GC Thread#0" [stack: 0x00000076ecd00000,0x00000076ece00000] [id=10284]
  0x00000205737b6200 GCTaskThread "GC Thread#1" [stack: 0x00000076ee000000,0x00000076ee100000] [id=10312]
  0x0000020573a2c7f0 GCTaskThread "GC Thread#2" [stack: 0x00000076ee100000,0x00000076ee200000] [id=1280]
  0x0000020573def0c0 GCTaskThread "GC Thread#3" [stack: 0x00000076ee200000,0x00000076ee300000] [id=10776]
  0x00000205537da630 ConcurrentGCThread "G1 Main Marker" [stack: 0x00000076ece00000,0x00000076ecf00000] [id=14172]
  0x00000205537db830 ConcurrentGCThread "G1 Conc#0" [stack: 0x00000076ecf00000,0x00000076ed000000] [id=13400]
  0x000002056eba20b0 ConcurrentGCThread "G1 Refine#0" [stack: 0x00000076ed000000,0x00000076ed100000] [id=5152]
  0x00000205751d9dc0 ConcurrentGCThread "G1 Refine#1" [stack: 0x00000076ee600000,0x00000076ee700000] [id=8016]
  0x000002056eba31c0 ConcurrentGCThread "G1 Service" [stack: 0x00000076ed100000,0x00000076ed200000] [id=11408]

Threads with active compile tasks:
C2 CompilerThread0   334265 8349       4       org.aspectj.weaver.reflect.JavaLangTypeToResolvedTypeConverter::fromType (426 bytes)

VM state: not at safepoint (normal execution)

VM Mutex/Monitor currently owned by a thread: None

Heap address: 0x0000000082000000, size: 2016 MB, Compressed Oops mode: 32-bit

CDS archive(s) not mapped
Compressed class space mapped at: 0x0000000100000000-0x0000000140000000, reserved size: 1073741824
Narrow klass base: 0x0000000000000000, Narrow klass shift: 3, Narrow klass range: 0x140000000

GC Precious Log:
 CPUs: 4 total, 4 available
 Memory: 8060M
 Large Page Support: Disabled
 NUMA Support: Disabled
 Compressed Oops: Enabled (32-bit)
 Heap Region Size: 1M
 Heap Min Capacity: 8M
 Heap Initial Capacity: 126M
 Heap Max Capacity: 2016M
 Pre-touch: Disabled
 Parallel Workers: 4
 Concurrent Workers: 1
 Concurrent Refinement Workers: 4
 Periodic GC: Disabled

Heap:
 garbage-first heap   total 91136K, used 47735K [0x0000000082000000, 0x0000000100000000)
  region size 1024K, 14 young (14336K), 4 survivors (4096K)
 Metaspace       used 74287K, committed 75072K, reserved 1179648K
  class space    used 9551K, committed 9920K, reserved 1048576K

Heap Regions: E=young(eden), S=young(survivor), O=old, HS=humongous(starts), HC=humongous(continues), CS=collection set, F=free, OA=open archive, CA=closed archive, TAMS=top-at-mark-start (previous, next)
|   0|0x0000000082000000, 0x0000000082100000, 0x0000000082100000|100%|HS|  |TAMS 0x0000000082100000, 0x0000000082000000| Complete 
|   1|0x0000000082100000, 0x0000000082200000, 0x0000000082200000|100%|HS|  |TAMS 0x0000000082200000, 0x0000000082100000| Complete 
|   2|0x0000000082200000, 0x0000000082300000, 0x0000000082300000|100%| O|  |TAMS 0x0000000082300000, 0x0000000082200000| Untracked 
|   3|0x0000000082300000, 0x0000000082400000, 0x0000000082400000|100%| O|  |TAMS 0x0000000082400000, 0x0000000082300000| Untracked 
|   4|0x0000000082400000, 0x00000000824fffc8, 0x0000000082500000| 99%| O|  |TAMS 0x00000000824fffc8, 0x0000000082400000| Untracked 
|   5|0x0000000082500000, 0x0000000082600000, 0x0000000082600000|100%| O|  |TAMS 0x0000000082600000, 0x0000000082500000| Untracked 
|   6|0x0000000082600000, 0x00000000826ffff0, 0x0000000082700000| 99%| O|  |TAMS 0x00000000826ffff0, 0x0000000082600000| Untracked 
|   7|0x0000000082700000, 0x0000000082800000, 0x0000000082800000|100%| O|  |TAMS 0x0000000082800000, 0x0000000082700000| Untracked 
|   8|0x0000000082800000, 0x0000000082900000, 0x0000000082900000|100%| O|  |TAMS 0x0000000082900000, 0x0000000082800000| Untracked 
|   9|0x0000000082900000, 0x0000000082a00000, 0x0000000082a00000|100%| O|  |TAMS 0x0000000082a00000, 0x0000000082900000| Untracked 
|  10|0x0000000082a00000, 0x0000000082affff8, 0x0000000082b00000| 99%| O|  |TAMS 0x0000000082affff8, 0x0000000082a00000| Untracked 
|  11|0x0000000082b00000, 0x0000000082c00000, 0x0000000082c00000|100%| O|  |TAMS 0x0000000082c00000, 0x0000000082b00000| Untracked 
|  12|0x0000000082c00000, 0x0000000082cffff8, 0x0000000082d00000| 99%| O|  |TAMS 0x0000000082cffff8, 0x0000000082c00000| Untracked 
|  13|0x0000000082d00000, 0x0000000082e00000, 0x0000000082e00000|100%| O|  |TAMS 0x0000000082e00000, 0x0000000082d00000| Untracked 
|  14|0x0000000082e00000, 0x0000000082f00000, 0x0000000082f00000|100%| O|  |TAMS 0x0000000082f00000, 0x0000000082e00000| Untracked 
|  15|0x0000000082f00000, 0x0000000082fffff8, 0x0000000083000000| 99%| O|  |TAMS 0x0000000082fffff8, 0x0000000082f00000| Untracked 
|  16|0x0000000083000000, 0x00000000830fffc8, 0x0000000083100000| 99%| O|  |TAMS 0x00000000830fffc8, 0x0000000083000000| Untracked 
|  17|0x0000000083100000, 0x00000000831fffb8, 0x0000000083200000| 99%| O|  |TAMS 0x00000000831fffb8, 0x0000000083100000| Untracked 
|  18|0x0000000083200000, 0x00000000832fffe0, 0x0000000083300000| 99%| O|  |TAMS 0x00000000832fffe0, 0x0000000083200000| Untracked 
|  19|0x0000000083300000, 0x00000000833fffd0, 0x0000000083400000| 99%| O|  |TAMS 0x00000000833fffd0, 0x0000000083300000| Untracked 
|  20|0x0000000083400000, 0x0000000083500000, 0x0000000083500000|100%| O|  |TAMS 0x0000000083500000, 0x0000000083400000| Untracked 
|  21|0x0000000083500000, 0x00000000835fffe0, 0x0000000083600000| 99%| O|  |TAMS 0x00000000835fffe0, 0x0000000083500000| Untracked 
|  22|0x0000000083600000, 0x0000000083700000, 0x0000000083700000|100%| O|  |TAMS 0x0000000083700000, 0x0000000083600000| Untracked 
|  23|0x0000000083700000, 0x0000000083800000, 0x0000000083800000|100%| O|  |TAMS 0x0000000083800000, 0x0000000083700000| Untracked 
|  24|0x0000000083800000, 0x00000000838fffb0, 0x0000000083900000| 99%| O|  |TAMS 0x00000000838fffb0, 0x0000000083800000| Untracked 
|  25|0x0000000083900000, 0x00000000839fffe0, 0x0000000083a00000| 99%| O|  |TAMS 0x00000000839fffe0, 0x0000000083900000| Untracked 
|  26|0x0000000083a00000, 0x0000000083affff8, 0x0000000083b00000| 99%| O|  |TAMS 0x0000000083affff8, 0x0000000083a00000| Untracked 
|  27|0x0000000083b00000, 0x0000000083c00000, 0x0000000083c00000|100%| O|  |TAMS 0x0000000083c00000, 0x0000000083b00000| Untracked 
|  28|0x0000000083c00000, 0x0000000083cff790, 0x0000000083d00000| 99%| O|  |TAMS 0x0000000083cff790, 0x0000000083c00000| Untracked 
|  29|0x0000000083d00000, 0x0000000083e00000, 0x0000000083e00000|100%| O|  |TAMS 0x0000000083e00000, 0x0000000083d00000| Untracked 
|  30|0x0000000083e00000, 0x0000000083e0bd50, 0x0000000083f00000|  4%| O|  |TAMS 0x0000000083e0bd50, 0x0000000083e00000| Untracked 
|  31|0x0000000083f00000, 0x0000000083f364d0, 0x0000000084000000| 21%| O|  |TAMS 0x0000000083f364d0, 0x0000000083f00000| Untracked 
|  32|0x0000000084000000, 0x0000000084100000, 0x0000000084100000|100%| O|  |TAMS 0x0000000084100000, 0x0000000084000000| Untracked 
|  33|0x0000000084100000, 0x0000000084187f48, 0x0000000084200000| 53%| O|  |TAMS 0x0000000084187f48, 0x0000000084100000| Untracked 
|  34|0x0000000084200000, 0x0000000084300000, 0x0000000084300000|100%| O|  |TAMS 0x00000000842ffc00, 0x0000000084200000| Untracked 
|  35|0x0000000084300000, 0x00000000843f5a00, 0x0000000084400000| 95%| O|  |TAMS 0x0000000084300000, 0x0000000084300000| Untracked 
|  36|0x0000000084400000, 0x0000000084400000, 0x0000000084500000|  0%| F|  |TAMS 0x0000000084400000, 0x0000000084400000| Untracked 
|  37|0x0000000084500000, 0x0000000084500000, 0x0000000084600000|  0%| F|  |TAMS 0x0000000084500000, 0x0000000084500000| Untracked 
|  38|0x0000000084600000, 0x0000000084600000, 0x0000000084700000|  0%| F|  |TAMS 0x0000000084600000, 0x0000000084600000| Untracked 
|  39|0x0000000084700000, 0x0000000084700000, 0x0000000084800000|  0%| F|  |TAMS 0x0000000084700000, 0x0000000084700000| Untracked 
|  40|0x0000000084800000, 0x0000000084800000, 0x0000000084900000|  0%| F|  |TAMS 0x0000000084800000, 0x0000000084800000| Untracked 
|  41|0x0000000084900000, 0x0000000084900000, 0x0000000084a00000|  0%| F|  |TAMS 0x0000000084900000, 0x0000000084900000| Untracked 
|  42|0x0000000084a00000, 0x0000000084a00000, 0x0000000084b00000|  0%| F|  |TAMS 0x0000000084a00000, 0x0000000084a00000| Untracked 
|  43|0x0000000084b00000, 0x0000000084b00000, 0x0000000084c00000|  0%| F|  |TAMS 0x0000000084b00000, 0x0000000084b00000| Untracked 
|  44|0x0000000084c00000, 0x0000000084c00000, 0x0000000084d00000|  0%| F|  |TAMS 0x0000000084c00000, 0x0000000084c00000| Untracked 
|  45|0x0000000084d00000, 0x0000000084d00000, 0x0000000084e00000|  0%| F|  |TAMS 0x0000000084d00000, 0x0000000084d00000| Untracked 
|  46|0x0000000084e00000, 0x0000000084e00000, 0x0000000084f00000|  0%| F|  |TAMS 0x0000000084e00000, 0x0000000084e00000| Untracked 
|  47|0x0000000084f00000, 0x0000000084f00000, 0x0000000085000000|  0%| F|  |TAMS 0x0000000084f00000, 0x0000000084f00000| Untracked 
|  48|0x0000000085000000, 0x00000000850dec00, 0x0000000085100000| 87%| S|CS|TAMS 0x0000000085000000, 0x0000000085000000| Complete 
|  49|0x0000000085100000, 0x0000000085200000, 0x0000000085200000|100%| S|CS|TAMS 0x0000000085100000, 0x0000000085100000| Complete 
|  50|0x0000000085200000, 0x0000000085300000, 0x0000000085300000|100%| S|CS|TAMS 0x0000000085200000, 0x0000000085200000| Complete 
|  51|0x0000000085300000, 0x0000000085400000, 0x0000000085400000|100%| S|CS|TAMS 0x0000000085300000, 0x0000000085300000| Complete 
|  52|0x0000000085400000, 0x0000000085400000, 0x0000000085500000|  0%| F|  |TAMS 0x0000000085400000, 0x0000000085400000| Untracked 
|  53|0x0000000085500000, 0x0000000085500000, 0x0000000085600000|  0%| F|  |TAMS 0x0000000085500000, 0x0000000085500000| Untracked 
|  54|0x0000000085600000, 0x0000000085600000, 0x0000000085700000|  0%| F|  |TAMS 0x0000000085600000, 0x0000000085600000| Untracked 
|  55|0x0000000085700000, 0x0000000085700000, 0x0000000085800000|  0%| F|  |TAMS 0x0000000085700000, 0x0000000085700000| Untracked 
|  56|0x0000000085800000, 0x0000000085800000, 0x0000000085900000|  0%| F|  |TAMS 0x0000000085800000, 0x0000000085800000| Untracked 
|  57|0x0000000085900000, 0x0000000085900000, 0x0000000085a00000|  0%| F|  |TAMS 0x0000000085900000, 0x0000000085900000| Untracked 
|  58|0x0000000085a00000, 0x0000000085a00000, 0x0000000085b00000|  0%| F|  |TAMS 0x0000000085a00000, 0x0000000085a00000| Untracked 
|  59|0x0000000085b00000, 0x0000000085b00000, 0x0000000085c00000|  0%| F|  |TAMS 0x0000000085b00000, 0x0000000085b00000| Untracked 
|  60|0x0000000085c00000, 0x0000000085c00000, 0x0000000085d00000|  0%| F|  |TAMS 0x0000000085c00000, 0x0000000085c00000| Untracked 
|  61|0x0000000085d00000, 0x0000000085d00000, 0x0000000085e00000|  0%| F|  |TAMS 0x0000000085d00000, 0x0000000085d00000| Untracked 
|  62|0x0000000085e00000, 0x0000000085e00000, 0x0000000085f00000|  0%| F|  |TAMS 0x0000000085e00000, 0x0000000085e00000| Untracked 
|  63|0x0000000085f00000, 0x0000000085f00000, 0x0000000086000000|  0%| F|  |TAMS 0x0000000085f00000, 0x0000000085f00000| Untracked 
|  64|0x0000000086000000, 0x0000000086000000, 0x0000000086100000|  0%| F|  |TAMS 0x0000000086000000, 0x0000000086000000| Untracked 
|  65|0x0000000086100000, 0x0000000086100000, 0x0000000086200000|  0%| F|  |TAMS 0x0000000086100000, 0x0000000086100000| Untracked 
|  66|0x0000000086200000, 0x0000000086200000, 0x0000000086300000|  0%| F|  |TAMS 0x0000000086200000, 0x0000000086200000| Untracked 
|  67|0x0000000086300000, 0x0000000086300000, 0x0000000086400000|  0%| F|  |TAMS 0x0000000086300000, 0x0000000086300000| Untracked 
|  68|0x0000000086400000, 0x0000000086400000, 0x0000000086500000|  0%| F|  |TAMS 0x0000000086400000, 0x0000000086400000| Untracked 
|  69|0x0000000086500000, 0x0000000086500000, 0x0000000086600000|  0%| F|  |TAMS 0x0000000086500000, 0x0000000086500000| Untracked 
|  70|0x0000000086600000, 0x0000000086600000, 0x0000000086700000|  0%| F|  |TAMS 0x0000000086600000, 0x0000000086600000| Untracked 
|  71|0x0000000086700000, 0x0000000086700000, 0x0000000086800000|  0%| F|  |TAMS 0x0000000086700000, 0x0000000086700000| Untracked 
|  72|0x0000000086800000, 0x0000000086800000, 0x0000000086900000|  0%| F|  |TAMS 0x0000000086800000, 0x0000000086800000| Untracked 
|  73|0x0000000086900000, 0x0000000086900000, 0x0000000086a00000|  0%| F|  |TAMS 0x0000000086900000, 0x0000000086900000| Untracked 
|  74|0x0000000086a00000, 0x0000000086a00000, 0x0000000086b00000|  0%| F|  |TAMS 0x0000000086a00000, 0x0000000086a00000| Untracked 
|  75|0x0000000086b00000, 0x0000000086b00000, 0x0000000086c00000|  0%| F|  |TAMS 0x0000000086b00000, 0x0000000086b00000| Untracked 
|  76|0x0000000086c00000, 0x0000000086c00000, 0x0000000086d00000|  0%| F|  |TAMS 0x0000000086c00000, 0x0000000086c00000| Untracked 
|  77|0x0000000086d00000, 0x0000000086d00000, 0x0000000086e00000|  0%| F|  |TAMS 0x0000000086d00000, 0x0000000086d00000| Untracked 
|  78|0x0000000086e00000, 0x0000000086e00000, 0x0000000086f00000|  0%| F|  |TAMS 0x0000000086e00000, 0x0000000086e00000| Untracked 
|  79|0x0000000086f00000, 0x0000000086fbcf20, 0x0000000087000000| 73%| E|  |TAMS 0x0000000086f00000, 0x0000000086f00000| Complete 
|  80|0x0000000087000000, 0x0000000087100000, 0x0000000087100000|100%| E|CS|TAMS 0x0000000087000000, 0x0000000087000000| Complete 
|  81|0x0000000087100000, 0x0000000087200000, 0x0000000087200000|100%| E|CS|TAMS 0x0000000087100000, 0x0000000087100000| Complete 
|  82|0x0000000087200000, 0x0000000087300000, 0x0000000087300000|100%| E|CS|TAMS 0x0000000087200000, 0x0000000087200000| Complete 
|  83|0x0000000087300000, 0x0000000087400000, 0x0000000087400000|100%| E|CS|TAMS 0x0000000087300000, 0x0000000087300000| Complete 
|  84|0x0000000087400000, 0x0000000087500000, 0x0000000087500000|100%| E|CS|TAMS 0x0000000087400000, 0x0000000087400000| Complete 
|  85|0x0000000087500000, 0x0000000087600000, 0x0000000087600000|100%| E|CS|TAMS 0x0000000087500000, 0x0000000087500000| Complete 
|  94|0x0000000087e00000, 0x0000000087f00000, 0x0000000087f00000|100%| E|CS|TAMS 0x0000000087e00000, 0x0000000087e00000| Complete 
|  95|0x0000000087f00000, 0x0000000088000000, 0x0000000088000000|100%| E|CS|TAMS 0x0000000087f00000, 0x0000000087f00000| Complete 
|  96|0x0000000088000000, 0x0000000088100000, 0x0000000088100000|100%| E|CS|TAMS 0x0000000088000000, 0x0000000088000000| Complete 

Card table byte_map: [0x0000020568060000,0x0000020568450000] _byte_map_base: 0x0000020567c50000

Marking Bits (Prev, Next): (CMBitMap*) 0x00000205537ca100, (CMBitMap*) 0x00000205537ca140
 Prev Bits: [0x0000020568840000, 0x000002056a7c0000)
 Next Bits: [0x000002056a7c0000, 0x000002056c740000)

Polling page: 0x00000205535d0000

Metaspace:

Usage:
  Non-class:     63.22 MB used.
      Class:      9.33 MB used.
       Both:     72.55 MB used.

Virtual space:
  Non-class space:      128.00 MB reserved,      63.62 MB ( 50%) committed,  2 nodes.
      Class space:        1.00 GB reserved,       9.69 MB ( <1%) committed,  1 nodes.
             Both:        1.12 GB reserved,      73.31 MB (  6%) committed. 

Chunk freelists:
   Non-Class:  15.98 MB
       Class:  6.31 MB
        Both:  22.29 MB

MaxMetaspaceSize: unlimited
CompressedClassSpaceSize: 1.00 GB
Initial GC threshold: 21.00 MB
Current GC threshold: 121.38 MB
CDS: off
MetaspaceReclaimPolicy: balanced
 - commit_granule_bytes: 65536.
 - commit_granule_words: 8192.
 - virtual_space_node_default_size: 8388608.
 - enlarge_chunks_in_place: 1.
 - new_chunks_are_fully_committed: 0.
 - uncommit_free_chunks: 1.
 - use_allocation_guard: 0.
 - handle_deallocations: 1.


Internal statistics:

num_allocs_failed_limit: 6.
num_arena_births: 912.
num_arena_deaths: 0.
num_vsnodes_births: 3.
num_vsnodes_deaths: 0.
num_space_committed: 1173.
num_space_uncommitted: 0.
num_chunks_returned_to_freelist: 6.
num_chunks_taken_from_freelist: 3417.
num_chunk_merges: 6.
num_chunk_splits: 2363.
num_chunks_enlarged: 1791.
num_inconsistent_stats: 0.

CodeHeap 'non-profiled nmethods': size=120000Kb used=6833Kb max_used=6833Kb free=113166Kb
 bounds [0x0000020560120000, 0x00000205607d0000, 0x0000020567650000]
CodeHeap 'profiled nmethods': size=120000Kb used=13925Kb max_used=13925Kb free=106074Kb
 bounds [0x0000020558650000, 0x00000205593f0000, 0x000002055fb80000]
CodeHeap 'non-nmethods': size=5760Kb used=1322Kb max_used=1464Kb free=4437Kb
 bounds [0x000002055fb80000, 0x000002055fdf0000, 0x0000020560120000]
 total_blobs=7768 nmethods=7110 adapters=570
 compilation: enabled
              stopped_count=0, restarted_count=0
 full_count=0

Compilation events (20 events):
Event: 334.182 Thread 0x000002057302d4b0 8359       1       ch.qos.logback.classic.Logger::getLoggerContext (5 bytes)
Event: 334.182 Thread 0x000002057302d4b0 nmethod 8359 0x00000205607ca990 code [0x00000205607cab20, 0x00000205607cabf8]
Event: 334.182 Thread 0x000002057302d4b0 8360       1       ch.qos.logback.classic.LoggerContext::getLoggerContextRemoteView (5 bytes)
Event: 334.182 Thread 0x000002057302d4b0 nmethod 8360 0x00000205607cac90 code [0x00000205607cae20, 0x00000205607caef8]
Event: 334.182 Thread 0x000002057302d4b0 8361       1       ch.qos.logback.classic.LoggerContext::getSequenceNumberGenerator (5 bytes)
Event: 334.183 Thread 0x000002057302d4b0 nmethod 8361 0x00000205607caf90 code [0x00000205607cb120, 0x00000205607cb1f8]
Event: 334.183 Thread 0x000002057302d4b0 8362       1       ch.qos.logback.core.filter.Filter::isStarted (5 bytes)
Event: 334.183 Thread 0x000002057302d4b0 nmethod 8362 0x00000205607cb290 code [0x00000205607cb420, 0x00000205607cb4f8]
Event: 334.183 Thread 0x000002057302d4b0 8363       1       ch.qos.logback.classic.LoggerContext::getMDCAdapter (5 bytes)
Event: 334.183 Thread 0x000002057302d4b0 nmethod 8363 0x00000205607cb590 code [0x00000205607cb720, 0x00000205607cb7f8]
Event: 334.183 Thread 0x000002057302d4b0 8364       1       ch.qos.logback.core.LayoutBase::isStarted (5 bytes)
Event: 334.183 Thread 0x000002057302d4b0 nmethod 8364 0x00000205607cb890 code [0x00000205607cba20, 0x00000205607cbaf8]
Event: 334.183 Thread 0x000002057302d4b0 8365       1       ch.qos.logback.classic.spi.LoggingEvent::getTimeStamp (5 bytes)
Event: 334.183 Thread 0x000002057302d4b0 nmethod 8365 0x00000205607cbb90 code [0x00000205607cbd20, 0x00000205607cbdf8]
Event: 334.183 Thread 0x000002057302d4b0 8366       1       ch.qos.logback.classic.spi.LoggingEvent::getLoggerName (5 bytes)
Event: 334.183 Thread 0x000002057302d4b0 nmethod 8366 0x00000205607cbe90 code [0x00000205607cc020, 0x00000205607cc0f8]
Event: 334.183 Thread 0x000002057302d4b0 8367       1       ch.qos.logback.classic.spi.LoggingEvent::getThrowableProxy (5 bytes)
Event: 334.183 Thread 0x000002057302d4b0 nmethod 8367 0x00000205607cc190 code [0x00000205607cc320, 0x00000205607cc3f8]
Event: 334.191 Thread 0x000002057302d4b0 8368   !   3       java.util.zip.ZipFile$Source::release (50 bytes)
Event: 334.192 Thread 0x000002057302d4b0 nmethod 8368 0x00000205593e9f90 code [0x00000205593ea160, 0x00000205593ea4d8]

GC Heap History (20 events):
Event: 314.151 GC heap before
{Heap before GC invocations=53 (full 2):
 garbage-first heap   total 67584K, used 52959K [0x0000000082000000, 0x0000000100000000)
  region size 1024K, 22 young (22528K), 2 survivors (2048K)
 Metaspace       used 73520K, committed 74176K, reserved 1114112K
  class space    used 9489K, committed 9792K, reserved 1048576K
}
Event: 314.163 GC heap after
{Heap after GC invocations=54 (full 2):
 garbage-first heap   total 67584K, used 33060K [0x0000000082000000, 0x0000000100000000)
  region size 1024K, 3 young (3072K), 3 survivors (3072K)
 Metaspace       used 73520K, committed 74176K, reserved 1114112K
  class space    used 9489K, committed 9792K, reserved 1048576K
}
Event: 319.429 GC heap before
{Heap before GC invocations=55 (full 2):
 garbage-first heap   total 67584K, used 53540K [0x0000000082000000, 0x0000000100000000)
  region size 1024K, 23 young (23552K), 3 survivors (3072K)
 Metaspace       used 73666K, committed 74368K, reserved 1114112K
  class space    used 9494K, committed 9856K, reserved 1048576K
}
Event: 319.436 GC heap after
{Heap after GC invocations=56 (full 2):
 garbage-first heap   total 67584K, used 34502K [0x0000000082000000, 0x0000000100000000)
  region size 1024K, 3 young (3072K), 3 survivors (3072K)
 Metaspace       used 73666K, committed 74368K, reserved 1114112K
  class space    used 9494K, committed 9856K, reserved 1048576K
}
Event: 319.887 GC heap before
{Heap before GC invocations=56 (full 2):
 garbage-first heap   total 67584K, used 52934K [0x0000000082000000, 0x0000000100000000)
  region size 1024K, 21 young (21504K), 3 survivors (3072K)
 Metaspace       used 73681K, committed 74368K, reserved 1114112K
  class space    used 9496K, committed 9856K, reserved 1048576K
}
Event: 319.894 GC heap after
{Heap after GC invocations=57 (full 2):
 garbage-first heap   total 67584K, used 35200K [0x0000000082000000, 0x0000000100000000)
  region size 1024K, 1 young (1024K), 1 survivors (1024K)
 Metaspace       used 73681K, committed 74368K, reserved 1114112K
  class space    used 9496K, committed 9856K, reserved 1048576K
}
Event: 320.452 GC heap before
{Heap before GC invocations=58 (full 2):
 garbage-first heap   total 70656K, used 53632K [0x0000000082000000, 0x0000000100000000)
  region size 1024K, 19 young (19456K), 1 survivors (1024K)
 Metaspace       used 73766K, committed 74432K, reserved 1114112K
  class space    used 9499K, committed 9856K, reserved 1048576K
}
Event: 320.457 GC heap after
{Heap after GC invocations=59 (full 2):
 garbage-first heap   total 70656K, used 35726K [0x0000000082000000, 0x0000000100000000)
  region size 1024K, 2 young (2048K), 2 survivors (2048K)
 Metaspace       used 73766K, committed 74432K, reserved 1114112K
  class space    used 9499K, committed 9856K, reserved 1048576K
}
Event: 323.503 GC heap before
{Heap before GC invocations=59 (full 2):
 garbage-first heap   total 70656K, used 50062K [0x0000000082000000, 0x0000000100000000)
  region size 1024K, 17 young (17408K), 2 survivors (2048K)
 Metaspace       used 73810K, committed 74560K, reserved 1114112K
  class space    used 9500K, committed 9856K, reserved 1048576K
}
Event: 323.588 GC heap after
{Heap after GC invocations=60 (full 3):
 garbage-first heap   total 70656K, used 31525K [0x0000000082000000, 0x0000000100000000)
  region size 1024K, 0 young (0K), 0 survivors (0K)
 Metaspace       used 73810K, committed 74560K, reserved 1114112K
  class space    used 9500K, committed 9856K, reserved 1048576K
}
Event: 325.899 GC heap before
{Heap before GC invocations=60 (full 3):
 garbage-first heap   total 70656K, used 57125K [0x0000000082000000, 0x0000000100000000)
  region size 1024K, 25 young (25600K), 0 survivors (0K)
 Metaspace       used 73882K, committed 74624K, reserved 1114112K
  class space    used 9506K, committed 9856K, reserved 1048576K
}
Event: 325.905 GC heap after
{Heap after GC invocations=61 (full 3):
 garbage-first heap   total 70656K, used 34597K [0x0000000082000000, 0x0000000100000000)
  region size 1024K, 3 young (3072K), 3 survivors (3072K)
 Metaspace       used 73882K, committed 74624K, reserved 1114112K
  class space    used 9506K, committed 9856K, reserved 1048576K
}
Event: 328.501 GC heap before
{Heap before GC invocations=62 (full 3):
 garbage-first heap   total 70656K, used 56101K [0x0000000082000000, 0x0000000100000000)
  region size 1024K, 24 young (24576K), 3 survivors (3072K)
 Metaspace       used 73909K, committed 74624K, reserved 1114112K
  class space    used 9509K, committed 9856K, reserved 1048576K
}
Event: 328.508 GC heap after
{Heap after GC invocations=63 (full 3):
 garbage-first heap   total 70656K, used 35329K [0x0000000082000000, 0x0000000100000000)
  region size 1024K, 2 young (2048K), 2 survivors (2048K)
 Metaspace       used 73909K, committed 74624K, reserved 1114112K
  class space    used 9509K, committed 9856K, reserved 1048576K
}
Event: 329.052 GC heap before
{Heap before GC invocations=63 (full 3):
 garbage-first heap   total 70656K, used 54785K [0x0000000082000000, 0x0000000100000000)
  region size 1024K, 22 young (22528K), 2 survivors (2048K)
 Metaspace       used 73929K, committed 74624K, reserved 1114112K
  class space    used 9509K, committed 9856K, reserved 1048576K
}
Event: 329.057 GC heap after
{Heap after GC invocations=64 (full 3):
 garbage-first heap   total 70656K, used 35804K [0x0000000082000000, 0x0000000100000000)
  region size 1024K, 3 young (3072K), 3 survivors (3072K)
 Metaspace       used 73929K, committed 74624K, reserved 1114112K
  class space    used 9509K, committed 9856K, reserved 1048576K
}
Event: 332.491 GC heap before
{Heap before GC invocations=65 (full 3):
 garbage-first heap   total 75776K, used 55260K [0x0000000082000000, 0x0000000100000000)
  region size 1024K, 22 young (22528K), 3 survivors (3072K)
 Metaspace       used 74263K, committed 75008K, reserved 1114112K
  class space    used 9550K, committed 9920K, reserved 1048576K
}
Event: 332.496 GC heap after
{Heap after GC invocations=66 (full 3):
 garbage-first heap   total 91136K, used 36799K [0x0000000082000000, 0x0000000100000000)
  region size 1024K, 3 young (3072K), 3 survivors (3072K)
 Metaspace       used 74263K, committed 75008K, reserved 1114112K
  class space    used 9550K, committed 9920K, reserved 1048576K
}
Event: 334.016 GC heap before
{Heap before GC invocations=66 (full 3):
 garbage-first heap   total 91136K, used 71615K [0x0000000082000000, 0x0000000100000000)
  region size 1024K, 37 young (37888K), 3 survivors (3072K)
 Metaspace       used 74281K, committed 75008K, reserved 1114112K
  class space    used 9551K, committed 9920K, reserved 1048576K
}
Event: 334.027 GC heap after
{Heap after GC invocations=67 (full 3):
 garbage-first heap   total 91136K, used 38519K [0x0000000082000000, 0x0000000100000000)
  region size 1024K, 4 young (4096K), 4 survivors (4096K)
 Metaspace       used 74281K, committed 75008K, reserved 1114112K
  class space    used 9551K, committed 9920K, reserved 1048576K
}

Dll operation events (9 events):
Event: 0.018 Loaded shared library C:\sts-4.19.1.RELEASE\plugins\org.eclipse.justj.openjdk.hotspot.jre.full.win32.x86_64_17.0.7.v20230425-1502\jre\bin\java.dll
Event: 0.432 Loaded shared library C:\sts-4.19.1.RELEASE\plugins\org.eclipse.justj.openjdk.hotspot.jre.full.win32.x86_64_17.0.7.v20230425-1502\jre\bin\net.dll
Event: 0.435 Loaded shared library C:\sts-4.19.1.RELEASE\plugins\org.eclipse.justj.openjdk.hotspot.jre.full.win32.x86_64_17.0.7.v20230425-1502\jre\bin\nio.dll
Event: 0.444 Loaded shared library C:\sts-4.19.1.RELEASE\plugins\org.eclipse.justj.openjdk.hotspot.jre.full.win32.x86_64_17.0.7.v20230425-1502\jre\bin\zip.dll
Event: 0.735 Loaded shared library C:\sts-4.19.1.RELEASE\plugins\org.eclipse.justj.openjdk.hotspot.jre.full.win32.x86_64_17.0.7.v20230425-1502\jre\bin\jimage.dll
Event: 1.559 Loaded shared library C:\sts-4.19.1.RELEASE\plugins\org.eclipse.justj.openjdk.hotspot.jre.full.win32.x86_64_17.0.7.v20230425-1502\jre\bin\management.dll
Event: 1.572 Loaded shared library C:\sts-4.19.1.RELEASE\plugins\org.eclipse.justj.openjdk.hotspot.jre.full.win32.x86_64_17.0.7.v20230425-1502\jre\bin\management_ext.dll
Event: 4.956 Loaded shared library C:\sts-4.19.1.RELEASE\plugins\org.eclipse.justj.openjdk.hotspot.jre.full.win32.x86_64_17.0.7.v20230425-1502\jre\bin\sunmscapi.dll
Event: 14.696 Loaded shared library C:\sts-4.19.1.RELEASE\plugins\org.eclipse.justj.openjdk.hotspot.jre.full.win32.x86_64_17.0.7.v20230425-1502\jre\bin\verify.dll

Deoptimization events (20 events):
Event: 327.108 Thread 0x000002057312c7e0 DEOPT PACKING pc=0x000002056077d88c sp=0x00000076ee5fd510
Event: 327.108 Thread 0x000002057312c7e0 DEOPT UNPACKING pc=0x000002055fbd69a3 sp=0x00000076ee5fd3c0 mode 2
Event: 327.215 Thread 0x000002057312c7e0 Uncommon trap: trap_request=0xffffffcc fr.pc=0x000002056077e664 relative=0x0000000000000324
Event: 327.215 Thread 0x000002057312c7e0 Uncommon trap: reason=intrinsic_or_type_checked_inlining action=make_not_entrant pc=0x000002056077e664 method=java.util.stream.SpinedBuffer.copyInto([Ljava/lang/Object;I)V @ 87 c2
Event: 327.215 Thread 0x000002057312c7e0 DEOPT PACKING pc=0x000002056077e664 sp=0x00000076ee5fd3e0
Event: 327.215 Thread 0x000002057312c7e0 DEOPT UNPACKING pc=0x000002055fbd69a3 sp=0x00000076ee5fd370 mode 2
Event: 327.330 Thread 0x000002057312c7e0 Uncommon trap: trap_request=0xffffffcc fr.pc=0x00000205607827c8 relative=0x00000000000004a8
Event: 327.330 Thread 0x000002057312c7e0 Uncommon trap: reason=intrinsic_or_type_checked_inlining action=make_not_entrant pc=0x00000205607827c8 method=java.util.stream.SpinedBuffer.copyInto([Ljava/lang/Object;I)V @ 125 c2
Event: 327.330 Thread 0x000002057312c7e0 DEOPT PACKING pc=0x00000205607827c8 sp=0x00000076ee5fd400
Event: 327.330 Thread 0x000002057312c7e0 DEOPT UNPACKING pc=0x000002055fbd69a3 sp=0x00000076ee5fd358 mode 2
Event: 328.558 Thread 0x000002057312c7e0 DEOPT PACKING pc=0x0000020558f572ba sp=0x00000076ee5fda90
Event: 328.558 Thread 0x000002057312c7e0 DEOPT UNPACKING pc=0x000002055fbd7143 sp=0x00000076ee5fcf08 mode 0
Event: 328.558 Thread 0x000002057312c7e0 DEOPT PACKING pc=0x0000020558f572ba sp=0x00000076ee5fda90
Event: 328.558 Thread 0x000002057312c7e0 DEOPT UNPACKING pc=0x000002055fbd7143 sp=0x00000076ee5fcf08 mode 0
Event: 329.588 Thread 0x000002057312c7e0 Uncommon trap: trap_request=0xffffff45 fr.pc=0x00000205602befb0 relative=0x0000000000000dd0
Event: 329.588 Thread 0x000002057312c7e0 Uncommon trap: reason=unstable_if action=reinterpret pc=0x00000205602befb0 method=sun.reflect.annotation.AnnotationInvocationHandler.invoke(Ljava/lang/Object;Ljava/lang/reflect/Method;[Ljava/lang/Object;)Ljava/lang/Object; @ 64 c2
Event: 329.588 Thread 0x000002057312c7e0 DEOPT PACKING pc=0x00000205602befb0 sp=0x00000076ee5fcfc0
Event: 329.588 Thread 0x000002057312c7e0 DEOPT UNPACKING pc=0x000002055fbd69a3 sp=0x00000076ee5fcf90 mode 2
Event: 334.194 Thread 0x000002057312c310 DEOPT PACKING pc=0x00000205587cb6c4 sp=0x00000076ee3fc740
Event: 334.194 Thread 0x000002057312c310 DEOPT UNPACKING pc=0x000002055fbd7143 sp=0x00000076ee3fbcc0 mode 0

Classes unloaded (0 events):
No events

Classes redefined (0 events):
No events

Internal exceptions (20 events):
Event: 329.953 Thread 0x000002057312c7e0 Exception <a 'java/lang/NoClassDefFoundError'{0x000000008627c6f0}: org/jooq/DSLContext> (0x000000008627c6f0) 
thrown [s\src\hotspot\share\classfile\systemDictionary.cpp, line 245]
Event: 329.954 Thread 0x000002057312c7e0 Exception <a 'java/lang/NoClassDefFoundError'{0x000000008627e928}: io/r2dbc/spi/ConnectionFactory> (0x000000008627e928) 
thrown [s\src\hotspot\share\classfile\systemDictionary.cpp, line 245]
Event: 330.015 Thread 0x000002057312c7e0 Exception <a 'java/lang/reflect/InvocationTargetException'{0x00000000862be128}> (0x00000000862be128) 
thrown [s\src\hotspot\share\runtime\reflection.cpp, line 1121]
Event: 331.938 Thread 0x000002057312c310 Exception <a 'sun/nio/fs/WindowsException'{0x0000000085e9b2a8}> (0x0000000085e9b2a8) 
thrown [s\src\hotspot\share\prims\jni.cpp, line 516]
Event: 332.345 Thread 0x000002057312c310 Exception <a 'sun/nio/fs/WindowsException'{0x0000000085b58aa8}> (0x0000000085b58aa8) 
thrown [s\src\hotspot\share\prims\jni.cpp, line 516]
Event: 333.649 Thread 0x000002057312c310 Exception <a 'sun/nio/fs/WindowsException'{0x0000000085f2c3a8}> (0x0000000085f2c3a8) 
thrown [s\src\hotspot\share\prims\jni.cpp, line 516]
Event: 333.771 Thread 0x000002057312c310 Exception <a 'java/lang/NoClassDefFoundError'{0x0000000085dc1368}: org/flywaydb/core/Flyway> (0x0000000085dc1368) 
thrown [s\src\hotspot\share\oops\constantPool.cpp, line 835]
Event: 333.771 Thread 0x000002057312c310 Exception <a 'java/lang/NoClassDefFoundError'{0x0000000085dc19b8}: liquibase/integration/spring/SpringLiquibase> (0x0000000085dc19b8) 
thrown [s\src\hotspot\share\oops\constantPool.cpp, line 835]
Event: 333.776 Thread 0x000002057312c310 Exception <a 'java/lang/NoClassDefFoundError'{0x0000000085de0000}: org/jooq/DSLContext> (0x0000000085de0000) 
thrown [s\src\hotspot\share\oops\constantPool.cpp, line 835]
Event: 333.802 Thread 0x000002057312c310 Exception <a 'java/lang/NoClassDefFoundError'{0x0000000085c30718}: org/springframework/batch/core/repository/JobRepository> (0x0000000085c30718) 
thrown [s\src\hotspot\share\oops\constantPool.cpp, line 835]
Event: 333.802 Thread 0x000002057312c310 Exception <a 'java/lang/NoClassDefFoundError'{0x0000000085c30d60}: org/quartz/Scheduler> (0x0000000085c30d60) 
thrown [s\src\hotspot\share\oops\constantPool.cpp, line 835]
Event: 333.802 Thread 0x000002057312c310 Exception <a 'java/lang/NoClassDefFoundError'{0x0000000085c313d0}: org/springframework/session/jdbc/JdbcIndexedSessionRepository> (0x0000000085c313d0) 
thrown [s\src\hotspot\share\oops\constantPool.cpp, line 835]
Event: 333.830 Thread 0x000002057312c310 Exception <a 'java/lang/ArrayIndexOutOfBoundsException'{0x0000000085cf6850}> (0x0000000085cf6850) 
thrown [s\src\hotspot\share\runtime\sharedRuntime.cpp, line 628]
Event: 333.831 Thread 0x000002057312c310 Exception <a 'java/lang/ArrayIndexOutOfBoundsException'{0x0000000085cf6e18}> (0x0000000085cf6e18) 
thrown [s\src\hotspot\share\runtime\sharedRuntime.cpp, line 628]
Event: 333.838 Thread 0x000002057312c310 Exception <a 'java/lang/ArrayIndexOutOfBoundsException'{0x0000000085b42eb0}> (0x0000000085b42eb0) 
thrown [s\src\hotspot\share\runtime\sharedRuntime.cpp, line 628]
Event: 333.839 Thread 0x000002057312c310 Exception <a 'java/lang/ArrayIndexOutOfBoundsException'{0x0000000085b43478}> (0x0000000085b43478) 
thrown [s\src\hotspot\share\runtime\sharedRuntime.cpp, line 628]
Event: 334.176 Thread 0x000002057312c310 Exception <a 'sun/nio/fs/WindowsException'{0x00000000871b0cd0}> (0x00000000871b0cd0) 
thrown [s\src\hotspot\share\prims\jni.cpp, line 516]
Event: 334.177 Thread 0x000002057312c310 Exception <a 'sun/nio/fs/WindowsException'{0x00000000871b12d8}> (0x00000000871b12d8) 
thrown [s\src\hotspot\share\prims\jni.cpp, line 516]
Event: 334.178 Thread 0x000002057312c310 Exception <a 'sun/nio/fs/WindowsException'{0x00000000871b19b0}> (0x00000000871b19b0) 
thrown [s\src\hotspot\share\prims\jni.cpp, line 516]
Event: 334.190 Thread 0x000002057312c310 Exception <a 'java/io/FileNotFoundException'{0x00000000871e1310}> (0x00000000871e1310) 
thrown [s\src\hotspot\share\prims\jni.cpp, line 516]

VM Operations (20 events):
Event: 327.261 Executing VM operation: Cleanup
Event: 327.308 Executing VM operation: Cleanup done
Event: 328.319 Executing VM operation: Cleanup
Event: 328.320 Executing VM operation: Cleanup done
Event: 328.501 Executing VM operation: G1CollectForAllocation
Event: 328.508 Executing VM operation: G1CollectForAllocation done
Event: 328.960 Executing VM operation: G1CollectForAllocation
Event: 329.067 Executing VM operation: G1CollectForAllocation done
Event: 329.203 Executing VM operation: G1Concurrent
Event: 329.209 Executing VM operation: G1Concurrent done
Event: 329.274 Executing VM operation: G1Concurrent
Event: 329.274 Executing VM operation: G1Concurrent done
Event: 330.275 Executing VM operation: Cleanup
Event: 330.275 Executing VM operation: Cleanup done
Event: 332.291 Executing VM operation: Cleanup
Event: 332.342 Executing VM operation: Cleanup done
Event: 332.491 Executing VM operation: G1CollectForAllocation
Event: 332.496 Executing VM operation: G1CollectForAllocation done
Event: 334.016 Executing VM operation: G1CollectForAllocation
Event: 334.031 Executing VM operation: G1CollectForAllocation done

Events (20 events):
Event: 328.867 Thread 0x000002057312a630 Thread added: 0x000002057312a630
Event: 328.867 Thread 0x000002057312d180 Thread added: 0x000002057312d180
Event: 328.868 Thread 0x000002057312b970 Thread added: 0x000002057312b970
Event: 329.067 Thread 0x00000205751246b0 Thread exited: 0x00000205751246b0
Event: 329.141 Thread 0x000002057312ab00 Thread added: 0x000002057312ab00
Event: 329.327 Thread 0x0000020573128950 Thread added: 0x0000020573128950
Event: 329.591 Thread 0x00000205731267a0 Thread added: 0x00000205731267a0
Event: 329.596 Thread 0x0000020573128950 Thread exited: 0x0000020573128950
Event: 329.596 Thread 0x000002057312ab00 Thread exited: 0x000002057312ab00
Event: 329.650 Thread 0x00000205731267a0 Thread exited: 0x00000205731267a0
Event: 329.655 Thread 0x000002057312b970 Thread exited: 0x000002057312b970
Event: 330.010 Thread 0x000002057312a630 Thread exited: 0x000002057312a630
Event: 330.010 Thread 0x000002057312d180 Thread exited: 0x000002057312d180
Event: 330.015 Thread 0x000002057312c7e0 Thread exited: 0x000002057312c7e0
Event: 330.019 Thread 0x0000020573127140 Thread added: 0x0000020573127140
Event: 331.852 Thread 0x000002057312c310 Thread added: 0x000002057312c310
Event: 332.083 Thread 0x0000020575a191c0 Thread added: 0x0000020575a191c0
Event: 332.343 Thread 0x0000020575a191c0 Thread exited: 0x0000020575a191c0
Event: 332.369 Thread 0x0000020573128e20 Thread added: 0x0000020573128e20
Event: 332.444 Thread 0x0000020573128e20 Thread exited: 0x0000020573128e20


Dynamic libraries:
0x00007ff79f3d0000 - 0x00007ff79f3de000 	C:\sts-4.19.1.RELEASE\plugins\org.eclipse.justj.openjdk.hotspot.jre.full.win32.x86_64_17.0.7.v20230425-1502\jre\bin\javaw.exe
0x00007fff870d0000 - 0x00007fff872c8000 	C:\WINDOWS\SYSTEM32\ntdll.dll
0x00007fff86dd0000 - 0x00007fff86e92000 	C:\WINDOWS\System32\KERNEL32.DLL
0x00007fff848c0000 - 0x00007fff84bb6000 	C:\WINDOWS\System32\KERNELBASE.dll
0x00007fff84bf0000 - 0x00007fff84cf0000 	C:\WINDOWS\System32\ucrtbase.dll
0x00007fff7bbb0000 - 0x00007fff7bbc7000 	C:\sts-4.19.1.RELEASE\plugins\org.eclipse.justj.openjdk.hotspot.jre.full.win32.x86_64_17.0.7.v20230425-1502\jre\bin\jli.dll
0x00007fff854c0000 - 0x00007fff8565d000 	C:\WINDOWS\System32\USER32.dll
0x00007fff84760000 - 0x00007fff84782000 	C:\WINDOWS\System32\win32u.dll
0x00007fff86880000 - 0x00007fff868ab000 	C:\WINDOWS\System32\GDI32.dll
0x00007fff84cf0000 - 0x00007fff84e0a000 	C:\WINDOWS\System32\gdi32full.dll
0x00007fff84820000 - 0x00007fff848bd000 	C:\WINDOWS\System32\msvcp_win.dll
0x00007fff6d3b0000 - 0x00007fff6d3c9000 	C:\sts-4.19.1.RELEASE\plugins\org.eclipse.justj.openjdk.hotspot.jre.full.win32.x86_64_17.0.7.v20230425-1502\jre\bin\VCRUNTIME140.dll
0x00007fff83ab0000 - 0x00007fff83d4a000 	C:\WINDOWS\WinSxS\amd64_microsoft.windows.common-controls_6595b64144ccf1df_6.0.19041.4355_none_60b8b9eb71f62e16\COMCTL32.dll
0x00007fff86f40000 - 0x00007fff86fde000 	C:\WINDOWS\System32\msvcrt.dll
0x00007fff864c0000 - 0x00007fff864ef000 	C:\WINDOWS\System32\IMM32.DLL
0x00007fff7ac60000 - 0x00007fff7ac6c000 	C:\sts-4.19.1.RELEASE\plugins\org.eclipse.justj.openjdk.hotspot.jre.full.win32.x86_64_17.0.7.v20230425-1502\jre\bin\vcruntime140_1.dll
0x00007fff50180000 - 0x00007fff50211000 	C:\sts-4.19.1.RELEASE\plugins\org.eclipse.justj.openjdk.hotspot.jre.full.win32.x86_64_17.0.7.v20230425-1502\jre\bin\msvcp140.dll
0x00007fff09780000 - 0x00007fff0a3c8000 	C:\sts-4.19.1.RELEASE\plugins\org.eclipse.justj.openjdk.hotspot.jre.full.win32.x86_64_17.0.7.v20230425-1502\jre\bin\server\jvm.dll
0x00007fff86fe0000 - 0x00007fff8708f000 	C:\WINDOWS\System32\ADVAPI32.dll
0x00007fff86ea0000 - 0x00007fff86f3f000 	C:\WINDOWS\System32\sechost.dll
0x00007fff862b0000 - 0x00007fff863d3000 	C:\WINDOWS\System32\RPCRT4.dll
0x00007fff84bc0000 - 0x00007fff84be7000 	C:\WINDOWS\System32\bcrypt.dll
0x00007fff6b9a0000 - 0x00007fff6b9a9000 	C:\WINDOWS\SYSTEM32\WSOCK32.dll
0x00007fff86630000 - 0x00007fff8669b000 	C:\WINDOWS\System32\WS2_32.dll
0x00007fff5adc0000 - 0x00007fff5ade7000 	C:\WINDOWS\SYSTEM32\WINMM.dll
0x00007fff7e330000 - 0x00007fff7e33a000 	C:\WINDOWS\SYSTEM32\VERSION.dll
0x00007fff828c0000 - 0x00007fff828d2000 	C:\WINDOWS\SYSTEM32\kernel.appcore.dll
0x00007fff7fc30000 - 0x00007fff7fc3a000 	C:\sts-4.19.1.RELEASE\plugins\org.eclipse.justj.openjdk.hotspot.jre.full.win32.x86_64_17.0.7.v20230425-1502\jre\bin\jimage.dll
0x00007fff840b0000 - 0x00007fff84294000 	C:\WINDOWS\SYSTEM32\DBGHELP.DLL
0x00007fff83e60000 - 0x00007fff83e94000 	C:\WINDOWS\SYSTEM32\dbgcore.DLL
0x00007fff84790000 - 0x00007fff84812000 	C:\WINDOWS\System32\bcryptPrimitives.dll
0x00007fff7ad10000 - 0x00007fff7ad35000 	C:\sts-4.19.1.RELEASE\plugins\org.eclipse.justj.openjdk.hotspot.jre.full.win32.x86_64_17.0.7.v20230425-1502\jre\bin\java.dll
0x00007fff7b050000 - 0x00007fff7b068000 	C:\sts-4.19.1.RELEASE\plugins\org.eclipse.justj.openjdk.hotspot.jre.full.win32.x86_64_17.0.7.v20230425-1502\jre\bin\zip.dll
0x00007fff85660000 - 0x00007fff85dcf000 	C:\WINDOWS\System32\SHELL32.dll
0x00007fff81e60000 - 0x00007fff82603000 	C:\WINDOWS\SYSTEM32\windows.storage.dll
0x00007fff85160000 - 0x00007fff854b5000 	C:\WINDOWS\System32\combase.dll
0x00007fff839e0000 - 0x00007fff83a0b000 	C:\WINDOWS\SYSTEM32\Wldp.dll
0x00007fff86930000 - 0x00007fff869fd000 	C:\WINDOWS\System32\OLEAUT32.dll
0x00007fff866b0000 - 0x00007fff8675d000 	C:\WINDOWS\System32\SHCORE.dll
0x00007fff86250000 - 0x00007fff862a5000 	C:\WINDOWS\System32\shlwapi.dll
0x00007fff84690000 - 0x00007fff846b5000 	C:\WINDOWS\SYSTEM32\profapi.dll
0x00007fff71070000 - 0x00007fff71089000 	C:\sts-4.19.1.RELEASE\plugins\org.eclipse.justj.openjdk.hotspot.jre.full.win32.x86_64_17.0.7.v20230425-1502\jre\bin\net.dll
0x00007fff7c780000 - 0x00007fff7c88a000 	C:\WINDOWS\SYSTEM32\WINHTTP.dll
0x00007fff836f0000 - 0x00007fff8375c000 	C:\WINDOWS\system32\mswsock.dll
0x00007fff6d2d0000 - 0x00007fff6d2e5000 	C:\sts-4.19.1.RELEASE\plugins\org.eclipse.justj.openjdk.hotspot.jre.full.win32.x86_64_17.0.7.v20230425-1502\jre\bin\nio.dll
0x00007fff6e9a0000 - 0x00007fff6e9a9000 	C:\sts-4.19.1.RELEASE\plugins\org.eclipse.justj.openjdk.hotspot.jre.full.win32.x86_64_17.0.7.v20230425-1502\jre\bin\management.dll
0x00007fff6d730000 - 0x00007fff6d73b000 	C:\sts-4.19.1.RELEASE\plugins\org.eclipse.justj.openjdk.hotspot.jre.full.win32.x86_64_17.0.7.v20230425-1502\jre\bin\management_ext.dll
0x00007fff866a0000 - 0x00007fff866a8000 	C:\WINDOWS\System32\PSAPI.DLL
0x00007fff7bb50000 - 0x00007fff7bb5e000 	C:\sts-4.19.1.RELEASE\plugins\org.eclipse.justj.openjdk.hotspot.jre.full.win32.x86_64_17.0.7.v20230425-1502\jre\bin\sunmscapi.dll
0x00007fff84f90000 - 0x00007fff850ed000 	C:\WINDOWS\System32\CRYPT32.dll
0x00007fff83a80000 - 0x00007fff83aa7000 	C:\WINDOWS\SYSTEM32\ncrypt.dll
0x00007fff83970000 - 0x00007fff839ab000 	C:\WINDOWS\SYSTEM32\NTASN1.dll
0x00007fff84450000 - 0x00007fff84468000 	C:\WINDOWS\SYSTEM32\CRYPTSP.dll
0x00007fff830b0000 - 0x00007fff830e8000 	C:\WINDOWS\system32\rsaenh.dll
0x00007fff84650000 - 0x00007fff8467e000 	C:\WINDOWS\SYSTEM32\USERENV.dll
0x00007fff839b0000 - 0x00007fff839bc000 	C:\WINDOWS\SYSTEM32\CRYPTBASE.dll
0x00007fff83410000 - 0x00007fff8344b000 	C:\WINDOWS\SYSTEM32\IPHLPAPI.DLL
0x00007fff86620000 - 0x00007fff86628000 	C:\WINDOWS\System32\NSI.dll
0x00007fff7cc70000 - 0x00007fff7cc87000 	C:\WINDOWS\SYSTEM32\dhcpcsvc6.DLL
0x00007fff7cc20000 - 0x00007fff7cc3d000 	C:\WINDOWS\SYSTEM32\dhcpcsvc.DLL
0x00007fff83450000 - 0x00007fff8351a000 	C:\WINDOWS\SYSTEM32\DNSAPI.dll
0x00007fff7f270000 - 0x00007fff7f280000 	C:\sts-4.19.1.RELEASE\plugins\org.eclipse.justj.openjdk.hotspot.jre.full.win32.x86_64_17.0.7.v20230425-1502\jre\bin\verify.dll
0x00007fff7bbe0000 - 0x00007fff7bbea000 	C:\Windows\System32\rasadhlp.dll
0x00007fff7c0f0000 - 0x00007fff7c170000 	C:\WINDOWS\System32\fwpuclnt.dll
0x00007fff6a820000 - 0x00007fff6a827000 	C:\WINDOWS\system32\wshunix.dll

dbghelp: loaded successfully - version: 4.0.5 - missing functions: none
symbol engine: initialized successfully - sym options: 0x614 - pdb path: .;C:\sts-4.19.1.RELEASE\plugins\org.eclipse.justj.openjdk.hotspot.jre.full.win32.x86_64_17.0.7.v20230425-1502\jre\bin;C:\WINDOWS\SYSTEM32;C:\WINDOWS\WinSxS\amd64_microsoft.windows.common-controls_6595b64144ccf1df_6.0.19041.4355_none_60b8b9eb71f62e16;C:\sts-4.19.1.RELEASE\plugins\org.eclipse.justj.openjdk.hotspot.jre.full.win32.x86_64_17.0.7.v20230425-1502\jre\bin\server

VM Arguments:
jvm_args: -Dfile.encoding=UTF-8 -XX:+ShowCodeDetailsInExceptionMessages 
java_command: com.rahul.CurrencyExchange2025Application
java_class_path (initial): C:\Users\acer\Desktop\Rahul_Material\GL_Web_API_2024_1\New\GL_WEB_API_2024\Currency-Exchange_2025\target\classes;C:\Users\acer\.m2\repository\org\springframework\boot\spring-boot-starter-actuator\3.4.5\spring-boot-starter-actuator-3.4.5.jar;C:\Users\acer\.m2\repository\org\springframework\boot\spring-boot-starter\3.4.5\spring-boot-starter-3.4.5.jar;C:\Users\acer\.m2\repository\org\springframework\boot\spring-boot-starter-logging\3.4.5\spring-boot-starter-logging-3.4.5.jar;C:\Users\acer\.m2\repository\ch\qos\logback\logback-classic\1.5.18\logback-classic-1.5.18.jar;C:\Users\acer\.m2\repository\ch\qos\logback\logback-core\1.5.18\logback-core-1.5.18.jar;C:\Users\acer\.m2\repository\org\apache\logging\log4j\log4j-to-slf4j\2.24.3\log4j-to-slf4j-2.24.3.jar;C:\Users\acer\.m2\repository\org\apache\logging\log4j\log4j-api\2.24.3\log4j-api-2.24.3.jar;C:\Users\acer\.m2\repository\org\slf4j\jul-to-slf4j\2.0.17\jul-to-slf4j-2.0.17.jar;C:\Users\acer\.m2\repository\jakarta\annotation\jakarta.annotation-api\2.1.1\jakarta.annotation-api-2.1.1.jar;C:\Users\acer\.m2\repository\org\yaml\snakeyaml\2.3\snakeyaml-2.3.jar;C:\Users\acer\.m2\repository\org\springframework\boot\spring-boot-actuator-autoconfigure\3.4.5\spring-boot-actuator-autoconfigure-3.4.5.jar;C:\Users\acer\.m2\repository\org\springframework\boot\spring-boot-actuator\3.4.5\spring-boot-actuator-3.4.5.jar;C:\Users\acer\.m2\repository\com\fasterxml\jackson\core\jackson-databind\2.18.3\jackson-databind-2.18.3.jar;C:\Users\acer\.m2\repository\com\fasterxml\jackson\core\jackson-annotations\2.18.3\jackson-annotations-2.18.3.jar;C:\Users\acer\.m2\repository\com\fasterxml\jackson\core\jackson-core\2.18.3\jackson-core-2.18.3.jar;C:\Users\acer\.m2\repository\com\fasterxml\jackson\datatype\jackson-datatype-jsr310\2.18.3\jackson-datatype-jsr310-2.18.3.jar;C:\Users\acer\.m2\repository\io\micrometer\micrometer-observation\1.14.6\micrometer-observation-1.14.6.jar;C:\Users\acer\.m2\repository\io\micrometer\micro
Launcher Type: SUN_STANDARD

[Global flags]
     intx CICompilerCount                          = 3                                         {product} {ergonomic}
     uint ConcGCThreads                            = 1                                         {product} {ergonomic}
     uint G1ConcRefinementThreads                  = 4                                         {product} {ergonomic}
   size_t G1HeapRegionSize                         = 1048576                                   {product} {ergonomic}
    uintx GCDrainStackTargetSize                   = 64                                        {product} {ergonomic}
   size_t InitialHeapSize                          = 132120576                                 {product} {ergonomic}
   size_t MarkStackSize                            = 4194304                                   {product} {ergonomic}
   size_t MaxHeapSize                              = 2113929216                                {product} {ergonomic}
   size_t MaxNewSize                               = 1267728384                                {product} {ergonomic}
   size_t MinHeapDeltaBytes                        = 1048576                                   {product} {ergonomic}
   size_t MinHeapSize                              = 8388608                                   {product} {ergonomic}
    uintx NonNMethodCodeHeapSize                   = 5832780                                {pd product} {ergonomic}
    uintx NonProfiledCodeHeapSize                  = 122912730                              {pd product} {ergonomic}
    uintx ProfiledCodeHeapSize                     = 122912730                              {pd product} {ergonomic}
    uintx ReservedCodeCacheSize                    = 251658240                              {pd product} {ergonomic}
     bool SegmentedCodeCache                       = true                                      {product} {ergonomic}
     bool ShowCodeDetailsInExceptionMessages       = true                                   {manageable} {command line}
   size_t SoftMaxHeapSize                          = 2113929216                             {manageable} {ergonomic}
     bool UseCompressedClassPointers               = true                           {product lp64_product} {ergonomic}
     bool UseCompressedOops                        = true                           {product lp64_product} {ergonomic}
     bool UseG1GC                                  = true                                      {product} {ergonomic}
     bool UseLargePagesIndividualAllocation        = false                                  {pd product} {ergonomic}

Logging:
Log output configuration:
 #0: stdout all=warning uptime,level,tags
 #1: stderr all=off uptime,level,tags

Environment Variables:
JAVA_HOME=C:\Program Files\Java\jdk-17
PATH=C:/sts-4.19.1.RELEASE//plugins/org.eclipse.justj.openjdk.hotspot.jre.full.win32.x86_64_17.0.7.v20230425-1502/jre/bin/server;C:/sts-4.19.1.RELEASE//plugins/org.eclipse.justj.openjdk.hotspot.jre.full.win32.x86_64_17.0.7.v20230425-1502/jre/bin;C:\Python311\Scripts\;C:\Python311\;C:\WINDOWS\system32;C:\WINDOWS;C:\WINDOWS\System32\Wbem;C:\WINDOWS\System32\WindowsPowerShell\v1.0\;C:\WINDOWS\System32\OpenSSH\;C:\Program Files\MySQL\MySQL Server 8.0\bin;C:\Program Files\nodejs\;C:\ProgramData\chocolatey\bin;C:\Program Files\Git\cmd;C:\Program Files\Docker\Docker\resources\bin;C:\Program Files (x86)\Google\Cloud SDK\google-cloud-sdk\bin;C:\Program Files\Kubernetes\Minikube;C:\msys64\mingw64\bin;C:\msys64\mingw32\bin;%JAVA_HOME%\bin;C:\MinGW\bin;C:\WINDOWS\system32;C:\WINDOWS;C:\WINDOWS\System32\Wbem;C:\WINDOWS\System32\WindowsPowerShell\v1.0\;C:\WINDOWS\System32\OpenSSH\;C:\Program Files\Java\jdk-17\bin;C:\Program Files\Java\jdk-17;C:\Program Files\MySQL\MySQL Shell 8.0\bin\;C:\Users\acer\AppData\Local\Microsoft\WindowsApps;C:\Users\acer\AppData\Roaming\npm;C:\Users\acer\AppData\Local\Programs\Microsoft VS Code\bin;C:\Program Files\Java\jdk-17;C:\Program Files\JetBrains\PyCharm Community Edition 2024.2.1\bin;;C:\Program Files (x86)\EShare\;C:\Users\acer\AppData\Local\GitHubDesktop\bin;;C:\sts-4.19.1.RELEASE;
USERNAME=RAHUL
OS=Windows_NT
PROCESSOR_IDENTIFIER=Intel64 Family 6 Model 78 Stepping 3, GenuineIntel
TMP=C:\Users\acer\AppData\Local\Temp
TEMP=C:\Users\acer\AppData\Local\Temp



---------------  S Y S T E M  ---------------

OS:
 Windows 10 , 64 bit Build 19041 (10.0.19041.5678)
OS uptime: 3 days 1:39 hours
Hyper-V role detected

CPU: total 4 (initial active 4) (2 cores per cpu, 2 threads per core) family 6 model 78 stepping 3 microcode 0xcc, cx8, cmov, fxsr, ht, mmx, 3dnowpref, sse, sse2, sse3, ssse3, sse4.1, sse4.2, popcnt, lzcnt, tsc, tscinvbit, avx, avx2, aes, erms, clmul, bmi1, bmi2, adx, fma, vzeroupper, clflush, clflushopt, hv

Memory: 4k page, system-wide physical 8060M (513M free)
TotalPageFile size 10108M (AvailPageFile size 5M)
current process WorkingSet (physical memory assigned to process): 280M, peak: 288M
current process commit charge ("private bytes"): 302M, peak: 311M

vm_info: OpenJDK 64-Bit Server VM (17.0.7+7) for windows-amd64 JRE (17.0.7+7), built on Apr 18 2023 22:10:42 by "temurin" with MS VC++ 16.7 (VS2019)

END.
