#
# There is insufficient memory for the Java Runtime Environment to continue.
# Native memory allocation (malloc) failed to allocate 1162096 bytes for Chunk::new
# Possible reasons:
#   The system is out of physical RAM or swap space
#   The process is running with CompressedOops enabled, and the Java Heap may be blocking the growth of the native heap
# Possible solutions:
#   Reduce memory load on the system
#   Increase physical memory or swap space
#   Check if swap backing store is full
#   Decrease Java heap size (-Xmx/-Xms)
#   Decrease number of Java threads
#   Decrease Java thread stack sizes (-Xss)
#   Set larger code cache with -XX:ReservedCodeCacheSize=
#   JVM is running with Unscaled Compressed Oops mode in which the Java heap is
#     placed in the first 4GB address space. The Java Heap base address is the
#     maximum limit for the native heap growth. Please use -XX:HeapBaseMinAddress
#     to set the Java Heap base and to place the Java Heap above 4GB virtual address.
# This output file may be truncated or incomplete.
#
#  Out of Memory Error (arena.cpp:189), pid=11388, tid=3664
#
# JRE version: OpenJDK Runtime Environment Temurin-17.0.7+7 (17.0.7+7) (build 17.0.7+7)
# Java VM: OpenJDK 64-Bit Server VM Temurin-17.0.7+7 (17.0.7+7, mixed mode, tiered, compressed oops, compressed class ptrs, g1 gc, windows-amd64)
# No core dump will be written. Minidumps are not enabled by default on client versions of Windows
#

---------------  S U M M A R Y ------------

Command Line: -Dcom.sun.management.jmxremote -Dcom.sun.management.jmxremote.port=56713 -Dcom.sun.management.jmxremote.authenticate=false -Dcom.sun.management.jmxremote.ssl=false -Djava.rmi.server.hostname=localhost -Dspring.jmx.enabled=true -Dmanagement.endpoints.jmx.exposure.include=* -Dspring.application.admin.enabled=true -Dspring.boot.project.name=Currency-Exchange_2025 -Dfile.encoding=UTF-8 -XX:+ShowCodeDetailsInExceptionMessages com.rahul.CurrencyExchange2025Application --spring.output.ansi.enabled=always

Host: Intel(R) Core(TM) i3-6006U CPU @ 2.00GHz, 4 cores, 7G,  Windows 10 , 64 bit Build 19041 (10.0.19041.5794)
Time: Sun May 25 12:38:27 2025 India Standard Time elapsed time: 14.806048 seconds (0d 0h 0m 14s)

---------------  T H R E A D  ---------------

Current thread (0x000001b62f8d08b0):  JavaThread "C2 CompilerThread1" daemon [_thread_in_native, id=3664, stack(0x000000392b700000,0x000000392b800000)]


Current CompileTask:
C2:  14806 4275   !   4       org.springframework.beans.factory.support.DefaultListableBeanFactory::doGetBeanNamesForType (527 bytes)

Stack: [0x000000392b700000,0x000000392b800000]
Native frames: (J=compiled Java code, j=interpreted, Vv=VM code, C=native code)
V  [jvm.dll+0x67754a]
V  [jvm.dll+0x834304]
V  [jvm.dll+0x835aae]
V  [jvm.dll+0x836113]
V  [jvm.dll+0x24696f]
V  [jvm.dll+0xac0ac]
V  [jvm.dll+0xac67c]
V  [jvm.dll+0x2adbef]
V  [jvm.dll+0x580067]
V  [jvm.dll+0x221e72]
V  [jvm.dll+0x22224f]
V  [jvm.dll+0x21b4a5]
V  [jvm.dll+0x21895b]
V  [jvm.dll+0x1a4d8d]
V  [jvm.dll+0x2284da]
V  [jvm.dll+0x226615]
V  [jvm.dll+0x7ea90b]
V  [jvm.dll+0x7e4e7a]
V  [jvm.dll+0x676395]
C  [ucrtbase.dll+0x21bb2]
C  [KERNEL32.DLL+0x17374]
C  [ntdll.dll+0x4cc91]


---------------  P R O C E S S  ---------------

Threads class SMR info:
_java_thread_list=0x000001b63063d3c0, length=22, elements={
0x000001b60efdfa00, 0x000001b62a5e6060, 0x000001b62a5e7080, 0x000001b62a610550,
0x000001b62a611e20, 0x000001b62a6126e0, 0x000001b62a612fa0, 0x000001b62a613b90,
0x000001b62a614c70, 0x000001b62a62eca0, 0x000001b62a55e760, 0x000001b62a89f040,
0x000001b62f3da630, 0x000001b62f65abf0, 0x000001b62f3d9c60, 0x000001b62f6d0680,
0x000001b62f69b030, 0x000001b62fc86a50, 0x000001b62fd9d090, 0x000001b6300df650,
0x000001b6300decb0, 0x000001b62f8d08b0
}

Java Threads: ( => current thread )
  0x000001b60efdfa00 JavaThread "main" [_thread_blocked, id=4084, stack(0x000000392a500000,0x000000392a600000)]
  0x000001b62a5e6060 JavaThread "Reference Handler" daemon [_thread_blocked, id=13900, stack(0x000000392ac00000,0x000000392ad00000)]
  0x000001b62a5e7080 JavaThread "Finalizer" daemon [_thread_blocked, id=5332, stack(0x000000392ad00000,0x000000392ae00000)]
  0x000001b62a610550 JavaThread "Signal Dispatcher" daemon [_thread_blocked, id=3048, stack(0x000000392ae00000,0x000000392af00000)]
  0x000001b62a611e20 JavaThread "Attach Listener" daemon [_thread_blocked, id=2788, stack(0x000000392af00000,0x000000392b000000)]
  0x000001b62a6126e0 JavaThread "Service Thread" daemon [_thread_blocked, id=8748, stack(0x000000392b000000,0x000000392b100000)]
  0x000001b62a612fa0 JavaThread "Monitor Deflation Thread" daemon [_thread_blocked, id=9000, stack(0x000000392b100000,0x000000392b200000)]
  0x000001b62a613b90 JavaThread "C2 CompilerThread0" daemon [_thread_blocked, id=1316, stack(0x000000392b200000,0x000000392b300000)]
  0x000001b62a614c70 JavaThread "C1 CompilerThread0" daemon [_thread_blocked, id=4900, stack(0x000000392b300000,0x000000392b400000)]
  0x000001b62a62eca0 JavaThread "Sweeper thread" daemon [_thread_blocked, id=10684, stack(0x000000392b400000,0x000000392b500000)]
  0x000001b62a55e760 JavaThread "Common-Cleaner" daemon [_thread_blocked, id=4360, stack(0x000000392b500000,0x000000392b600000)]
  0x000001b62a89f040 JavaThread "Notification Thread" daemon [_thread_blocked, id=1368, stack(0x000000392b600000,0x000000392b700000)]
  0x000001b62f3da630 JavaThread "RMI TCP Accept-0" daemon [_thread_in_native, id=1840, stack(0x000000392b800000,0x000000392b900000)]
  0x000001b62f65abf0 JavaThread "RMI TCP Accept-56713" daemon [_thread_in_native, id=2688, stack(0x000000392b900000,0x000000392ba00000)]
  0x000001b62f3d9c60 JavaThread "RMI TCP Accept-0" daemon [_thread_in_native, id=2988, stack(0x000000392ba00000,0x000000392bb00000)]
  0x000001b62f6d0680 JavaThread "RMI TCP Connection(1)-127.0.0.1" daemon [_thread_in_native, id=10344, stack(0x000000392c000000,0x000000392c100000)]
  0x000001b62f69b030 JavaThread "RMI Scheduler(0)" daemon [_thread_blocked, id=10796, stack(0x000000392c100000,0x000000392c200000)]
  0x000001b62fc86a50 JavaThread "RMI TCP Connection(2)-127.0.0.1" daemon [_thread_in_native, id=5272, stack(0x000000392c200000,0x000000392c300000)]
  0x000001b62fd9d090 JavaThread "JMX server connection timeout 21" daemon [_thread_blocked, id=4044, stack(0x000000392c300000,0x000000392c400000)]
  0x000001b6300df650 JavaThread "Thread-0" [_thread_blocked, id=10932, stack(0x000000392c400000,0x000000392c500000)]
  0x000001b6300decb0 JavaThread "restartedMain" [_thread_in_native, id=2556, stack(0x000000392c500000,0x000000392c600000)]
=>0x000001b62f8d08b0 JavaThread "C2 CompilerThread1" daemon [_thread_in_native, id=3664, stack(0x000000392b700000,0x000000392b800000)]

Other Threads:
  0x000001b62a5bf4a0 VMThread "VM Thread" [stack: 0x000000392ab00000,0x000000392ac00000] [id=1256]
  0x000001b60f056600 WatcherThread [stack: 0x000000392bb00000,0x000000392bc00000] [id=7056]
  0x000001b60f03a1e0 GCTaskThread "GC Thread#0" [stack: 0x000000392a600000,0x000000392a700000] [id=5652]
  0x000001b62f5d0710 GCTaskThread "GC Thread#1" [stack: 0x000000392bc00000,0x000000392bd00000] [id=10624]
  0x000001b62f7f6a70 GCTaskThread "GC Thread#2" [stack: 0x000000392bd00000,0x000000392be00000] [id=13344]
  0x000001b62f4f0910 GCTaskThread "GC Thread#3" [stack: 0x000000392be00000,0x000000392bf00000] [id=9512]
  0x000001b60f04b3d0 ConcurrentGCThread "G1 Main Marker" [stack: 0x000000392a700000,0x000000392a800000] [id=2772]
  0x000001b60f04bcf0 ConcurrentGCThread "G1 Conc#0" [stack: 0x000000392a800000,0x000000392a900000] [id=3656]
  0x000001b62a4324c0 ConcurrentGCThread "G1 Refine#0" [stack: 0x000000392a900000,0x000000392aa00000] [id=4500]
  0x000001b62f4f0bc0 ConcurrentGCThread "G1 Refine#1" [stack: 0x000000392bf00000,0x000000392c000000] [id=13892]
  0x000001b62a432f30 ConcurrentGCThread "G1 Service" [stack: 0x000000392aa00000,0x000000392ab00000] [id=10404]

Threads with active compile tasks:
C2 CompilerThread1    14849 4275   !   4       org.springframework.beans.factory.support.DefaultListableBeanFactory::doGetBeanNamesForType (527 bytes)

VM state: not at safepoint (normal execution)

VM Mutex/Monitor currently owned by a thread: None

Heap address: 0x0000000082000000, size: 2016 MB, Compressed Oops mode: 32-bit

CDS archive(s) not mapped
Compressed class space mapped at: 0x0000000100000000-0x0000000140000000, reserved size: 1073741824
Narrow klass base: 0x0000000000000000, Narrow klass shift: 3, Narrow klass range: 0x140000000

GC Precious Log:
 CPUs: 4 total, 4 available
 Memory: 8060M
 Large Page Support: Disabled
 NUMA Support: Disabled
 Compressed Oops: Enabled (32-bit)
 Heap Region Size: 1M
 Heap Min Capacity: 8M
 Heap Initial Capacity: 126M
 Heap Max Capacity: 2016M
 Pre-touch: Disabled
 Parallel Workers: 4
 Concurrent Workers: 1
 Concurrent Refinement Workers: 4
 Periodic GC: Disabled

Heap:
 garbage-first heap   total 46080K, used 32870K [0x0000000082000000, 0x0000000100000000)
  region size 1024K, 18 young (18432K), 3 survivors (3072K)
 Metaspace       used 40846K, committed 41280K, reserved 1114112K
  class space    used 4870K, committed 5120K, reserved 1048576K

Heap Regions: E=young(eden), S=young(survivor), O=old, HS=humongous(starts), HC=humongous(continues), CS=collection set, F=free, OA=open archive, CA=closed archive, TAMS=top-at-mark-start (previous, next)
|   0|0x0000000082000000, 0x0000000082100000, 0x0000000082100000|100%|HS|  |TAMS 0x0000000082100000, 0x0000000082000000| Complete 
|   1|0x0000000082100000, 0x0000000082200000, 0x0000000082200000|100%|HS|  |TAMS 0x0000000082200000, 0x0000000082100000| Complete 
|   2|0x0000000082200000, 0x0000000082300000, 0x0000000082300000|100%| O|  |TAMS 0x0000000082300000, 0x0000000082200000| Untracked 
|   3|0x0000000082300000, 0x0000000082400000, 0x0000000082400000|100%| O|  |TAMS 0x0000000082400000, 0x0000000082300000| Untracked 
|   4|0x0000000082400000, 0x0000000082500000, 0x0000000082500000|100%| O|  |TAMS 0x0000000082500000, 0x0000000082400000| Untracked 
|   5|0x0000000082500000, 0x0000000082600000, 0x0000000082600000|100%| O|  |TAMS 0x0000000082600000, 0x0000000082500000| Untracked 
|   6|0x0000000082600000, 0x00000000826ff800, 0x0000000082700000| 99%| O|  |TAMS 0x00000000826ff800, 0x0000000082600000| Untracked 
|   7|0x0000000082700000, 0x0000000082800000, 0x0000000082800000|100%| O|  |TAMS 0x0000000082800000, 0x0000000082700000| Untracked 
|   8|0x0000000082800000, 0x00000000828ffff8, 0x0000000082900000| 99%| O|  |TAMS 0x00000000828ffff8, 0x0000000082800000| Untracked 
|   9|0x0000000082900000, 0x0000000082a00000, 0x0000000082a00000|100%| O|  |TAMS 0x0000000082a00000, 0x0000000082900000| Untracked 
|  10|0x0000000082a00000, 0x0000000082b00000, 0x0000000082b00000|100%| O|  |TAMS 0x0000000082b00000, 0x0000000082a00000| Untracked 
|  11|0x0000000082b00000, 0x0000000082c00000, 0x0000000082c00000|100%| O|  |TAMS 0x0000000082c00000, 0x0000000082b00000| Untracked 
|  12|0x0000000082c00000, 0x0000000082d00000, 0x0000000082d00000|100%| O|  |TAMS 0x0000000082d00000, 0x0000000082c00000| Untracked 
|  13|0x0000000082d00000, 0x0000000082e00000, 0x0000000082e00000|100%| O|  |TAMS 0x0000000082e00000, 0x0000000082d00000| Untracked 
|  14|0x0000000082e00000, 0x0000000082f00000, 0x0000000082f00000|100%| O|  |TAMS 0x0000000082ef2600, 0x0000000082e00000| Untracked 
|  15|0x0000000082f00000, 0x0000000083000000, 0x0000000083000000|100%| O|  |TAMS 0x0000000082f00000, 0x0000000082f00000| Untracked 
|  16|0x0000000083000000, 0x0000000083044200, 0x0000000083100000| 26%| O|  |TAMS 0x0000000083000000, 0x0000000083000000| Untracked 
|  17|0x0000000083100000, 0x0000000083100000, 0x0000000083200000|  0%| F|  |TAMS 0x0000000083100000, 0x0000000083100000| Untracked 
|  18|0x0000000083200000, 0x0000000083200000, 0x0000000083300000|  0%| F|  |TAMS 0x0000000083200000, 0x0000000083200000| Untracked 
|  19|0x0000000083300000, 0x0000000083300000, 0x0000000083400000|  0%| F|  |TAMS 0x0000000083300000, 0x0000000083300000| Untracked 
|  20|0x0000000083400000, 0x0000000083400000, 0x0000000083500000|  0%| F|  |TAMS 0x0000000083400000, 0x0000000083400000| Untracked 
|  21|0x0000000083500000, 0x0000000083500000, 0x0000000083600000|  0%| F|  |TAMS 0x0000000083500000, 0x0000000083500000| Untracked 
|  22|0x0000000083600000, 0x0000000083600000, 0x0000000083700000|  0%| F|  |TAMS 0x0000000083600000, 0x0000000083600000| Untracked 
|  23|0x0000000083700000, 0x00000000837d6040, 0x0000000083800000| 83%| S|CS|TAMS 0x0000000083700000, 0x0000000083700000| Complete 
|  24|0x0000000083800000, 0x0000000083900000, 0x0000000083900000|100%| S|CS|TAMS 0x0000000083800000, 0x0000000083800000| Complete 
|  25|0x0000000083900000, 0x0000000083a00000, 0x0000000083a00000|100%| S|CS|TAMS 0x0000000083900000, 0x0000000083900000| Complete 
|  26|0x0000000083a00000, 0x0000000083a00000, 0x0000000083b00000|  0%| F|  |TAMS 0x0000000083a00000, 0x0000000083a00000| Untracked 
|  27|0x0000000083b00000, 0x0000000083b00000, 0x0000000083c00000|  0%| F|  |TAMS 0x0000000083b00000, 0x0000000083b00000| Untracked 
|  28|0x0000000083c00000, 0x0000000083c00000, 0x0000000083d00000|  0%| F|  |TAMS 0x0000000083c00000, 0x0000000083c00000| Untracked 
|  29|0x0000000083d00000, 0x0000000083d00000, 0x0000000083e00000|  0%| F|  |TAMS 0x0000000083d00000, 0x0000000083d00000| Untracked 
|  30|0x0000000083e00000, 0x0000000083e4f440, 0x0000000083f00000| 30%| E|  |TAMS 0x0000000083e00000, 0x0000000083e00000| Complete 
|  31|0x0000000083f00000, 0x0000000084000000, 0x0000000084000000|100%| E|CS|TAMS 0x0000000083f00000, 0x0000000083f00000| Complete 
|  32|0x0000000084000000, 0x0000000084100000, 0x0000000084100000|100%| E|CS|TAMS 0x0000000084000000, 0x0000000084000000| Complete 
|  33|0x0000000084100000, 0x0000000084200000, 0x0000000084200000|100%| E|CS|TAMS 0x0000000084100000, 0x0000000084100000| Complete 
|  34|0x0000000084200000, 0x0000000084300000, 0x0000000084300000|100%| E|CS|TAMS 0x0000000084200000, 0x0000000084200000| Complete 
|  35|0x0000000084300000, 0x0000000084400000, 0x0000000084400000|100%| E|CS|TAMS 0x0000000084300000, 0x0000000084300000| Complete 
|  36|0x0000000084400000, 0x0000000084500000, 0x0000000084500000|100%| E|CS|TAMS 0x0000000084400000, 0x0000000084400000| Complete 
|  37|0x0000000084500000, 0x0000000084600000, 0x0000000084600000|100%| E|CS|TAMS 0x0000000084500000, 0x0000000084500000| Complete 
|  38|0x0000000084600000, 0x0000000084700000, 0x0000000084700000|100%| E|  |TAMS 0x0000000084600000, 0x0000000084600000| Complete 
|  39|0x0000000084700000, 0x0000000084800000, 0x0000000084800000|100%| E|CS|TAMS 0x0000000084700000, 0x0000000084700000| Complete 
|  40|0x0000000084800000, 0x0000000084900000, 0x0000000084900000|100%| E|CS|TAMS 0x0000000084800000, 0x0000000084800000| Complete 
| 122|0x0000000089a00000, 0x0000000089b00000, 0x0000000089b00000|100%| E|CS|TAMS 0x0000000089a00000, 0x0000000089a00000| Complete 
| 123|0x0000000089b00000, 0x0000000089c00000, 0x0000000089c00000|100%| E|CS|TAMS 0x0000000089b00000, 0x0000000089b00000| Complete 
| 124|0x0000000089c00000, 0x0000000089d00000, 0x0000000089d00000|100%| E|CS|TAMS 0x0000000089c00000, 0x0000000089c00000| Complete 
| 125|0x0000000089d00000, 0x0000000089e00000, 0x0000000089e00000|100%| E|CS|TAMS 0x0000000089d00000, 0x0000000089d00000| Complete 

Card table byte_map: [0x000001b623880000,0x000001b623c70000] _byte_map_base: 0x000001b623470000

Marking Bits (Prev, Next): (CMBitMap*) 0x000001b60f03a700, (CMBitMap*) 0x000001b60f03a740
 Prev Bits: [0x000001b624060000, 0x000001b625fe0000)
 Next Bits: [0x000001b625fe0000, 0x000001b627f60000)

Polling page: 0x000001b60f0a0000

Metaspace:

Usage:
  Non-class:     35.13 MB used.
      Class:      4.76 MB used.
       Both:     39.89 MB used.

Virtual space:
  Non-class space:       64.00 MB reserved,      35.31 MB ( 55%) committed,  1 nodes.
      Class space:        1.00 GB reserved,       5.00 MB ( <1%) committed,  1 nodes.
             Both:        1.06 GB reserved,      40.31 MB (  4%) committed. 

Chunk freelists:
   Non-Class:  12.63 MB
       Class:  11.05 MB
        Both:  23.68 MB

MaxMetaspaceSize: unlimited
CompressedClassSpaceSize: 1.00 GB
Initial GC threshold: 21.00 MB
Current GC threshold: 58.88 MB
CDS: off
MetaspaceReclaimPolicy: balanced
 - commit_granule_bytes: 65536.
 - commit_granule_words: 8192.
 - virtual_space_node_default_size: 8388608.
 - enlarge_chunks_in_place: 1.
 - new_chunks_are_fully_committed: 0.
 - uncommit_free_chunks: 1.
 - use_allocation_guard: 0.
 - handle_deallocations: 1.


Internal statistics:

num_allocs_failed_limit: 6.
num_arena_births: 552.
num_arena_deaths: 0.
num_vsnodes_births: 2.
num_vsnodes_deaths: 0.
num_space_committed: 645.
num_space_uncommitted: 0.
num_chunks_returned_to_freelist: 6.
num_chunks_taken_from_freelist: 1729.
num_chunk_merges: 3.
num_chunk_splits: 1130.
num_chunks_enlarged: 793.
num_inconsistent_stats: 0.

CodeHeap 'non-profiled nmethods': size=120000Kb used=2543Kb max_used=2543Kb free=117456Kb
 bounds [0x000001b61b930000, 0x000001b61bbb0000, 0x000001b622e60000]
CodeHeap 'profiled nmethods': size=120000Kb used=9689Kb max_used=9689Kb free=110311Kb
 bounds [0x000001b613e60000, 0x000001b6147e0000, 0x000001b61b390000]
CodeHeap 'non-nmethods': size=5760Kb used=1232Kb max_used=1352Kb free=4527Kb
 bounds [0x000001b61b390000, 0x000001b61b600000, 0x000001b61b930000]
 total_blobs=4952 nmethods=4410 adapters=454
 compilation: enabled
              stopped_count=0, restarted_count=0
 full_count=0

Compilation events (20 events):
Event: 14.319 Thread 0x000001b62a614c70 nmethod 4398 0x000001b6147ca390 code [0x000001b6147ca540, 0x000001b6147ca768]
Event: 14.339 Thread 0x000001b62f8d08b0 nmethod 4265 0x000001b61bb92a90 code [0x000001b61bb93080, 0x000001b61bb99328]
Event: 14.343 Thread 0x000001b62f8d08b0 4275   !   4       org.springframework.beans.factory.support.DefaultListableBeanFactory::doGetBeanNamesForType (527 bytes)
Event: 14.354 Thread 0x000001b62a613b90 nmethod 4248 0x000001b61bb9ce90 code [0x000001b61bb9d500, 0x000001b61bba3780]
Event: 14.354 Thread 0x000001b62a613b90 4249       4       jdk.internal.loader.URLClassPath::findResource (38 bytes)
Event: 14.359 Thread 0x000001b62a613b90 nmethod 4249 0x000001b61bba7810 code [0x000001b61bba79c0, 0x000001b61bba7bb0]
Event: 14.359 Thread 0x000001b62a613b90 4267   !   4       java.lang.ref.ReferenceQueue::poll (28 bytes)
Event: 14.370 Thread 0x000001b62a613b90 nmethod 4267 0x000001b61bba7d90 code [0x000001b61bba7f20, 0x000001b61bba8418]
Event: 14.371 Thread 0x000001b62a613b90 4326       4       java.lang.ref.Reference::refersTo (6 bytes)
Event: 14.371 Thread 0x000001b62a613b90 nmethod 4326 0x000001b61bba8510 code [0x000001b61bba8680, 0x000001b61bba8718]
Event: 14.371 Thread 0x000001b62a613b90 4368       4       java.io.DataInputStream::readUnsignedShort (39 bytes)
Event: 14.372 Thread 0x000001b62a614c70 4403   !   3       java.io.WinNTFileSystem::resolve (362 bytes)
Event: 14.382 Thread 0x000001b62a614c70 nmethod 4403 0x000001b6147ca890 code [0x000001b6147cb260, 0x000001b6147cfc88]
Event: 14.383 Thread 0x000001b62a613b90 nmethod 4368 0x000001b61bba8810 code [0x000001b61bba89e0, 0x000001b61bba9598]
Event: 14.724 Thread 0x000001b62a614c70 4404       3       java.nio.MappedByteBuffer::limit (8 bytes)
Event: 14.725 Thread 0x000001b62a614c70 nmethod 4404 0x000001b6147d1690 code [0x000001b6147d1840, 0x000001b6147d19e8]
Event: 14.725 Thread 0x000001b62a614c70 4405       3       java.io.ObjectStreamClass::getSuperDesc (9 bytes)
Event: 14.726 Thread 0x000001b62a614c70 nmethod 4405 0x000001b6147d1a90 code [0x000001b6147d1c40, 0x000001b6147d1ec8]
Event: 14.726 Thread 0x000001b62a614c70 4407       3       java.io.ObjectStreamClass::getSerialVersionUID (42 bytes)
Event: 14.727 Thread 0x000001b62a614c70 nmethod 4407 0x000001b6147d2010 code [0x000001b6147d2240, 0x000001b6147d2928]

GC Heap History (20 events):
Event: 5.208 GC heap before
{Heap before GC invocations=2 (full 0):
 garbage-first heap   total 129024K, used 30915K [0x0000000082000000, 0x0000000100000000)
  region size 1024K, 24 young (24576K), 2 survivors (2048K)
 Metaspace       used 21200K, committed 21504K, reserved 1114112K
  class space    used 2339K, committed 2496K, reserved 1048576K
}
Event: 5.217 GC heap after
{Heap after GC invocations=3 (full 0):
 garbage-first heap   total 129024K, used 9909K [0x0000000082000000, 0x0000000100000000)
  region size 1024K, 3 young (3072K), 3 survivors (3072K)
 Metaspace       used 21200K, committed 21504K, reserved 1114112K
  class space    used 2339K, committed 2496K, reserved 1048576K
}
Event: 5.219 GC heap before
{Heap before GC invocations=3 (full 0):
 garbage-first heap   total 129024K, used 9909K [0x0000000082000000, 0x0000000100000000)
  region size 1024K, 4 young (4096K), 3 survivors (3072K)
 Metaspace       used 21217K, committed 21504K, reserved 1114112K
  class space    used 2339K, committed 2496K, reserved 1048576K
}
Event: 5.226 GC heap after
{Heap after GC invocations=4 (full 0):
 garbage-first heap   total 129024K, used 9986K [0x0000000082000000, 0x0000000100000000)
  region size 1024K, 3 young (3072K), 3 survivors (3072K)
 Metaspace       used 21217K, committed 21504K, reserved 1114112K
  class space    used 2339K, committed 2496K, reserved 1048576K
}
Event: 6.123 GC heap before
{Heap before GC invocations=5 (full 0):
 garbage-first heap   total 37888K, used 28418K [0x0000000082000000, 0x0000000100000000)
  region size 1024K, 22 young (22528K), 3 survivors (3072K)
 Metaspace       used 26434K, committed 26752K, reserved 1114112K
  class space    used 2958K, committed 3136K, reserved 1048576K
}
Event: 6.134 GC heap after
{Heap after GC invocations=6 (full 0):
 garbage-first heap   total 37888K, used 11238K [0x0000000082000000, 0x0000000100000000)
  region size 1024K, 4 young (4096K), 4 survivors (4096K)
 Metaspace       used 26434K, committed 26752K, reserved 1114112K
  class space    used 2958K, committed 3136K, reserved 1048576K
}
Event: 6.813 GC heap before
{Heap before GC invocations=6 (full 0):
 garbage-first heap   total 37888K, used 25574K [0x0000000082000000, 0x0000000100000000)
  region size 1024K, 19 young (19456K), 4 survivors (4096K)
 Metaspace       used 29650K, committed 29952K, reserved 1114112K
  class space    used 3390K, committed 3520K, reserved 1048576K
}
Event: 6.826 GC heap after
{Heap after GC invocations=7 (full 0):
 garbage-first heap   total 37888K, used 12814K [0x0000000082000000, 0x0000000100000000)
  region size 1024K, 3 young (3072K), 3 survivors (3072K)
 Metaspace       used 29650K, committed 29952K, reserved 1114112K
  class space    used 3390K, committed 3520K, reserved 1048576K
}
Event: 7.849 GC heap before
{Heap before GC invocations=7 (full 0):
 garbage-first heap   total 37888K, used 25102K [0x0000000082000000, 0x0000000100000000)
  region size 1024K, 16 young (16384K), 3 survivors (3072K)
 Metaspace       used 31091K, committed 31424K, reserved 1114112K
  class space    used 3547K, committed 3712K, reserved 1048576K
}
Event: 7.861 GC heap after
{Heap after GC invocations=8 (full 0):
 garbage-first heap   total 37888K, used 14218K [0x0000000082000000, 0x0000000100000000)
  region size 1024K, 2 young (2048K), 2 survivors (2048K)
 Metaspace       used 31091K, committed 31424K, reserved 1114112K
  class space    used 3547K, committed 3712K, reserved 1048576K
}
Event: 9.113 GC heap before
{Heap before GC invocations=8 (full 0):
 garbage-first heap   total 37888K, used 26506K [0x0000000082000000, 0x0000000100000000)
  region size 1024K, 14 young (14336K), 2 survivors (2048K)
 Metaspace       used 31945K, committed 32320K, reserved 1114112K
  class space    used 3633K, committed 3776K, reserved 1048576K
}
Event: 9.118 GC heap after
{Heap after GC invocations=9 (full 0):
 garbage-first heap   total 46080K, used 15448K [0x0000000082000000, 0x0000000100000000)
  region size 1024K, 2 young (2048K), 2 survivors (2048K)
 Metaspace       used 31945K, committed 32320K, reserved 1114112K
  class space    used 3633K, committed 3776K, reserved 1048576K
}
Event: 10.388 GC heap before
{Heap before GC invocations=9 (full 0):
 garbage-first heap   total 46080K, used 33880K [0x0000000082000000, 0x0000000100000000)
  region size 1024K, 20 young (20480K), 2 survivors (2048K)
 Metaspace       used 33804K, committed 34176K, reserved 1114112K
  class space    used 3876K, committed 4032K, reserved 1048576K
}
Event: 10.396 GC heap after
{Heap after GC invocations=10 (full 0):
 garbage-first heap   total 46080K, used 16671K [0x0000000082000000, 0x0000000100000000)
  region size 1024K, 3 young (3072K), 3 survivors (3072K)
 Metaspace       used 33804K, committed 34176K, reserved 1114112K
  class space    used 3876K, committed 4032K, reserved 1048576K
}
Event: 11.939 GC heap before
{Heap before GC invocations=10 (full 0):
 garbage-first heap   total 46080K, used 34079K [0x0000000082000000, 0x0000000100000000)
  region size 1024K, 20 young (20480K), 3 survivors (3072K)
 Metaspace       used 35719K, committed 36096K, reserved 1114112K
  class space    used 4176K, committed 4352K, reserved 1048576K
}
Event: 11.948 GC heap after
{Heap after GC invocations=11 (full 0):
 garbage-first heap   total 46080K, used 17976K [0x0000000082000000, 0x0000000100000000)
  region size 1024K, 3 young (3072K), 3 survivors (3072K)
 Metaspace       used 35719K, committed 36096K, reserved 1114112K
  class space    used 4176K, committed 4352K, reserved 1048576K
}
Event: 12.008 GC heap before
{Heap before GC invocations=11 (full 0):
 garbage-first heap   total 46080K, used 17976K [0x0000000082000000, 0x0000000100000000)
  region size 1024K, 4 young (4096K), 3 survivors (3072K)
 Metaspace       used 35758K, committed 36096K, reserved 1114112K
  class space    used 4183K, committed 4352K, reserved 1048576K
}
Event: 12.016 GC heap after
{Heap after GC invocations=12 (full 0):
 garbage-first heap   total 46080K, used 18027K [0x0000000082000000, 0x0000000100000000)
  region size 1024K, 2 young (2048K), 2 survivors (2048K)
 Metaspace       used 35758K, committed 36096K, reserved 1114112K
  class space    used 4183K, committed 4352K, reserved 1048576K
}
Event: 13.293 GC heap before
{Heap before GC invocations=13 (full 0):
 garbage-first heap   total 46080K, used 35435K [0x0000000082000000, 0x0000000100000000)
  region size 1024K, 19 young (19456K), 2 survivors (2048K)
 Metaspace       used 38548K, committed 38912K, reserved 1114112K
  class space    used 4559K, committed 4736K, reserved 1048576K
}
Event: 13.302 GC heap after
{Heap after GC invocations=14 (full 0):
 garbage-first heap   total 46080K, used 19558K [0x0000000082000000, 0x0000000100000000)
  region size 1024K, 3 young (3072K), 3 survivors (3072K)
 Metaspace       used 38548K, committed 38912K, reserved 1114112K
  class space    used 4559K, committed 4736K, reserved 1048576K
}

Dll operation events (8 events):
Event: 0.023 Loaded shared library C:\sts-4.19.1.RELEASE\plugins\org.eclipse.justj.openjdk.hotspot.jre.full.win32.x86_64_17.0.7.v20230425-1502\jre\bin\java.dll
Event: 1.514 Loaded shared library C:\sts-4.19.1.RELEASE\plugins\org.eclipse.justj.openjdk.hotspot.jre.full.win32.x86_64_17.0.7.v20230425-1502\jre\bin\jimage.dll
Event: 1.636 Loaded shared library C:\sts-4.19.1.RELEASE\plugins\org.eclipse.justj.openjdk.hotspot.jre.full.win32.x86_64_17.0.7.v20230425-1502\jre\bin\net.dll
Event: 1.679 Loaded shared library C:\sts-4.19.1.RELEASE\plugins\org.eclipse.justj.openjdk.hotspot.jre.full.win32.x86_64_17.0.7.v20230425-1502\jre\bin\nio.dll
Event: 1.704 Loaded shared library C:\sts-4.19.1.RELEASE\plugins\org.eclipse.justj.openjdk.hotspot.jre.full.win32.x86_64_17.0.7.v20230425-1502\jre\bin\zip.dll
Event: 2.512 Loaded shared library C:\sts-4.19.1.RELEASE\plugins\org.eclipse.justj.openjdk.hotspot.jre.full.win32.x86_64_17.0.7.v20230425-1502\jre\bin\management.dll
Event: 2.547 Loaded shared library C:\sts-4.19.1.RELEASE\plugins\org.eclipse.justj.openjdk.hotspot.jre.full.win32.x86_64_17.0.7.v20230425-1502\jre\bin\management_ext.dll
Event: 6.848 Loaded shared library C:\sts-4.19.1.RELEASE\plugins\org.eclipse.justj.openjdk.hotspot.jre.full.win32.x86_64_17.0.7.v20230425-1502\jre\bin\sunmscapi.dll

Deoptimization events (20 events):
Event: 13.567 Thread 0x000001b6300decb0 DEOPT PACKING pc=0x000001b61471aa44 sp=0x000000392c5fd0b0
Event: 13.567 Thread 0x000001b6300decb0 DEOPT UNPACKING pc=0x000001b61b3e7143 sp=0x000000392c5fc658 mode 0
Event: 13.852 Thread 0x000001b6300decb0 DEOPT PACKING pc=0x000001b6145b16bf sp=0x000000392c5fbf10
Event: 13.852 Thread 0x000001b6300decb0 DEOPT UNPACKING pc=0x000001b61b3e7143 sp=0x000000392c5fb4b0 mode 0
Event: 13.860 Thread 0x000001b6300decb0 Uncommon trap: trap_request=0xffffff45 fr.pc=0x000001b61badf730 relative=0x0000000000000b90
Event: 13.860 Thread 0x000001b6300decb0 Uncommon trap: reason=unstable_if action=reinterpret pc=0x000001b61badf730 method=org.springframework.boot.context.properties.source.SpringConfigurationPropertySources$SourcesIterator.fetchNext()Lorg/springframework/boot/context/properties/source/Configur
Event: 13.860 Thread 0x000001b6300decb0 DEOPT PACKING pc=0x000001b61badf730 sp=0x000000392c5fc2e0
Event: 13.860 Thread 0x000001b6300decb0 DEOPT UNPACKING pc=0x000001b61b3e69a3 sp=0x000000392c5fc2a0 mode 2
Event: 13.987 Thread 0x000001b6300decb0 Uncommon trap: trap_request=0xffffffde fr.pc=0x000001b61bb80444 relative=0x00000000000024a4
Event: 13.987 Thread 0x000001b6300decb0 Uncommon trap: reason=class_check action=maybe_recompile pc=0x000001b61bb80444 method=java.io.BufferedInputStream.read([BII)I @ 101 c2
Event: 13.987 Thread 0x000001b6300decb0 DEOPT PACKING pc=0x000001b61bb80444 sp=0x000000392c5f9400
Event: 13.987 Thread 0x000001b6300decb0 DEOPT UNPACKING pc=0x000001b61b3e69a3 sp=0x000000392c5f92b0 mode 2
Event: 14.310 Thread 0x000001b6300decb0 DEOPT PACKING pc=0x000001b61404639b sp=0x000000392c5fbef0
Event: 14.310 Thread 0x000001b6300decb0 DEOPT UNPACKING pc=0x000001b61b3e7143 sp=0x000000392c5fb360 mode 0
Event: 14.366 Thread 0x000001b6300decb0 DEOPT PACKING pc=0x000001b6146275a1 sp=0x000000392c5fc4c0
Event: 14.366 Thread 0x000001b6300decb0 DEOPT UNPACKING pc=0x000001b61b3e7143 sp=0x000000392c5fb978 mode 0
Event: 14.773 Thread 0x000001b6300decb0 Uncommon trap: trap_request=0xffffff45 fr.pc=0x000001b61bb2a92c relative=0x00000000000002ec
Event: 14.773 Thread 0x000001b6300decb0 Uncommon trap: reason=unstable_if action=reinterpret pc=0x000001b61bb2a92c method=java.io.WinNTFileSystem.prefixLength(Ljava/lang/String;)I @ 42 c2
Event: 14.773 Thread 0x000001b6300decb0 DEOPT PACKING pc=0x000001b61bb2a92c sp=0x000000392c5fd200
Event: 14.773 Thread 0x000001b6300decb0 DEOPT UNPACKING pc=0x000001b61b3e69a3 sp=0x000000392c5fd188 mode 2

Classes unloaded (0 events):
No events

Classes redefined (0 events):
No events

Internal exceptions (20 events):
Event: 13.386 Thread 0x000001b6300decb0 Exception <a 'java/lang/NoSuchMethodError'{0x0000000089c60440}: 'java.lang.Object java.lang.invoke.DirectMethodHandle$Holder.invokeSpecial(java.lang.Object, java.lang.Object, java.lang.Object, java.lang.Object, java.lang.Object, java.lang.Object, java.lang.Object, java.lang.Object, java.lang.Object)'> (0x0000000089c60440) 
thrown [s\src\hotspot\share\interpreter\linkResolver.cpp, line 759]
Event: 13.387 Thread 0x000001b6300decb0 Exception <a 'java/lang/NoSuchMethodError'{0x0000000089c65388}: 'java.lang.Object java.lang.invoke.Invokers$Holder.invoke_MT(java.lang.Object, java.lang.Object, java.lang.Object, java.lang.Object, java.lang.Object, java.lang.Object, java.lang.Object, java.lang.Object, java.lang.Object)'> (0x0000000089c65388) 
thrown [s\src\hotspot\share\interpreter\linkResolver.cpp, line 759]
Event: 13.393 Thread 0x000001b6300decb0 Exception <a 'java/lang/NoSuchMethodError'{0x0000000089c86c50}: 'int java.lang.invoke.DirectMethodHandle$Holder.invokeVirtual(java.lang.Object, java.lang.Object, java.lang.Object)'> (0x0000000089c86c50) 
thrown [s\src\hotspot\share\interpreter\linkResolver.cpp, line 759]
Event: 13.394 Thread 0x000001b6300decb0 Exception <a 'java/lang/NoSuchMethodError'{0x0000000089c8a7b0}: 'int java.lang.invoke.DirectMethodHandle$Holder.invokeVirtual(java.lang.Object, java.lang.Object)'> (0x0000000089c8a7b0) 
thrown [s\src\hotspot\share\interpreter\linkResolver.cpp, line 759]
Event: 13.395 Thread 0x000001b6300decb0 Exception <a 'java/lang/NoSuchMethodError'{0x0000000089c8ec58}: 'int java.lang.invoke.DirectMethodHandle$Holder.invokeStaticInit(java.lang.Object, int, int)'> (0x0000000089c8ec58) 
thrown [s\src\hotspot\share\interpreter\linkResolver.cpp, line 759]
Event: 13.397 Thread 0x000001b6300decb0 Exception <a 'java/lang/NoSuchMethodError'{0x0000000089c966f0}: 'int java.lang.invoke.DirectMethodHandle$Holder.invokeStaticInit(java.lang.Object, long, long)'> (0x0000000089c966f0) 
thrown [s\src\hotspot\share\interpreter\linkResolver.cpp, line 759]
Event: 13.398 Thread 0x000001b6300decb0 Exception <a 'java/lang/NoSuchMethodError'{0x0000000089c9ef68}: 'int java.lang.invoke.DirectMethodHandle$Holder.invokeStaticInit(java.lang.Object, float, float)'> (0x0000000089c9ef68) 
thrown [s\src\hotspot\share\interpreter\linkResolver.cpp, line 759]
Event: 13.400 Thread 0x000001b6300decb0 Exception <a 'java/lang/NoSuchMethodError'{0x0000000089ca6068}: 'int java.lang.invoke.DirectMethodHandle$Holder.invokeStaticInit(java.lang.Object, double, double)'> (0x0000000089ca6068) 
thrown [s\src\hotspot\share\interpreter\linkResolver.cpp, line 759]
Event: 13.400 Thread 0x000001b6300decb0 Exception <a 'java/lang/NoSuchMethodError'{0x0000000089caa800}: 'int java.lang.invoke.DirectMethodHandle$Holder.invokeStatic(java.lang.Object, long)'> (0x0000000089caa800) 
thrown [s\src\hotspot\share\interpreter\linkResolver.cpp, line 759]
Event: 13.406 Thread 0x000001b6300decb0 Exception <a 'java/lang/NoSuchMethodError'{0x0000000089cce598}: 'int java.lang.invoke.Invokers$Holder.linkToTargetMethod(java.lang.Object, java.lang.Object)'> (0x0000000089cce598) 
thrown [s\src\hotspot\share\interpreter\linkResolver.cpp, line 759]
Event: 13.452 Thread 0x000001b6300decb0 Exception <a 'java/lang/NoSuchMethodError'{0x0000000089b9d428}: 'java.lang.Object java.lang.invoke.DirectMethodHandle$Holder.invokeSpecial(java.lang.Object, java.lang.Object, int, java.lang.Object, java.lang.Object)'> (0x0000000089b9d428) 
thrown [s\src\hotspot\share\interpreter\linkResolver.cpp, line 759]
Event: 13.452 Thread 0x000001b6300decb0 Exception <a 'java/lang/NoSuchMethodError'{0x0000000089ba10d0}: 'java.lang.Object java.lang.invoke.DelegatingMethodHandle$Holder.delegate(java.lang.Object, int, java.lang.Object, java.lang.Object)'> (0x0000000089ba10d0) 
thrown [s\src\hotspot\share\interpreter\linkResolver.cpp, line 759]
Event: 13.455 Thread 0x000001b6300decb0 Exception <a 'java/lang/NoSuchMethodError'{0x0000000089bb2020}: 'int java.lang.invoke.Invokers$Holder.linkToTargetMethod(java.lang.Object, java.lang.Object, java.lang.Object)'> (0x0000000089bb2020) 
thrown [s\src\hotspot\share\interpreter\linkResolver.cpp, line 759]
Event: 13.461 Thread 0x000001b6300decb0 Exception <a 'java/lang/ArrayIndexOutOfBoundsException'{0x0000000089bc4b18}: Index 21 out of bounds for length 21> (0x0000000089bc4b18) 
thrown [s\src\hotspot\share\interpreter\interpreterRuntime.cpp, line 428]
Event: 13.461 Thread 0x000001b6300decb0 Exception <a 'java/lang/ArrayIndexOutOfBoundsException'{0x0000000089bc50e0}: Index 21 out of bounds for length 21> (0x0000000089bc50e0) 
thrown [s\src\hotspot\share\interpreter\interpreterRuntime.cpp, line 428]
Event: 13.623 Thread 0x000001b6300decb0 Exception <a 'java/lang/IncompatibleClassChangeError'{0x000000008486aa60}: Found class java.lang.Object, but interface was expected> (0x000000008486aa60) 
thrown [s\src\hotspot\share\interpreter\linkResolver.cpp, line 826]
Event: 13.692 Thread 0x000001b6300decb0 Exception <a 'java/lang/NoSuchMethodError'{0x000000008477bc30}: 'java.lang.Object java.lang.invoke.DirectMethodHandle$Holder.invokeSpecialIFC(java.lang.Object, java.lang.Object, java.lang.Object)'> (0x000000008477bc30) 
thrown [s\src\hotspot\share\interpreter\linkResolver.cpp, line 759]
Event: 14.214 Thread 0x000001b6300decb0 Exception <a 'java/lang/NoSuchMethodError'{0x0000000083f19180}: 'void java.lang.invoke.DirectMethodHandle$Holder.invokeInterface(java.lang.Object, java.lang.Object, int)'> (0x0000000083f19180) 
thrown [s\src\hotspot\share\interpreter\linkResolver.cpp, line 759]
Event: 14.306 Thread 0x000001b6300decb0 Exception <a 'java/lang/IncompatibleClassChangeError'{0x0000000083f69178}: Found class java.lang.Object, but interface was expected> (0x0000000083f69178) 
thrown [s\src\hotspot\share\interpreter\linkResolver.cpp, line 826]
Event: 14.312 Thread 0x000001b6300decb0 Exception <a 'java/lang/NoSuchMethodError'{0x0000000083f8bec0}: 'void java.lang.invoke.DirectMethodHandle$Holder.invokeStatic(java.lang.Object, int, java.lang.Object)'> (0x0000000083f8bec0) 
thrown [s\src\hotspot\share\interpreter\linkResolver.cpp, line 759]

VM Operations (20 events):
Event: 12.008 Executing VM operation: CollectForMetadataAllocation
Event: 12.016 Executing VM operation: CollectForMetadataAllocation done
Event: 12.068 Executing VM operation: G1Concurrent
Event: 12.074 Executing VM operation: G1Concurrent done
Event: 12.097 Executing VM operation: G1Concurrent
Event: 12.097 Executing VM operation: G1Concurrent done
Event: 12.833 Executing VM operation: HandshakeAllThreads
Event: 12.833 Executing VM operation: HandshakeAllThreads done
Event: 13.198 Executing VM operation: HandshakeAllThreads
Event: 13.198 Executing VM operation: HandshakeAllThreads done
Event: 13.198 Executing VM operation: Cleanup
Event: 13.198 Executing VM operation: Cleanup done
Event: 13.200 Executing VM operation: HandshakeAllThreads
Event: 13.200 Executing VM operation: HandshakeAllThreads done
Event: 13.293 Executing VM operation: G1CollectForAllocation
Event: 13.302 Executing VM operation: G1CollectForAllocation done
Event: 13.567 Executing VM operation: HandshakeAllThreads
Event: 13.567 Executing VM operation: HandshakeAllThreads done
Event: 13.790 Executing VM operation: ICBufferFull
Event: 13.790 Executing VM operation: ICBufferFull done

Events (20 events):
Event: 13.453 loading class java/lang/invoke/MethodHandleImpl$CountingWrapper done
Event: 13.470 loading class jdk/internal/vm/annotation/IntrinsicCandidate
Event: 13.470 loading class jdk/internal/vm/annotation/IntrinsicCandidate done
Event: 13.491 Thread 0x000001b62f8d08b0 Thread added: 0x000001b62f8d08b0
Event: 13.498 loading class java/lang/invoke/MethodHandleImpl$CountingWrapper$1
Event: 13.498 loading class java/lang/invoke/MethodHandleImpl$CountingWrapper$1 done
Event: 13.751 loading class java/nio/file/InvalidPathException
Event: 13.751 loading class java/nio/file/InvalidPathException done
Event: 14.079 loading class java/util/function/ObjIntConsumer
Event: 14.079 loading class java/util/function/ObjIntConsumer done
Event: 14.317 loading class java/io/Console
Event: 14.317 loading class java/io/Console done
Event: 14.319 loading class java/text/ParsePosition
Event: 14.319 loading class java/text/ParsePosition done
Event: 14.319 loading class java/text/NumberFormat$Style
Event: 14.320 loading class java/text/NumberFormat$Style done
Event: 14.320 loading class java/text/AttributedCharacterIterator
Event: 14.320 loading class java/text/CharacterIterator
Event: 14.320 loading class java/text/CharacterIterator done
Event: 14.320 loading class java/text/AttributedCharacterIterator done


Dynamic libraries:
0x00007ff627ce0000 - 0x00007ff627cee000 	C:\sts-4.19.1.RELEASE\plugins\org.eclipse.justj.openjdk.hotspot.jre.full.win32.x86_64_17.0.7.v20230425-1502\jre\bin\javaw.exe
0x00007ffbd42b0000 - 0x00007ffbd44a8000 	C:\WINDOWS\SYSTEM32\ntdll.dll
0x00007ffbd3450000 - 0x00007ffbd3512000 	C:\WINDOWS\System32\KERNEL32.DLL
0x00007ffbd1d60000 - 0x00007ffbd2056000 	C:\WINDOWS\System32\KERNELBASE.dll
0x00007ffbd21e0000 - 0x00007ffbd22e0000 	C:\WINDOWS\System32\ucrtbase.dll
0x00007ffbc4820000 - 0x00007ffbc4837000 	C:\sts-4.19.1.RELEASE\plugins\org.eclipse.justj.openjdk.hotspot.jre.full.win32.x86_64_17.0.7.v20230425-1502\jre\bin\jli.dll
0x00007ffbcc860000 - 0x00007ffbcc879000 	C:\sts-4.19.1.RELEASE\plugins\org.eclipse.justj.openjdk.hotspot.jre.full.win32.x86_64_17.0.7.v20230425-1502\jre\bin\VCRUNTIME140.dll
0x00007ffbd3d40000 - 0x00007ffbd3edd000 	C:\WINDOWS\System32\USER32.dll
0x00007ffbd1c70000 - 0x00007ffbd1c92000 	C:\WINDOWS\System32\win32u.dll
0x00007ffbd4160000 - 0x00007ffbd418b000 	C:\WINDOWS\System32\GDI32.dll
0x00007ffbd19f0000 - 0x00007ffbd1b0a000 	C:\WINDOWS\System32\gdi32full.dll
0x00007ffbd1950000 - 0x00007ffbd19ed000 	C:\WINDOWS\System32\msvcp_win.dll
0x00007ffbd0c90000 - 0x00007ffbd0f2a000 	C:\WINDOWS\WinSxS\amd64_microsoft.windows.common-controls_6595b64144ccf1df_6.0.19041.5794_none_60bcd33171f2783c\COMCTL32.dll
0x00007ffbd3520000 - 0x00007ffbd35be000 	C:\WINDOWS\System32\msvcrt.dll
0x00007ffbd2950000 - 0x00007ffbd297f000 	C:\WINDOWS\System32\IMM32.DLL
0x00007ffbcc850000 - 0x00007ffbcc85c000 	C:\sts-4.19.1.RELEASE\plugins\org.eclipse.justj.openjdk.hotspot.jre.full.win32.x86_64_17.0.7.v20230425-1502\jre\bin\vcruntime140_1.dll
0x00007ffbacc70000 - 0x00007ffbacd01000 	C:\sts-4.19.1.RELEASE\plugins\org.eclipse.justj.openjdk.hotspot.jre.full.win32.x86_64_17.0.7.v20230425-1502\jre\bin\msvcp140.dll
0x00007ffb94010000 - 0x00007ffb94c58000 	C:\sts-4.19.1.RELEASE\plugins\org.eclipse.justj.openjdk.hotspot.jre.full.win32.x86_64_17.0.7.v20230425-1502\jre\bin\server\jvm.dll
0x00007ffbd30e0000 - 0x00007ffbd318f000 	C:\WINDOWS\System32\ADVAPI32.dll
0x00007ffbd3ef0000 - 0x00007ffbd3f8f000 	C:\WINDOWS\System32\sechost.dll
0x00007ffbd2820000 - 0x00007ffbd2943000 	C:\WINDOWS\System32\RPCRT4.dll
0x00007ffbd1ca0000 - 0x00007ffbd1cc7000 	C:\WINDOWS\System32\bcrypt.dll
0x00007ffbb8ea0000 - 0x00007ffbb8ea9000 	C:\WINDOWS\SYSTEM32\WSOCK32.dll
0x00007ffbd3190000 - 0x00007ffbd31fb000 	C:\WINDOWS\System32\WS2_32.dll
0x00007ffba6b70000 - 0x00007ffba6b97000 	C:\WINDOWS\SYSTEM32\WINMM.dll
0x00007ffbcb630000 - 0x00007ffbcb63a000 	C:\WINDOWS\SYSTEM32\VERSION.dll
0x00007ffbcfa90000 - 0x00007ffbcfaa2000 	C:\WINDOWS\SYSTEM32\kernel.appcore.dll
0x00007ffbccc20000 - 0x00007ffbccc2a000 	C:\sts-4.19.1.RELEASE\plugins\org.eclipse.justj.openjdk.hotspot.jre.full.win32.x86_64_17.0.7.v20230425-1502\jre\bin\jimage.dll
0x00007ffbd1230000 - 0x00007ffbd1431000 	C:\WINDOWS\SYSTEM32\DBGHELP.DLL
0x00007ffbd1040000 - 0x00007ffbd1074000 	C:\WINDOWS\SYSTEM32\dbgcore.DLL
0x00007ffbd1cd0000 - 0x00007ffbd1d52000 	C:\WINDOWS\System32\bcryptPrimitives.dll
0x00007ffbc2ce0000 - 0x00007ffbc2d05000 	C:\sts-4.19.1.RELEASE\plugins\org.eclipse.justj.openjdk.hotspot.jre.full.win32.x86_64_17.0.7.v20230425-1502\jre\bin\java.dll
0x00007ffbc4520000 - 0x00007ffbc4538000 	C:\sts-4.19.1.RELEASE\plugins\org.eclipse.justj.openjdk.hotspot.jre.full.win32.x86_64_17.0.7.v20230425-1502\jre\bin\zip.dll
0x00007ffbd35c0000 - 0x00007ffbd3d2e000 	C:\WINDOWS\System32\SHELL32.dll
0x00007ffbcf030000 - 0x00007ffbcf7d3000 	C:\WINDOWS\SYSTEM32\windows.storage.dll
0x00007ffbd2d80000 - 0x00007ffbd30d3000 	C:\WINDOWS\System32\combase.dll
0x00007ffbd0b80000 - 0x00007ffbd0bab000 	C:\WINDOWS\SYSTEM32\Wldp.dll
0x00007ffbd2750000 - 0x00007ffbd281d000 	C:\WINDOWS\System32\OLEAUT32.dll
0x00007ffbd3200000 - 0x00007ffbd32ad000 	C:\WINDOWS\System32\SHCORE.dll
0x00007ffbd33f0000 - 0x00007ffbd3445000 	C:\WINDOWS\System32\shlwapi.dll
0x00007ffbd1880000 - 0x00007ffbd18a5000 	C:\WINDOWS\SYSTEM32\profapi.dll
0x00007ffbcc950000 - 0x00007ffbcc969000 	C:\sts-4.19.1.RELEASE\plugins\org.eclipse.justj.openjdk.hotspot.jre.full.win32.x86_64_17.0.7.v20230425-1502\jre\bin\net.dll
0x00007ffbc9900000 - 0x00007ffbc9a0a000 	C:\WINDOWS\SYSTEM32\WINHTTP.dll
0x00007ffbd08c0000 - 0x00007ffbd092c000 	C:\WINDOWS\system32\mswsock.dll
0x00007ffbc8ef0000 - 0x00007ffbc8f05000 	C:\sts-4.19.1.RELEASE\plugins\org.eclipse.justj.openjdk.hotspot.jre.full.win32.x86_64_17.0.7.v20230425-1502\jre\bin\nio.dll
0x00007ffbcc840000 - 0x00007ffbcc849000 	C:\sts-4.19.1.RELEASE\plugins\org.eclipse.justj.openjdk.hotspot.jre.full.win32.x86_64_17.0.7.v20230425-1502\jre\bin\management.dll
0x00007ffbc8b80000 - 0x00007ffbc8b8b000 	C:\sts-4.19.1.RELEASE\plugins\org.eclipse.justj.openjdk.hotspot.jre.full.win32.x86_64_17.0.7.v20230425-1502\jre\bin\management_ext.dll
0x00007ffbd4130000 - 0x00007ffbd4138000 	C:\WINDOWS\System32\PSAPI.DLL
0x00007ffbb8560000 - 0x00007ffbb8577000 	C:\WINDOWS\system32\napinsp.dll
0x00007ffbb8720000 - 0x00007ffbb873b000 	C:\WINDOWS\system32\pnrpnsp.dll
0x00007ffbccc90000 - 0x00007ffbcccad000 	C:\WINDOWS\system32\wshbth.dll
0x00007ffbcc110000 - 0x00007ffbcc12d000 	C:\WINDOWS\system32\NLAapi.dll
0x00007ffbd05e0000 - 0x00007ffbd061b000 	C:\WINDOWS\SYSTEM32\IPHLPAPI.DLL
0x00007ffbd0620000 - 0x00007ffbd06ea000 	C:\WINDOWS\SYSTEM32\DNSAPI.dll
0x00007ffbd3d30000 - 0x00007ffbd3d38000 	C:\WINDOWS\System32\NSI.dll
0x00007ffbb84f0000 - 0x00007ffbb8502000 	C:\WINDOWS\System32\winrnr.dll
0x0000000051fc0000 - 0x0000000051fe6000 	C:\Program Files\Bonjour\mdnsNSP.dll
0x00007ffbc8dc0000 - 0x00007ffbc8dca000 	C:\Windows\System32\rasadhlp.dll
0x00007ffbc93a0000 - 0x00007ffbc9420000 	C:\WINDOWS\System32\fwpuclnt.dll
0x00007ffbd15f0000 - 0x00007ffbd1608000 	C:\WINDOWS\SYSTEM32\CRYPTSP.dll
0x00007ffbd0280000 - 0x00007ffbd02b8000 	C:\WINDOWS\system32\rsaenh.dll
0x00007ffbd1840000 - 0x00007ffbd186e000 	C:\WINDOWS\SYSTEM32\USERENV.dll
0x00007ffbd0af0000 - 0x00007ffbd0afc000 	C:\WINDOWS\SYSTEM32\CRYPTBASE.dll
0x00007ffbc98e0000 - 0x00007ffbc98f7000 	C:\WINDOWS\SYSTEM32\dhcpcsvc6.DLL
0x00007ffbc98c0000 - 0x00007ffbc98dd000 	C:\WINDOWS\SYSTEM32\dhcpcsvc.DLL
0x00007ffbcc830000 - 0x00007ffbcc83e000 	C:\sts-4.19.1.RELEASE\plugins\org.eclipse.justj.openjdk.hotspot.jre.full.win32.x86_64_17.0.7.v20230425-1502\jre\bin\sunmscapi.dll
0x00007ffbd1b10000 - 0x00007ffbd1c6d000 	C:\WINDOWS\System32\CRYPT32.dll
0x00007ffbd0c60000 - 0x00007ffbd0c87000 	C:\WINDOWS\SYSTEM32\ncrypt.dll
0x00007ffbd0c20000 - 0x00007ffbd0c5b000 	C:\WINDOWS\SYSTEM32\NTASN1.dll

dbghelp: loaded successfully - version: 4.0.5 - missing functions: none
symbol engine: initialized successfully - sym options: 0x614 - pdb path: .;C:\sts-4.19.1.RELEASE\plugins\org.eclipse.justj.openjdk.hotspot.jre.full.win32.x86_64_17.0.7.v20230425-1502\jre\bin;C:\WINDOWS\SYSTEM32;C:\WINDOWS\WinSxS\amd64_microsoft.windows.common-controls_6595b64144ccf1df_6.0.19041.5794_none_60bcd33171f2783c;C:\sts-4.19.1.RELEASE\plugins\org.eclipse.justj.openjdk.hotspot.jre.full.win32.x86_64_17.0.7.v20230425-1502\jre\bin\server;C:\Program Files\Bonjour

VM Arguments:
jvm_args: -Dcom.sun.management.jmxremote -Dcom.sun.management.jmxremote.port=56713 -Dcom.sun.management.jmxremote.authenticate=false -Dcom.sun.management.jmxremote.ssl=false -Djava.rmi.server.hostname=localhost -Dspring.jmx.enabled=true -Dmanagement.endpoints.jmx.exposure.include=* -Dspring.application.admin.enabled=true -Dspring.boot.project.name=Currency-Exchange_2025 -Dfile.encoding=UTF-8 -XX:+ShowCodeDetailsInExceptionMessages 
java_command: com.rahul.CurrencyExchange2025Application --spring.output.ansi.enabled=always
java_class_path (initial): C:\Users\acer\Desktop\Rahul_Material\GL_Web_API_2024_1\New\GL_WEB_API_2024\Currency-Exchange_2025\target\classes;C:\Users\acer\.m2\repository\org\springframework\boot\spring-boot-starter-actuator\3.4.5\spring-boot-starter-actuator-3.4.5.jar;C:\Users\acer\.m2\repository\org\springframework\boot\spring-boot-starter\3.4.5\spring-boot-starter-3.4.5.jar;C:\Users\acer\.m2\repository\org\springframework\boot\spring-boot-starter-logging\3.4.5\spring-boot-starter-logging-3.4.5.jar;C:\Users\acer\.m2\repository\ch\qos\logback\logback-classic\1.5.18\logback-classic-1.5.18.jar;C:\Users\acer\.m2\repository\ch\qos\logback\logback-core\1.5.18\logback-core-1.5.18.jar;C:\Users\acer\.m2\repository\org\apache\logging\log4j\log4j-to-slf4j\2.24.3\log4j-to-slf4j-2.24.3.jar;C:\Users\acer\.m2\repository\org\apache\logging\log4j\log4j-api\2.24.3\log4j-api-2.24.3.jar;C:\Users\acer\.m2\repository\org\slf4j\jul-to-slf4j\2.0.17\jul-to-slf4j-2.0.17.jar;C:\Users\acer\.m2\repository\jakarta\annotation\jakarta.annotation-api\2.1.1\jakarta.annotation-api-2.1.1.jar;C:\Users\acer\.m2\repository\org\yaml\snakeyaml\2.3\snakeyaml-2.3.jar;C:\Users\acer\.m2\repository\org\springframework\boot\spring-boot-actuator-autoconfigure\3.4.5\spring-boot-actuator-autoconfigure-3.4.5.jar;C:\Users\acer\.m2\repository\org\springframework\boot\spring-boot-actuator\3.4.5\spring-boot-actuator-3.4.5.jar;C:\Users\acer\.m2\repository\com\fasterxml\jackson\core\jackson-databind\2.18.3\jackson-databind-2.18.3.jar;C:\Users\acer\.m2\repository\com\fasterxml\jackson\core\jackson-annotations\2.18.3\jackson-annotations-2.18.3.jar;C:\Users\acer\.m2\repository\com\fasterxml\jackson\core\jackson-core\2.18.3\jackson-core-2.18.3.jar;C:\Users\acer\.m2\repository\com\fasterxml\jackson\datatype\jackson-datatype-jsr310\2.18.3\jackson-datatype-jsr310-2.18.3.jar;C:\Users\acer\.m2\repository\io\micrometer\micrometer-observation\1.14.6\micrometer-observation-1.14.6.jar;C:\Users\acer\.m2\repository\io\micrometer\micro
Launcher Type: SUN_STANDARD

[Global flags]
     intx CICompilerCount                          = 3                                         {product} {ergonomic}
     uint ConcGCThreads                            = 1                                         {product} {ergonomic}
     uint G1ConcRefinementThreads                  = 4                                         {product} {ergonomic}
   size_t G1HeapRegionSize                         = 1048576                                   {product} {ergonomic}
    uintx GCDrainStackTargetSize                   = 64                                        {product} {ergonomic}
   size_t InitialHeapSize                          = 132120576                                 {product} {ergonomic}
     bool ManagementServer                         = true                                      {product} {command line}
   size_t MarkStackSize                            = 4194304                                   {product} {ergonomic}
   size_t MaxHeapSize                              = 2113929216                                {product} {ergonomic}
   size_t MaxNewSize                               = 1267728384                                {product} {ergonomic}
   size_t MinHeapDeltaBytes                        = 1048576                                   {product} {ergonomic}
   size_t MinHeapSize                              = 8388608                                   {product} {ergonomic}
    uintx NonNMethodCodeHeapSize                   = 5832780                                {pd product} {ergonomic}
    uintx NonProfiledCodeHeapSize                  = 122912730                              {pd product} {ergonomic}
    uintx ProfiledCodeHeapSize                     = 122912730                              {pd product} {ergonomic}
    uintx ReservedCodeCacheSize                    = 251658240                              {pd product} {ergonomic}
     bool SegmentedCodeCache                       = true                                      {product} {ergonomic}
     bool ShowCodeDetailsInExceptionMessages       = true                                   {manageable} {command line}
   size_t SoftMaxHeapSize                          = 2113929216                             {manageable} {ergonomic}
     bool UseCompressedClassPointers               = true                           {product lp64_product} {ergonomic}
     bool UseCompressedOops                        = true                           {product lp64_product} {ergonomic}
     bool UseG1GC                                  = true                                      {product} {ergonomic}
     bool UseLargePagesIndividualAllocation        = false                                  {pd product} {ergonomic}

Logging:
Log output configuration:
 #0: stdout all=warning uptime,level,tags
 #1: stderr all=off uptime,level,tags

Environment Variables:
JAVA_HOME=C:\Program Files\Java\jdk-17
PATH=C:/sts-4.19.1.RELEASE//plugins/org.eclipse.justj.openjdk.hotspot.jre.full.win32.x86_64_17.0.7.v20230425-1502/jre/bin/server;C:/sts-4.19.1.RELEASE//plugins/org.eclipse.justj.openjdk.hotspot.jre.full.win32.x86_64_17.0.7.v20230425-1502/jre/bin;C:\Python311\Scripts\;C:\Python311\;C:\WINDOWS\system32;C:\WINDOWS;C:\WINDOWS\System32\Wbem;C:\WINDOWS\System32\WindowsPowerShell\v1.0\;C:\WINDOWS\System32\OpenSSH\;C:\Program Files\MySQL\MySQL Server 8.0\bin;C:\Program Files\nodejs\;C:\ProgramData\chocolatey\bin;C:\Program Files\Git\cmd;C:\Program Files\Docker\Docker\resources\bin;C:\Program Files (x86)\Google\Cloud SDK\google-cloud-sdk\bin;C:\Program Files\Kubernetes\Minikube;C:\msys64\mingw64\bin;C:\msys64\mingw32\bin;%JAVA_HOME%\bin;C:\MinGW\bin;C:\WINDOWS\system32;C:\WINDOWS;C:\WINDOWS\System32\Wbem;C:\WINDOWS\System32\WindowsPowerShell\v1.0\;C:\WINDOWS\System32\OpenSSH\;C:\Program Files\Java\jdk-17\bin;C:\Program Files\Java\jdk-17;C:\Program Files\MySQL\MySQL Shell 8.0\bin\;C:\Users\acer\AppData\Local\Microsoft\WindowsApps;C:\Users\acer\AppData\Roaming\npm;C:\Users\acer\AppData\Local\Programs\Microsoft VS Code\bin;C:\Program Files\Java\jdk-17;C:\Program Files\JetBrains\PyCharm Community Edition 2024.2.1\bin;;C:\Program Files (x86)\EShare\;C:\Users\acer\AppData\Local\GitHubDesktop\bin;;C:\sts-4.19.1.RELEASE;
USERNAME=RAHUL
OS=Windows_NT
PROCESSOR_IDENTIFIER=Intel64 Family 6 Model 78 Stepping 3, GenuineIntel
TMP=C:\Users\acer\AppData\Local\Temp
TEMP=C:\Users\acer\AppData\Local\Temp



---------------  S Y S T E M  ---------------

OS:
 Windows 10 , 64 bit Build 19041 (10.0.19041.5794)
OS uptime: 0 days 4:43 hours
Hyper-V role detected

CPU: total 4 (initial active 4) (2 cores per cpu, 2 threads per core) family 6 model 78 stepping 3 microcode 0xcc, cx8, cmov, fxsr, ht, mmx, 3dnowpref, sse, sse2, sse3, ssse3, sse4.1, sse4.2, popcnt, lzcnt, tsc, tscinvbit, avx, avx2, aes, erms, clmul, bmi1, bmi2, adx, fma, vzeroupper, clflush, clflushopt, hv

Memory: 4k page, system-wide physical 8060M (395M free)
TotalPageFile size 10108M (AvailPageFile size 6M)
current process WorkingSet (physical memory assigned to process): 181M, peak: 182M
current process commit charge ("private bytes"): 204M, peak: 244M

vm_info: OpenJDK 64-Bit Server VM (17.0.7+7) for windows-amd64 JRE (17.0.7+7), built on Apr 18 2023 22:10:42 by "temurin" with MS VC++ 16.7 (VS2019)

END.
