#
# There is insufficient memory for the Java Runtime Environment to continue.
# Native memory allocation (malloc) failed to allocate 1885936 bytes for Chunk::new
# Possible reasons:
#   The system is out of physical RAM or swap space
#   The process is running with CompressedOops enabled, and the Java Heap may be blocking the growth of the native heap
# Possible solutions:
#   Reduce memory load on the system
#   Increase physical memory or swap space
#   Check if swap backing store is full
#   Decrease Java heap size (-Xmx/-Xms)
#   Decrease number of Java threads
#   Decrease Java thread stack sizes (-Xss)
#   Set larger code cache with -XX:ReservedCodeCacheSize=
#   JVM is running with Unscaled Compressed Oops mode in which the Java heap is
#     placed in the first 4GB address space. The Java Heap base address is the
#     maximum limit for the native heap growth. Please use -XX:HeapBaseMinAddress
#     to set the Java Heap base and to place the Java Heap above 4GB virtual address.
# This output file may be truncated or incomplete.
#
#  Out of Memory Error (arena.cpp:189), pid=5856, tid=3124
#
# JRE version: OpenJDK Runtime Environment Temurin-17.0.7+7 (17.0.7+7) (build 17.0.7+7)
# Java VM: OpenJDK 64-Bit Server VM Temurin-17.0.7+7 (17.0.7+7, mixed mode, tiered, compressed oops, compressed class ptrs, g1 gc, windows-amd64)
# No core dump will be written. Minidumps are not enabled by default on client versions of Windows
#

---------------  S U M M A R Y ------------

Command Line: -Dfile.encoding=UTF-8 -XX:+ShowCodeDetailsInExceptionMessages com.rahul.CurrencyExchange2025Application

Host: Intel(R) Core(TM) i3-6006U CPU @ 2.00GHz, 4 cores, 7G,  Windows 10 , 64 bit Build 19041 (10.0.19041.5794)
Time: Sun May 25 12:14:24 2025 India Standard Time elapsed time: 22.794341 seconds (0d 0h 0m 22s)

---------------  T H R E A D  ---------------

Current thread (0x00000260b032cd80):  JavaThread "C2 CompilerThread0" daemon [_thread_in_native, id=3124, stack(0x000000d257200000,0x000000d257300000)]


Current CompileTask:
C2:  22794 4470       4       org.springframework.core.ResolvableType::hasGenerics (14 bytes)

Stack: [0x000000d257200000,0x000000d257300000]
Native frames: (J=compiled Java code, j=interpreted, Vv=VM code, C=native code)
V  [jvm.dll+0x67754a]
V  [jvm.dll+0x834304]
V  [jvm.dll+0x835aae]
V  [jvm.dll+0x836113]
V  [jvm.dll+0x24696f]
V  [jvm.dll+0xac0ac]
V  [jvm.dll+0xac67c]
V  [jvm.dll+0x364de2]
V  [jvm.dll+0x32f6b1]
V  [jvm.dll+0x32eb5a]
V  [jvm.dll+0x219641]
V  [jvm.dll+0x218a61]
V  [jvm.dll+0x1a4d8d]
V  [jvm.dll+0x2284da]
V  [jvm.dll+0x226615]
V  [jvm.dll+0x7ea90b]
V  [jvm.dll+0x7e4e7a]
V  [jvm.dll+0x676395]
C  [ucrtbase.dll+0x21bb2]
C  [KERNEL32.DLL+0x17374]
C  [ntdll.dll+0x4cc91]


---------------  P R O C E S S  ---------------

Threads class SMR info:
_java_thread_list=0x00000260b598dec0, length=14, elements={
0x0000026094bec5e0, 0x00000260b01b9960, 0x00000260b01ba960, 0x00000260b01df300,
0x00000260b032b010, 0x00000260b032b8d0, 0x00000260b032c190, 0x00000260b032cd80,
0x00000260b038b420, 0x00000260b039d920, 0x00000260b04c0fe0, 0x00000260b04eca50,
0x00000260b078a1f0, 0x00000260b56894c0
}

Java Threads: ( => current thread )
  0x0000026094bec5e0 JavaThread "main" [_thread_blocked, id=1792, stack(0x000000d256500000,0x000000d256600000)]
  0x00000260b01b9960 JavaThread "Reference Handler" daemon [_thread_blocked, id=11156, stack(0x000000d256c00000,0x000000d256d00000)]
  0x00000260b01ba960 JavaThread "Finalizer" daemon [_thread_blocked, id=11404, stack(0x000000d256d00000,0x000000d256e00000)]
  0x00000260b01df300 JavaThread "Signal Dispatcher" daemon [_thread_blocked, id=9704, stack(0x000000d256e00000,0x000000d256f00000)]
  0x00000260b032b010 JavaThread "Attach Listener" daemon [_thread_blocked, id=13572, stack(0x000000d256f00000,0x000000d257000000)]
  0x00000260b032b8d0 JavaThread "Service Thread" daemon [_thread_blocked, id=10980, stack(0x000000d257000000,0x000000d257100000)]
  0x00000260b032c190 JavaThread "Monitor Deflation Thread" daemon [_thread_blocked, id=6900, stack(0x000000d257100000,0x000000d257200000)]
=>0x00000260b032cd80 JavaThread "C2 CompilerThread0" daemon [_thread_in_native, id=3124, stack(0x000000d257200000,0x000000d257300000)]
  0x00000260b038b420 JavaThread "C1 CompilerThread0" daemon [_thread_blocked, id=8740, stack(0x000000d257300000,0x000000d257400000)]
  0x00000260b039d920 JavaThread "Sweeper thread" daemon [_thread_blocked, id=6888, stack(0x000000d257400000,0x000000d257500000)]
  0x00000260b04c0fe0 JavaThread "Notification Thread" daemon [_thread_blocked, id=12496, stack(0x000000d257500000,0x000000d257600000)]
  0x00000260b04eca50 JavaThread "Common-Cleaner" daemon [_thread_blocked, id=9680, stack(0x000000d257700000,0x000000d257800000)]
  0x00000260b078a1f0 JavaThread "Thread-0" [_thread_blocked, id=14092, stack(0x000000d257b00000,0x000000d257c00000)]
  0x00000260b56894c0 JavaThread "restartedMain" [_thread_blocked, id=10488, stack(0x000000d257c00000,0x000000d257d00000)]

Other Threads:
  0x00000260b01b7ec0 VMThread "VM Thread" [stack: 0x000000d256b00000,0x000000d256c00000] [id=4084]
  0x00000260b04c38d0 WatcherThread [stack: 0x000000d257600000,0x000000d257700000] [id=12408]
  0x0000026094c46660 GCTaskThread "GC Thread#0" [stack: 0x000000d256600000,0x000000d256700000] [id=10712]
  0x00000260b0bc66e0 GCTaskThread "GC Thread#1" [stack: 0x000000d257800000,0x000000d257900000] [id=12848]
  0x00000260b0c44ac0 GCTaskThread "GC Thread#2" [stack: 0x000000d257900000,0x000000d257a00000] [id=9812]
  0x00000260b5689cb0 GCTaskThread "GC Thread#3" [stack: 0x000000d257a00000,0x000000d257b00000] [id=6044]
  0x0000026094c570b0 ConcurrentGCThread "G1 Main Marker" [stack: 0x000000d256700000,0x000000d256800000] [id=13704]
  0x0000026094c582b0 ConcurrentGCThread "G1 Conc#0" [stack: 0x000000d256800000,0x000000d256900000] [id=10740]
  0x0000026094cad860 ConcurrentGCThread "G1 Refine#0" [stack: 0x000000d256900000,0x000000d256a00000] [id=8544]
  0x0000026094caea70 ConcurrentGCThread "G1 Service" [stack: 0x000000d256a00000,0x000000d256b00000] [id=928]

Threads with active compile tasks:
C2 CompilerThread0    22856 4470       4       org.springframework.core.ResolvableType::hasGenerics (14 bytes)

VM state: not at safepoint (normal execution)

VM Mutex/Monitor currently owned by a thread:  ([mutex/lock_event])
[0x0000026094be74b0] Heap_lock - owner thread: 0x00000260b56894c0

Heap address: 0x0000000082000000, size: 2016 MB, Compressed Oops mode: 32-bit

CDS archive(s) not mapped
Compressed class space mapped at: 0x0000000100000000-0x0000000140000000, reserved size: 1073741824
Narrow klass base: 0x0000000000000000, Narrow klass shift: 3, Narrow klass range: 0x140000000

GC Precious Log:
 CPUs: 4 total, 4 available
 Memory: 8060M
 Large Page Support: Disabled
 NUMA Support: Disabled
 Compressed Oops: Enabled (32-bit)
 Heap Region Size: 1M
 Heap Min Capacity: 8M
 Heap Initial Capacity: 126M
 Heap Max Capacity: 2016M
 Pre-touch: Disabled
 Parallel Workers: 4
 Concurrent Workers: 1
 Concurrent Refinement Workers: 4
 Periodic GC: Disabled

Heap:
 garbage-first heap   total 40960K, used 21193K [0x0000000082000000, 0x0000000100000000)
  region size 1024K, 3 young (3072K), 2 survivors (2048K)
 Metaspace       used 40999K, committed 41472K, reserved 1114112K
  class space    used 4853K, committed 5056K, reserved 1048576K

Heap Regions: E=young(eden), S=young(survivor), O=old, HS=humongous(starts), HC=humongous(continues), CS=collection set, F=free, OA=open archive, CA=closed archive, TAMS=top-at-mark-start (previous, next)
|   0|0x0000000082000000, 0x0000000082100000, 0x0000000082100000|100%|HS|  |TAMS 0x0000000082100000, 0x0000000082100000| Complete 
|   1|0x0000000082100000, 0x0000000082200000, 0x0000000082200000|100%|HS|  |TAMS 0x0000000082200000, 0x0000000082200000| Complete 
|   2|0x0000000082200000, 0x0000000082300000, 0x0000000082300000|100%| O|  |TAMS 0x0000000082300000, 0x0000000082300000| Untracked 
|   3|0x0000000082300000, 0x0000000082400000, 0x0000000082400000|100%| O|  |TAMS 0x0000000082400000, 0x0000000082400000| Untracked 
|   4|0x0000000082400000, 0x0000000082500000, 0x0000000082500000|100%| O|  |TAMS 0x0000000082500000, 0x0000000082500000| Untracked 
|   5|0x0000000082500000, 0x0000000082600000, 0x0000000082600000|100%| O|  |TAMS 0x0000000082600000, 0x0000000082600000| Untracked 
|   6|0x0000000082600000, 0x0000000082700000, 0x0000000082700000|100%| O|  |TAMS 0x0000000082700000, 0x0000000082700000| Untracked 
|   7|0x0000000082700000, 0x0000000082800000, 0x0000000082800000|100%| O|  |TAMS 0x0000000082800000, 0x0000000082800000| Untracked 
|   8|0x0000000082800000, 0x0000000082900000, 0x0000000082900000|100%| O|  |TAMS 0x0000000082900000, 0x0000000082900000| Untracked 
|   9|0x0000000082900000, 0x0000000082a00000, 0x0000000082a00000|100%| O|  |TAMS 0x0000000082a00000, 0x0000000082a00000| Untracked 
|  10|0x0000000082a00000, 0x0000000082b00000, 0x0000000082b00000|100%| O|  |TAMS 0x0000000082b00000, 0x0000000082b00000| Untracked 
|  11|0x0000000082b00000, 0x0000000082c00000, 0x0000000082c00000|100%| O|  |TAMS 0x0000000082c00000, 0x0000000082c00000| Untracked 
|  12|0x0000000082c00000, 0x0000000082d00000, 0x0000000082d00000|100%| O|  |TAMS 0x0000000082d00000, 0x0000000082d00000| Untracked 
|  13|0x0000000082d00000, 0x0000000082e00000, 0x0000000082e00000|100%| O|  |TAMS 0x0000000082e00000, 0x0000000082e00000| Untracked 
|  14|0x0000000082e00000, 0x0000000082f00000, 0x0000000082f00000|100%| O|  |TAMS 0x0000000082f00000, 0x0000000082f00000| Untracked 
|  15|0x0000000082f00000, 0x0000000083000000, 0x0000000083000000|100%| O|  |TAMS 0x0000000083000000, 0x0000000083000000| Untracked 
|  16|0x0000000083000000, 0x0000000083100000, 0x0000000083100000|100%| O|  |TAMS 0x0000000083037200, 0x0000000083100000| Untracked 
|  17|0x0000000083100000, 0x0000000083200000, 0x0000000083200000|100%| O|  |TAMS 0x0000000083100000, 0x0000000083200000| Untracked 
|  18|0x0000000083200000, 0x0000000083300000, 0x0000000083300000|100%| O|  |TAMS 0x0000000083200000, 0x0000000083300000| Untracked 
|  19|0x0000000083300000, 0x000000008332b400, 0x0000000083400000| 16%| O|  |TAMS 0x0000000083300000, 0x000000008332b400| Untracked 
|  20|0x0000000083400000, 0x0000000083400000, 0x0000000083500000|  0%| F|  |TAMS 0x0000000083400000, 0x0000000083400000| Untracked 
|  21|0x0000000083500000, 0x0000000083500000, 0x0000000083600000|  0%| F|  |TAMS 0x0000000083500000, 0x0000000083500000| Untracked 
|  22|0x0000000083600000, 0x0000000083600000, 0x0000000083700000|  0%| F|  |TAMS 0x0000000083600000, 0x0000000083600000| Untracked 
|  23|0x0000000083700000, 0x0000000083700000, 0x0000000083800000|  0%| F|  |TAMS 0x0000000083700000, 0x0000000083700000| Untracked 
|  24|0x0000000083800000, 0x0000000083800000, 0x0000000083900000|  0%| F|  |TAMS 0x0000000083800000, 0x0000000083800000| Untracked 
|  25|0x0000000083900000, 0x0000000083900000, 0x0000000083a00000|  0%| F|  |TAMS 0x0000000083900000, 0x0000000083900000| Untracked 
|  26|0x0000000083a00000, 0x0000000083a87078, 0x0000000083b00000| 52%| S|CS|TAMS 0x0000000083a00000, 0x0000000083a00000| Complete 
|  27|0x0000000083b00000, 0x0000000083b00000, 0x0000000083c00000|  0%| F|  |TAMS 0x0000000083b00000, 0x0000000083b00000| Untracked 
|  28|0x0000000083c00000, 0x0000000083d00000, 0x0000000083d00000|100%| S|CS|TAMS 0x0000000083c00000, 0x0000000083c00000| Complete 
|  29|0x0000000083d00000, 0x0000000083d00000, 0x0000000083e00000|  0%| F|  |TAMS 0x0000000083d00000, 0x0000000083d00000| Untracked 
|  30|0x0000000083e00000, 0x0000000083e00000, 0x0000000083f00000|  0%| F|  |TAMS 0x0000000083e00000, 0x0000000083e00000| Untracked 
|  31|0x0000000083f00000, 0x0000000083f00000, 0x0000000084000000|  0%| F|  |TAMS 0x0000000083f00000, 0x0000000083f00000| Untracked 
|  32|0x0000000084000000, 0x0000000084000000, 0x0000000084100000|  0%| F|  |TAMS 0x0000000084000000, 0x0000000084000000| Untracked 
|  33|0x0000000084100000, 0x0000000084100000, 0x0000000084200000|  0%| F|  |TAMS 0x0000000084100000, 0x0000000084100000| Untracked 
|  34|0x0000000084200000, 0x0000000084200000, 0x0000000084300000|  0%| F|  |TAMS 0x0000000084200000, 0x0000000084200000| Untracked 
|  93|0x0000000087d00000, 0x0000000087d00000, 0x0000000087e00000|  0%| F|  |TAMS 0x0000000087d00000, 0x0000000087d00000| Untracked 
|  94|0x0000000087e00000, 0x0000000087e00000, 0x0000000087f00000|  0%| F|  |TAMS 0x0000000087e00000, 0x0000000087e00000| Untracked 
|  95|0x0000000087f00000, 0x0000000087f00000, 0x0000000088000000|  0%| F|  |TAMS 0x0000000087f00000, 0x0000000087f00000| Untracked 
|  96|0x0000000088000000, 0x0000000088000000, 0x0000000088100000|  0%| F|  |TAMS 0x0000000088000000, 0x0000000088000000| Untracked 
| 125|0x0000000089d00000, 0x0000000089d00800, 0x0000000089e00000|  0%| E|  |TAMS 0x0000000089d00000, 0x0000000089d00000| Complete 

Card table byte_map: [0x00000260a9490000,0x00000260a9880000] _byte_map_base: 0x00000260a9080000

Marking Bits (Prev, Next): (CMBitMap*) 0x0000026094c46b80, (CMBitMap*) 0x0000026094c46bc0
 Prev Bits: [0x00000260a9c70000, 0x00000260abbf0000)
 Next Bits: [0x00000260abbf0000, 0x00000260adb70000)

Polling page: 0x0000026094cb0000

Metaspace:

Usage:
  Non-class:     35.30 MB used.
      Class:      4.74 MB used.
       Both:     40.04 MB used.

Virtual space:
  Non-class space:       64.00 MB reserved,      35.56 MB ( 56%) committed,  1 nodes.
      Class space:        1.00 GB reserved,       4.94 MB ( <1%) committed,  1 nodes.
             Both:        1.06 GB reserved,      40.50 MB (  4%) committed. 

Chunk freelists:
   Non-Class:  12.37 MB
       Class:  10.91 MB
        Both:  23.28 MB

MaxMetaspaceSize: unlimited
CompressedClassSpaceSize: 1.00 GB
Initial GC threshold: 21.00 MB
Current GC threshold: 58.88 MB
CDS: off
MetaspaceReclaimPolicy: balanced
 - commit_granule_bytes: 65536.
 - commit_granule_words: 8192.
 - virtual_space_node_default_size: 8388608.
 - enlarge_chunks_in_place: 1.
 - new_chunks_are_fully_committed: 0.
 - uncommit_free_chunks: 1.
 - use_allocation_guard: 0.
 - handle_deallocations: 1.


Internal statistics:

num_allocs_failed_limit: 6.
num_arena_births: 516.
num_arena_deaths: 0.
num_vsnodes_births: 2.
num_vsnodes_deaths: 0.
num_space_committed: 648.
num_space_uncommitted: 0.
num_chunks_returned_to_freelist: 6.
num_chunks_taken_from_freelist: 1752.
num_chunk_merges: 3.
num_chunk_splits: 1170.
num_chunks_enlarged: 853.
num_inconsistent_stats: 0.

CodeHeap 'non-profiled nmethods': size=120000Kb used=3250Kb max_used=3250Kb free=116749Kb
 bounds [0x00000260a1540000, 0x00000260a1870000, 0x00000260a8a70000]
CodeHeap 'profiled nmethods': size=120000Kb used=10011Kb max_used=10011Kb free=109988Kb
 bounds [0x0000026099a70000, 0x000002609a440000, 0x00000260a0fa0000]
CodeHeap 'non-nmethods': size=5760Kb used=1224Kb max_used=1365Kb free=4535Kb
 bounds [0x00000260a0fa0000, 0x00000260a1210000, 0x00000260a1540000]
 total_blobs=5034 nmethods=4502 adapters=444
 compilation: enabled
              stopped_count=0, restarted_count=0
 full_count=0

Compilation events (20 events):
Event: 21.731 Thread 0x00000260b038b420 nmethod 4467 0x000002609a40e190 code [0x000002609a40e3e0, 0x000002609a40ecb8]
Event: 21.731 Thread 0x00000260b038b420 4468       1       java.time.temporal.ValueRange::getMinimum (5 bytes)
Event: 21.731 Thread 0x00000260b038b420 nmethod 4468 0x00000260a186b290 code [0x00000260a186b420, 0x00000260a186b4f8]
Event: 21.731 Thread 0x00000260b038b420 4469       1       java.time.temporal.ValueRange::getMaximum (5 bytes)
Event: 21.731 Thread 0x00000260b038b420 nmethod 4469 0x00000260a186b590 code [0x00000260a186b720, 0x00000260a186b7f8]
Event: 21.735 Thread 0x00000260b032cd80 4470       4       org.springframework.core.ResolvableType::hasGenerics (14 bytes)
Event: 21.736 Thread 0x00000260b038b420 4471       3       org.springframework.beans.factory.support.RootBeanDefinition::<init> (43 bytes)
Event: 21.736 Thread 0x00000260b038b420 nmethod 4471 0x000002609a40ef90 code [0x000002609a40f140, 0x000002609a40f4a8]
Event: 21.747 Thread 0x00000260b038b420 4474       3       org.springframework.beans.factory.config.BeanPostProcessor::postProcessBeforeInitialization (2 bytes)
Event: 21.747 Thread 0x00000260b038b420 nmethod 4474 0x000002609a40f610 code [0x000002609a40f7a0, 0x000002609a40f8b8]
Event: 21.747 Thread 0x00000260b038b420 4475       3       org.springframework.core.annotation.AnnotationsScanner::isOverride (49 bytes)
Event: 21.748 Thread 0x00000260b038b420 nmethod 4475 0x000002609a40f990 code [0x000002609a40fb80, 0x000002609a40ffd8]
Event: 21.754 Thread 0x00000260b038b420 4476       3       org.springframework.beans.factory.support.AbstractBeanFactory::isTypeMatch (745 bytes)
Event: 21.763 Thread 0x00000260b038b420 nmethod 4476 0x000002609a410190 code [0x000002609a4109e0, 0x000002609a416d38]
Event: 21.763 Thread 0x00000260b038b420 4477       3       java.io.WinNTFileSystem::resolve (275 bytes)
Event: 21.768 Thread 0x00000260b038b420 nmethod 4477 0x000002609a418690 code [0x000002609a418be0, 0x000002609a41bad8]
Event: 21.768 Thread 0x00000260b038b420 4479       3       org.springframework.core.BridgeMethodResolver::resolveBridgeMethod (180 bytes)
Event: 21.771 Thread 0x00000260b038b420 nmethod 4479 0x000002609a41cd90 code [0x000002609a41d160, 0x000002609a41ef18]
Event: 21.771 Thread 0x00000260b038b420 4478       3       java.lang.Class::getDeclaredFields (27 bytes)
Event: 21.772 Thread 0x00000260b038b420 nmethod 4478 0x000002609a41f910 code [0x000002609a41fb00, 0x000002609a41fe18]

GC Heap History (20 events):
Event: 4.865 GC heap before
{Heap before GC invocations=4 (full 0):
 garbage-first heap   total 40960K, used 29522K [0x0000000082000000, 0x0000000100000000)
  region size 1024K, 24 young (24576K), 4 survivors (4096K)
 Metaspace       used 26039K, committed 26304K, reserved 1114112K
  class space    used 2940K, committed 3072K, reserved 1048576K
}
Event: 4.876 GC heap after
{Heap after GC invocations=5 (full 0):
 garbage-first heap   total 40960K, used 12205K [0x0000000082000000, 0x0000000100000000)
  region size 1024K, 3 young (3072K), 3 survivors (3072K)
 Metaspace       used 26039K, committed 26304K, reserved 1114112K
  class space    used 2940K, committed 3072K, reserved 1048576K
}
Event: 4.933 GC heap before
{Heap before GC invocations=5 (full 0):
 garbage-first heap   total 40960K, used 12205K [0x0000000082000000, 0x0000000100000000)
  region size 1024K, 4 young (4096K), 3 survivors (3072K)
 Metaspace       used 26166K, committed 26496K, reserved 1114112K
  class space    used 2951K, committed 3072K, reserved 1048576K
}
Event: 4.941 GC heap after
{Heap after GC invocations=6 (full 0):
 garbage-first heap   total 40960K, used 12563K [0x0000000082000000, 0x0000000100000000)
  region size 1024K, 1 young (1024K), 1 survivors (1024K)
 Metaspace       used 26166K, committed 26496K, reserved 1114112K
  class space    used 2951K, committed 3072K, reserved 1048576K
}
Event: 6.621 GC heap before
{Heap before GC invocations=6 (full 0):
 garbage-first heap   total 40960K, used 26899K [0x0000000082000000, 0x0000000100000000)
  region size 1024K, 15 young (15360K), 1 survivors (1024K)
 Metaspace       used 27721K, committed 27968K, reserved 1114112K
  class space    used 3117K, committed 3200K, reserved 1048576K
}
Event: 6.625 GC heap after
{Heap after GC invocations=7 (full 0):
 garbage-first heap   total 40960K, used 13659K [0x0000000082000000, 0x0000000100000000)
  region size 1024K, 2 young (2048K), 2 survivors (2048K)
 Metaspace       used 27721K, committed 27968K, reserved 1114112K
  class space    used 3117K, committed 3200K, reserved 1048576K
}
Event: 7.548 GC heap before
{Heap before GC invocations=7 (full 0):
 garbage-first heap   total 40960K, used 27995K [0x0000000082000000, 0x0000000100000000)
  region size 1024K, 16 young (16384K), 2 survivors (2048K)
 Metaspace       used 28627K, committed 28928K, reserved 1114112K
  class space    used 3218K, committed 3328K, reserved 1048576K
}
Event: 7.552 GC heap after
{Heap after GC invocations=8 (full 0):
 garbage-first heap   total 40960K, used 14880K [0x0000000082000000, 0x0000000100000000)
  region size 1024K, 2 young (2048K), 2 survivors (2048K)
 Metaspace       used 28627K, committed 28928K, reserved 1114112K
  class space    used 3218K, committed 3328K, reserved 1048576K
}
Event: 8.447 GC heap before
{Heap before GC invocations=8 (full 0):
 garbage-first heap   total 40960K, used 28192K [0x0000000082000000, 0x0000000100000000)
  region size 1024K, 15 young (15360K), 2 survivors (2048K)
 Metaspace       used 30143K, committed 30400K, reserved 1114112K
  class space    used 3417K, committed 3520K, reserved 1048576K
}
Event: 8.452 GC heap after
{Heap after GC invocations=9 (full 0):
 garbage-first heap   total 40960K, used 15766K [0x0000000082000000, 0x0000000100000000)
  region size 1024K, 1 young (1024K), 1 survivors (1024K)
 Metaspace       used 30143K, committed 30400K, reserved 1114112K
  class space    used 3417K, committed 3520K, reserved 1048576K
}
Event: 9.948 GC heap before
{Heap before GC invocations=9 (full 0):
 garbage-first heap   total 40960K, used 30102K [0x0000000082000000, 0x0000000100000000)
  region size 1024K, 15 young (15360K), 1 survivors (1024K)
 Metaspace       used 31897K, committed 32192K, reserved 1114112K
  class space    used 3681K, committed 3840K, reserved 1048576K
}
Event: 9.952 GC heap after
{Heap after GC invocations=10 (full 0):
 garbage-first heap   total 40960K, used 16836K [0x0000000082000000, 0x0000000100000000)
  region size 1024K, 2 young (2048K), 2 survivors (2048K)
 Metaspace       used 31897K, committed 32192K, reserved 1114112K
  class space    used 3681K, committed 3840K, reserved 1048576K
}
Event: 11.223 GC heap before
{Heap before GC invocations=10 (full 0):
 garbage-first heap   total 40960K, used 31172K [0x0000000082000000, 0x0000000100000000)
  region size 1024K, 16 young (16384K), 2 survivors (2048K)
 Metaspace       used 33706K, committed 33984K, reserved 1114112K
  class space    used 3951K, committed 4096K, reserved 1048576K
}
Event: 11.230 GC heap after
{Heap after GC invocations=11 (full 0):
 garbage-first heap   total 40960K, used 18117K [0x0000000082000000, 0x0000000100000000)
  region size 1024K, 2 young (2048K), 2 survivors (2048K)
 Metaspace       used 33706K, committed 33984K, reserved 1114112K
  class space    used 3951K, committed 4096K, reserved 1048576K
}
Event: 11.697 GC heap before
{Heap before GC invocations=11 (full 0):
 garbage-first heap   total 40960K, used 25285K [0x0000000082000000, 0x0000000100000000)
  region size 1024K, 10 young (10240K), 2 survivors (2048K)
 Metaspace       used 35785K, committed 36096K, reserved 1114112K
  class space    used 4202K, committed 4352K, reserved 1048576K
}
Event: 11.701 GC heap after
{Heap after GC invocations=12 (full 0):
 garbage-first heap   total 40960K, used 18724K [0x0000000082000000, 0x0000000100000000)
  region size 1024K, 1 young (1024K), 1 survivors (1024K)
 Metaspace       used 35785K, committed 36096K, reserved 1114112K
  class space    used 4202K, committed 4352K, reserved 1048576K
}
Event: 15.148 GC heap before
{Heap before GC invocations=13 (full 0):
 garbage-first heap   total 40960K, used 31012K [0x0000000082000000, 0x0000000100000000)
  region size 1024K, 14 young (14336K), 1 survivors (1024K)
 Metaspace       used 37537K, committed 37888K, reserved 1114112K
  class space    used 4474K, committed 4608K, reserved 1048576K
}
Event: 15.153 GC heap after
{Heap after GC invocations=14 (full 0):
 garbage-first heap   total 40960K, used 19707K [0x0000000082000000, 0x0000000100000000)
  region size 1024K, 2 young (2048K), 2 survivors (2048K)
 Metaspace       used 37537K, committed 37888K, reserved 1114112K
  class space    used 4474K, committed 4608K, reserved 1048576K
}
Event: 20.004 GC heap before
{Heap before GC invocations=14 (full 0):
 garbage-first heap   total 40960K, used 31995K [0x0000000082000000, 0x0000000100000000)
  region size 1024K, 14 young (14336K), 2 survivors (2048K)
 Metaspace       used 39865K, committed 40256K, reserved 1114112K
  class space    used 4716K, committed 4928K, reserved 1048576K
}
Event: 20.010 GC heap after
{Heap after GC invocations=15 (full 0):
 garbage-first heap   total 40960K, used 20653K [0x0000000082000000, 0x0000000100000000)
  region size 1024K, 1 young (1024K), 1 survivors (1024K)
 Metaspace       used 39865K, committed 40256K, reserved 1114112K
  class space    used 4716K, committed 4928K, reserved 1048576K
}

Dll operation events (8 events):
Event: 0.016 Loaded shared library C:\sts-4.19.1.RELEASE\plugins\org.eclipse.justj.openjdk.hotspot.jre.full.win32.x86_64_17.0.7.v20230425-1502\jre\bin\java.dll
Event: 0.428 Loaded shared library C:\sts-4.19.1.RELEASE\plugins\org.eclipse.justj.openjdk.hotspot.jre.full.win32.x86_64_17.0.7.v20230425-1502\jre\bin\net.dll
Event: 0.430 Loaded shared library C:\sts-4.19.1.RELEASE\plugins\org.eclipse.justj.openjdk.hotspot.jre.full.win32.x86_64_17.0.7.v20230425-1502\jre\bin\nio.dll
Event: 0.443 Loaded shared library C:\sts-4.19.1.RELEASE\plugins\org.eclipse.justj.openjdk.hotspot.jre.full.win32.x86_64_17.0.7.v20230425-1502\jre\bin\zip.dll
Event: 0.781 Loaded shared library C:\sts-4.19.1.RELEASE\plugins\org.eclipse.justj.openjdk.hotspot.jre.full.win32.x86_64_17.0.7.v20230425-1502\jre\bin\jimage.dll
Event: 1.600 Loaded shared library C:\sts-4.19.1.RELEASE\plugins\org.eclipse.justj.openjdk.hotspot.jre.full.win32.x86_64_17.0.7.v20230425-1502\jre\bin\management.dll
Event: 1.687 Loaded shared library C:\sts-4.19.1.RELEASE\plugins\org.eclipse.justj.openjdk.hotspot.jre.full.win32.x86_64_17.0.7.v20230425-1502\jre\bin\management_ext.dll
Event: 5.002 Loaded shared library C:\sts-4.19.1.RELEASE\plugins\org.eclipse.justj.openjdk.hotspot.jre.full.win32.x86_64_17.0.7.v20230425-1502\jre\bin\sunmscapi.dll

Deoptimization events (20 events):
Event: 20.279 Thread 0x00000260b56894c0 DEOPT PACKING pc=0x0000026099abc3b4 sp=0x000000d257cfd7a0
Event: 20.279 Thread 0x00000260b56894c0 DEOPT UNPACKING pc=0x00000260a0ff7143 sp=0x000000d257cfcc10 mode 0
Event: 20.509 Thread 0x00000260b56894c0 DEOPT PACKING pc=0x000002609a3b12ba sp=0x000000d257cfda20
Event: 20.509 Thread 0x00000260b56894c0 DEOPT UNPACKING pc=0x00000260a0ff7143 sp=0x000000d257cfce98 mode 0
Event: 21.421 Thread 0x00000260b56894c0 Uncommon trap: trap_request=0xffffff45 fr.pc=0x00000260a17e4c24 relative=0x0000000000000d64
Event: 21.421 Thread 0x00000260b56894c0 Uncommon trap: reason=unstable_if action=reinterpret pc=0x00000260a17e4c24 method=java.io.WinNTFileSystem.resolve(Ljava/lang/String;Ljava/lang/String;)Ljava/lang/String; @ 19 c2
Event: 21.421 Thread 0x00000260b56894c0 DEOPT PACKING pc=0x00000260a17e4c24 sp=0x000000d257cfd020
Event: 21.421 Thread 0x00000260b56894c0 DEOPT UNPACKING pc=0x00000260a0ff69a3 sp=0x000000d257cfcfc8 mode 2
Event: 21.513 Thread 0x00000260b56894c0 Uncommon trap: trap_request=0xffffffcc fr.pc=0x00000260a18648e4 relative=0x0000000000000344
Event: 21.513 Thread 0x00000260b56894c0 Uncommon trap: reason=intrinsic_or_type_checked_inlining action=make_not_entrant pc=0x00000260a18648e4 method=java.util.Arrays.copyOf([Ljava/lang/Object;ILjava/lang/Class;)[Ljava/lang/Object; @ 35 c2
Event: 21.513 Thread 0x00000260b56894c0 DEOPT PACKING pc=0x00000260a18648e4 sp=0x000000d257cfd1a0
Event: 21.513 Thread 0x00000260b56894c0 DEOPT UNPACKING pc=0x00000260a0ff69a3 sp=0x000000d257cfd130 mode 2
Event: 21.747 Thread 0x00000260b56894c0 Uncommon trap: trap_request=0xffffff45 fr.pc=0x00000260a1807c90 relative=0x0000000000003b50
Event: 21.747 Thread 0x00000260b56894c0 Uncommon trap: reason=unstable_if action=reinterpret pc=0x00000260a1807c90 method=org.springframework.core.BridgeMethodResolver.resolveBridgeMethod(Ljava/lang/reflect/Method;Ljava/lang/Class;)Ljava/lang/reflect/Method; @ 120 c2
Event: 21.747 Thread 0x00000260b56894c0 DEOPT PACKING pc=0x00000260a1807c90 sp=0x000000d257cfb4b0
Event: 21.748 Thread 0x00000260b56894c0 DEOPT UNPACKING pc=0x00000260a0ff69a3 sp=0x000000d257cfb510 mode 2
Event: 21.753 Thread 0x00000260b56894c0 Uncommon trap: trap_request=0xffffff45 fr.pc=0x00000260a17891cc relative=0x000000000000562c
Event: 21.753 Thread 0x00000260b56894c0 Uncommon trap: reason=unstable_if action=reinterpret pc=0x00000260a17891cc method=org.springframework.beans.factory.support.AbstractBeanFactory.isTypeMatch(Ljava/lang/String;Lorg/springframework/core/ResolvableType;Z)Z @ 719 c2
Event: 21.753 Thread 0x00000260b56894c0 DEOPT PACKING pc=0x00000260a17891cc sp=0x000000d257cfb530
Event: 21.753 Thread 0x00000260b56894c0 DEOPT UNPACKING pc=0x00000260a0ff69a3 sp=0x000000d257cfb530 mode 2

Classes unloaded (0 events):
No events

Classes redefined (0 events):
No events

Internal exceptions (20 events):
Event: 12.220 Thread 0x00000260b56894c0 Exception <a 'java/lang/IncompatibleClassChangeError'{0x00000000880269f0}: Found class java.lang.Object, but interface was expected> (0x00000000880269f0) 
thrown [s\src\hotspot\share\interpreter\linkResolver.cpp, line 826]
Event: 12.405 Thread 0x00000260b56894c0 Exception <a 'java/lang/NoSuchMethodError'{0x0000000087f336c8}: 'java.lang.Object java.lang.invoke.DirectMethodHandle$Holder.invokeSpecialIFC(java.lang.Object, java.lang.Object, java.lang.Object)'> (0x0000000087f336c8) 
thrown [s\src\hotspot\share\interpreter\linkResolver.cpp, line 759]
Event: 13.654 Thread 0x00000260b56894c0 Exception <a 'java/lang/NoSuchMethodError'{0x00000000842ca220}: 'void java.lang.invoke.DirectMethodHandle$Holder.invokeStatic(java.lang.Object, java.lang.Object, int)'> (0x00000000842ca220) 
thrown [s\src\hotspot\share\interpreter\linkResolver.cpp, line 759]
Event: 14.200 Thread 0x00000260b56894c0 Exception <a 'java/lang/NoSuchMethodError'{0x0000000083dce508}: 'void java.lang.invoke.DirectMethodHandle$Holder.invokeInterface(java.lang.Object, java.lang.Object, int)'> (0x0000000083dce508) 
thrown [s\src\hotspot\share\interpreter\linkResolver.cpp, line 759]
Event: 14.302 Thread 0x00000260b56894c0 Exception <a 'java/lang/IncompatibleClassChangeError'{0x0000000083c1eb28}: Found class java.lang.Object, but interface was expected> (0x0000000083c1eb28) 
thrown [s\src\hotspot\share\interpreter\linkResolver.cpp, line 826]
Event: 14.320 Thread 0x00000260b56894c0 Exception <a 'java/lang/NoSuchMethodError'{0x0000000083c2f660}: 'int java.lang.invoke.DirectMethodHandle$Holder.invokeSpecialIFC(java.lang.Object, java.lang.Object, java.lang.Object)'> (0x0000000083c2f660) 
thrown [s\src\hotspot\share\interpreter\linkResolver.cpp, line 759]
Event: 14.332 Thread 0x00000260b56894c0 Exception <a 'java/lang/NoSuchMethodError'{0x0000000083c47790}: 'void java.lang.invoke.DirectMethodHandle$Holder.invokeStatic(java.lang.Object, int, java.lang.Object)'> (0x0000000083c47790) 
thrown [s\src\hotspot\share\interpreter\linkResolver.cpp, line 759]
Event: 14.657 Thread 0x00000260b56894c0 Exception <a 'java/lang/NoSuchMethodError'{0x0000000083cf7f88}: 'int java.lang.invoke.DirectMethodHandle$Holder.invokeSpecial(java.lang.Object, java.lang.Object, int)'> (0x0000000083cf7f88) 
thrown [s\src\hotspot\share\interpreter\linkResolver.cpp, line 759]
Event: 14.661 Thread 0x00000260b56894c0 Exception <a 'java/lang/NoSuchMethodError'{0x0000000083b06b98}: 'void java.lang.invoke.DirectMethodHandle$Holder.invokeVirtual(java.lang.Object, java.lang.Object, int)'> (0x0000000083b06b98) 
thrown [s\src\hotspot\share\interpreter\linkResolver.cpp, line 759]
Event: 14.662 Thread 0x00000260b56894c0 Exception <a 'java/lang/NoSuchMethodError'{0x0000000083b0cd90}: 'void java.lang.invoke.DirectMethodHandle$Holder.invokeStatic(java.lang.Object, java.lang.Object, java.lang.Object, int, java.lang.Object)'> (0x0000000083b0cd90) 
thrown [s\src\hotspot\share\interpreter\linkResolver.cpp, line 759]
Event: 14.663 Thread 0x00000260b56894c0 Exception <a 'java/lang/NoSuchMethodError'{0x0000000083b14298}: 'java.lang.Object java.lang.invoke.DirectMethodHandle$Holder.newInvokeSpecial(java.lang.Object, java.lang.Object, java.lang.Object, int)'> (0x0000000083b14298) 
thrown [s\src\hotspot\share\interpreter\linkResolver.cpp, line 759]
Event: 14.664 Thread 0x00000260b56894c0 Exception <a 'java/lang/NoSuchMethodError'{0x0000000083b18580}: 'java.lang.Object java.lang.invoke.DirectMethodHandle$Holder.invokeSpecial(java.lang.Object, java.lang.Object, java.lang.Object, java.lang.Object, int)'> (0x0000000083b18580) 
thrown [s\src\hotspot\share\interpreter\linkResolver.cpp, line 759]
Event: 14.664 Thread 0x00000260b56894c0 Exception <a 'java/lang/NoSuchMethodError'{0x0000000083b1c148}: 'java.lang.Object java.lang.invoke.Invokers$Holder.linkToTargetMethod(java.lang.Object, java.lang.Object, int, java.lang.Object)'> (0x0000000083b1c148) 
thrown [s\src\hotspot\share\interpreter\linkResolver.cpp, line 759]
Event: 17.640 Thread 0x00000260b56894c0 Exception <a 'java/lang/NoSuchMethodError'{0x0000000084127b00}: 'java.lang.Object java.lang.invoke.DirectMethodHandle$Holder.invokeStaticInit(java.lang.Object, int, int, int, int)'> (0x0000000084127b00) 
thrown [s\src\hotspot\share\interpreter\linkResolver.cpp, line 759]
Event: 18.531 Thread 0x00000260b56894c0 Exception <a 'java/lang/NoSuchMethodError'{0x00000000841f27c0}: 'java.lang.Object java.lang.invoke.DirectMethodHandle$Holder.invokeStaticInit(java.lang.Object, java.lang.Object, int, int, int, int)'> (0x00000000841f27c0) 
thrown [s\src\hotspot\share\interpreter\linkResolver.cpp, line 759]
Event: 20.510 Thread 0x00000260b56894c0 Exception <a 'sun/nio/fs/WindowsException'{0x0000000087f59b70}> (0x0000000087f59b70) 
thrown [s\src\hotspot\share\prims\jni.cpp, line 516]
Event: 20.512 Thread 0x00000260b56894c0 Exception <a 'sun/nio/fs/WindowsException'{0x0000000087f5f508}> (0x0000000087f5f508) 
thrown [s\src\hotspot\share\prims\jni.cpp, line 516]
Event: 20.666 Thread 0x00000260b56894c0 Exception <a 'sun/nio/fs/WindowsException'{0x0000000087f5fbe0}> (0x0000000087f5fbe0) 
thrown [s\src\hotspot\share\prims\jni.cpp, line 516]
Event: 20.938 Thread 0x00000260b56894c0 Exception <a 'java/io/FileNotFoundException'{0x0000000087e7fa78}> (0x0000000087e7fa78) 
thrown [s\src\hotspot\share\prims\jni.cpp, line 516]
Event: 21.526 Thread 0x00000260b56894c0 Exception <a 'java/lang/NoSuchMethodError'{0x00000000842f0150}: 'int java.lang.invoke.DirectMethodHandle$Holder.invokeInterface(java.lang.Object, java.lang.Object, java.lang.Object, java.lang.Object)'> (0x00000000842f0150) 
thrown [s\src\hotspot\share\interpreter\linkResolver.cpp, line 759]

VM Operations (20 events):
Event: 14.147 Executing VM operation: Cleanup
Event: 14.152 Executing VM operation: Cleanup done
Event: 15.148 Executing VM operation: G1CollectForAllocation
Event: 15.153 Executing VM operation: G1CollectForAllocation done
Event: 15.887 Executing VM operation: HandshakeAllThreads
Event: 15.887 Executing VM operation: HandshakeAllThreads done
Event: 16.888 Executing VM operation: Cleanup
Event: 16.890 Executing VM operation: Cleanup done
Event: 17.519 Executing VM operation: HandshakeAllThreads
Event: 17.519 Executing VM operation: HandshakeAllThreads done
Event: 17.728 Executing VM operation: HandshakeAllThreads
Event: 17.728 Executing VM operation: HandshakeAllThreads done
Event: 18.729 Executing VM operation: Cleanup
Event: 18.729 Executing VM operation: Cleanup done
Event: 20.004 Executing VM operation: G1CollectForAllocation
Event: 20.010 Executing VM operation: G1CollectForAllocation done
Event: 21.010 Executing VM operation: Cleanup
Event: 21.143 Executing VM operation: Cleanup done
Event: 21.413 Executing VM operation: HandshakeAllThreads
Event: 21.413 Executing VM operation: HandshakeAllThreads done

Events (20 events):
Event: 20.716 loading class javax/management/ObjectName$Property
Event: 20.716 loading class javax/management/ObjectName$Property done
Event: 20.716 loading class com/sun/jmx/mbeanserver/Util
Event: 20.716 loading class com/sun/jmx/mbeanserver/Util done
Event: 20.886 loading class java/util/concurrent/ScheduledThreadPoolExecutor$DelayedWorkQueue
Event: 20.887 loading class java/util/concurrent/ScheduledThreadPoolExecutor$DelayedWorkQueue done
Event: 20.887 loading class java/util/concurrent/RunnableScheduledFuture
Event: 20.887 loading class java/util/concurrent/RunnableFuture
Event: 20.887 loading class java/util/concurrent/RunnableFuture done
Event: 20.887 loading class java/util/concurrent/ScheduledFuture
Event: 20.887 loading class java/util/concurrent/Delayed
Event: 20.887 loading class java/util/concurrent/Delayed done
Event: 20.887 loading class java/util/concurrent/ScheduledFuture done
Event: 20.887 loading class java/util/concurrent/RunnableScheduledFuture done
Event: 20.900 loading class java/util/logging/LogRecord
Event: 20.901 loading class java/util/logging/LogRecord done
Event: 20.918 loading class java/util/concurrent/FutureTask
Event: 20.918 loading class java/util/concurrent/FutureTask done
Event: 20.919 loading class java/util/concurrent/FutureTask$WaitNode
Event: 20.919 loading class java/util/concurrent/FutureTask$WaitNode done


Dynamic libraries:
0x00007ff627ce0000 - 0x00007ff627cee000 	C:\sts-4.19.1.RELEASE\plugins\org.eclipse.justj.openjdk.hotspot.jre.full.win32.x86_64_17.0.7.v20230425-1502\jre\bin\javaw.exe
0x00007ffbd42b0000 - 0x00007ffbd44a8000 	C:\WINDOWS\SYSTEM32\ntdll.dll
0x00007ffbd3450000 - 0x00007ffbd3512000 	C:\WINDOWS\System32\KERNEL32.DLL
0x00007ffbd1d60000 - 0x00007ffbd2056000 	C:\WINDOWS\System32\KERNELBASE.dll
0x00007ffbd21e0000 - 0x00007ffbd22e0000 	C:\WINDOWS\System32\ucrtbase.dll
0x00007ffbc4820000 - 0x00007ffbc4837000 	C:\sts-4.19.1.RELEASE\plugins\org.eclipse.justj.openjdk.hotspot.jre.full.win32.x86_64_17.0.7.v20230425-1502\jre\bin\jli.dll
0x00007ffbd3d40000 - 0x00007ffbd3edd000 	C:\WINDOWS\System32\USER32.dll
0x00007ffbd1c70000 - 0x00007ffbd1c92000 	C:\WINDOWS\System32\win32u.dll
0x00007ffbd4160000 - 0x00007ffbd418b000 	C:\WINDOWS\System32\GDI32.dll
0x00007ffbd19f0000 - 0x00007ffbd1b0a000 	C:\WINDOWS\System32\gdi32full.dll
0x00007ffbd1950000 - 0x00007ffbd19ed000 	C:\WINDOWS\System32\msvcp_win.dll
0x00007ffbcc860000 - 0x00007ffbcc879000 	C:\sts-4.19.1.RELEASE\plugins\org.eclipse.justj.openjdk.hotspot.jre.full.win32.x86_64_17.0.7.v20230425-1502\jre\bin\VCRUNTIME140.dll
0x00007ffbd0c90000 - 0x00007ffbd0f2a000 	C:\WINDOWS\WinSxS\amd64_microsoft.windows.common-controls_6595b64144ccf1df_6.0.19041.5794_none_60bcd33171f2783c\COMCTL32.dll
0x00007ffbd3520000 - 0x00007ffbd35be000 	C:\WINDOWS\System32\msvcrt.dll
0x00007ffbd2950000 - 0x00007ffbd297f000 	C:\WINDOWS\System32\IMM32.DLL
0x00007ffbcc850000 - 0x00007ffbcc85c000 	C:\sts-4.19.1.RELEASE\plugins\org.eclipse.justj.openjdk.hotspot.jre.full.win32.x86_64_17.0.7.v20230425-1502\jre\bin\vcruntime140_1.dll
0x00007ffbacc70000 - 0x00007ffbacd01000 	C:\sts-4.19.1.RELEASE\plugins\org.eclipse.justj.openjdk.hotspot.jre.full.win32.x86_64_17.0.7.v20230425-1502\jre\bin\msvcp140.dll
0x00007ffb94010000 - 0x00007ffb94c58000 	C:\sts-4.19.1.RELEASE\plugins\org.eclipse.justj.openjdk.hotspot.jre.full.win32.x86_64_17.0.7.v20230425-1502\jre\bin\server\jvm.dll
0x00007ffbd30e0000 - 0x00007ffbd318f000 	C:\WINDOWS\System32\ADVAPI32.dll
0x00007ffbd3ef0000 - 0x00007ffbd3f8f000 	C:\WINDOWS\System32\sechost.dll
0x00007ffbd2820000 - 0x00007ffbd2943000 	C:\WINDOWS\System32\RPCRT4.dll
0x00007ffbd1ca0000 - 0x00007ffbd1cc7000 	C:\WINDOWS\System32\bcrypt.dll
0x00007ffbb8ea0000 - 0x00007ffbb8ea9000 	C:\WINDOWS\SYSTEM32\WSOCK32.dll
0x00007ffbd3190000 - 0x00007ffbd31fb000 	C:\WINDOWS\System32\WS2_32.dll
0x00007ffba6b70000 - 0x00007ffba6b97000 	C:\WINDOWS\SYSTEM32\WINMM.dll
0x00007ffbcb630000 - 0x00007ffbcb63a000 	C:\WINDOWS\SYSTEM32\VERSION.dll
0x00007ffbcfa90000 - 0x00007ffbcfaa2000 	C:\WINDOWS\SYSTEM32\kernel.appcore.dll
0x00007ffbccc20000 - 0x00007ffbccc2a000 	C:\sts-4.19.1.RELEASE\plugins\org.eclipse.justj.openjdk.hotspot.jre.full.win32.x86_64_17.0.7.v20230425-1502\jre\bin\jimage.dll
0x00007ffbd1230000 - 0x00007ffbd1431000 	C:\WINDOWS\SYSTEM32\DBGHELP.DLL
0x00007ffbd1040000 - 0x00007ffbd1074000 	C:\WINDOWS\SYSTEM32\dbgcore.DLL
0x00007ffbd1cd0000 - 0x00007ffbd1d52000 	C:\WINDOWS\System32\bcryptPrimitives.dll
0x00007ffbc2ce0000 - 0x00007ffbc2d05000 	C:\sts-4.19.1.RELEASE\plugins\org.eclipse.justj.openjdk.hotspot.jre.full.win32.x86_64_17.0.7.v20230425-1502\jre\bin\java.dll
0x00007ffbc4520000 - 0x00007ffbc4538000 	C:\sts-4.19.1.RELEASE\plugins\org.eclipse.justj.openjdk.hotspot.jre.full.win32.x86_64_17.0.7.v20230425-1502\jre\bin\zip.dll
0x00007ffbd35c0000 - 0x00007ffbd3d2e000 	C:\WINDOWS\System32\SHELL32.dll
0x00007ffbcf030000 - 0x00007ffbcf7d3000 	C:\WINDOWS\SYSTEM32\windows.storage.dll
0x00007ffbd2d80000 - 0x00007ffbd30d3000 	C:\WINDOWS\System32\combase.dll
0x00007ffbd0b80000 - 0x00007ffbd0bab000 	C:\WINDOWS\SYSTEM32\Wldp.dll
0x00007ffbd2750000 - 0x00007ffbd281d000 	C:\WINDOWS\System32\OLEAUT32.dll
0x00007ffbd3200000 - 0x00007ffbd32ad000 	C:\WINDOWS\System32\SHCORE.dll
0x00007ffbd33f0000 - 0x00007ffbd3445000 	C:\WINDOWS\System32\shlwapi.dll
0x00007ffbd1880000 - 0x00007ffbd18a5000 	C:\WINDOWS\SYSTEM32\profapi.dll
0x00007ffbcc950000 - 0x00007ffbcc969000 	C:\sts-4.19.1.RELEASE\plugins\org.eclipse.justj.openjdk.hotspot.jre.full.win32.x86_64_17.0.7.v20230425-1502\jre\bin\net.dll
0x00007ffbc9900000 - 0x00007ffbc9a0a000 	C:\WINDOWS\SYSTEM32\WINHTTP.dll
0x00007ffbd08c0000 - 0x00007ffbd092c000 	C:\WINDOWS\system32\mswsock.dll
0x00007ffbc8ef0000 - 0x00007ffbc8f05000 	C:\sts-4.19.1.RELEASE\plugins\org.eclipse.justj.openjdk.hotspot.jre.full.win32.x86_64_17.0.7.v20230425-1502\jre\bin\nio.dll
0x00007ffbcc840000 - 0x00007ffbcc849000 	C:\sts-4.19.1.RELEASE\plugins\org.eclipse.justj.openjdk.hotspot.jre.full.win32.x86_64_17.0.7.v20230425-1502\jre\bin\management.dll
0x00007ffbc8b80000 - 0x00007ffbc8b8b000 	C:\sts-4.19.1.RELEASE\plugins\org.eclipse.justj.openjdk.hotspot.jre.full.win32.x86_64_17.0.7.v20230425-1502\jre\bin\management_ext.dll
0x00007ffbd4130000 - 0x00007ffbd4138000 	C:\WINDOWS\System32\PSAPI.DLL
0x00007ffbcc830000 - 0x00007ffbcc83e000 	C:\sts-4.19.1.RELEASE\plugins\org.eclipse.justj.openjdk.hotspot.jre.full.win32.x86_64_17.0.7.v20230425-1502\jre\bin\sunmscapi.dll
0x00007ffbd1b10000 - 0x00007ffbd1c6d000 	C:\WINDOWS\System32\CRYPT32.dll
0x00007ffbd0c60000 - 0x00007ffbd0c87000 	C:\WINDOWS\SYSTEM32\ncrypt.dll
0x00007ffbd0c20000 - 0x00007ffbd0c5b000 	C:\WINDOWS\SYSTEM32\NTASN1.dll
0x00007ffbd15f0000 - 0x00007ffbd1608000 	C:\WINDOWS\SYSTEM32\CRYPTSP.dll
0x00007ffbd0280000 - 0x00007ffbd02b8000 	C:\WINDOWS\system32\rsaenh.dll
0x00007ffbd1840000 - 0x00007ffbd186e000 	C:\WINDOWS\SYSTEM32\USERENV.dll
0x00007ffbd0af0000 - 0x00007ffbd0afc000 	C:\WINDOWS\SYSTEM32\CRYPTBASE.dll
0x00007ffbd05e0000 - 0x00007ffbd061b000 	C:\WINDOWS\SYSTEM32\IPHLPAPI.DLL
0x00007ffbd3d30000 - 0x00007ffbd3d38000 	C:\WINDOWS\System32\NSI.dll
0x00007ffbc98e0000 - 0x00007ffbc98f7000 	C:\WINDOWS\SYSTEM32\dhcpcsvc6.DLL
0x00007ffbc98c0000 - 0x00007ffbc98dd000 	C:\WINDOWS\SYSTEM32\dhcpcsvc.DLL
0x00007ffbd0620000 - 0x00007ffbd06ea000 	C:\WINDOWS\SYSTEM32\DNSAPI.dll

dbghelp: loaded successfully - version: 4.0.5 - missing functions: none
symbol engine: initialized successfully - sym options: 0x614 - pdb path: .;C:\sts-4.19.1.RELEASE\plugins\org.eclipse.justj.openjdk.hotspot.jre.full.win32.x86_64_17.0.7.v20230425-1502\jre\bin;C:\WINDOWS\SYSTEM32;C:\WINDOWS\WinSxS\amd64_microsoft.windows.common-controls_6595b64144ccf1df_6.0.19041.5794_none_60bcd33171f2783c;C:\sts-4.19.1.RELEASE\plugins\org.eclipse.justj.openjdk.hotspot.jre.full.win32.x86_64_17.0.7.v20230425-1502\jre\bin\server

VM Arguments:
jvm_args: -Dfile.encoding=UTF-8 -XX:+ShowCodeDetailsInExceptionMessages 
java_command: com.rahul.CurrencyExchange2025Application
java_class_path (initial): C:\Users\acer\Desktop\Rahul_Material\GL_Web_API_2024_1\New\GL_WEB_API_2024\Currency-Exchange_2025\target\classes;C:\Users\acer\.m2\repository\org\springframework\boot\spring-boot-starter-actuator\3.4.5\spring-boot-starter-actuator-3.4.5.jar;C:\Users\acer\.m2\repository\org\springframework\boot\spring-boot-starter\3.4.5\spring-boot-starter-3.4.5.jar;C:\Users\acer\.m2\repository\org\springframework\boot\spring-boot-starter-logging\3.4.5\spring-boot-starter-logging-3.4.5.jar;C:\Users\acer\.m2\repository\ch\qos\logback\logback-classic\1.5.18\logback-classic-1.5.18.jar;C:\Users\acer\.m2\repository\ch\qos\logback\logback-core\1.5.18\logback-core-1.5.18.jar;C:\Users\acer\.m2\repository\org\apache\logging\log4j\log4j-to-slf4j\2.24.3\log4j-to-slf4j-2.24.3.jar;C:\Users\acer\.m2\repository\org\apache\logging\log4j\log4j-api\2.24.3\log4j-api-2.24.3.jar;C:\Users\acer\.m2\repository\org\slf4j\jul-to-slf4j\2.0.17\jul-to-slf4j-2.0.17.jar;C:\Users\acer\.m2\repository\jakarta\annotation\jakarta.annotation-api\2.1.1\jakarta.annotation-api-2.1.1.jar;C:\Users\acer\.m2\repository\org\yaml\snakeyaml\2.3\snakeyaml-2.3.jar;C:\Users\acer\.m2\repository\org\springframework\boot\spring-boot-actuator-autoconfigure\3.4.5\spring-boot-actuator-autoconfigure-3.4.5.jar;C:\Users\acer\.m2\repository\org\springframework\boot\spring-boot-actuator\3.4.5\spring-boot-actuator-3.4.5.jar;C:\Users\acer\.m2\repository\com\fasterxml\jackson\core\jackson-databind\2.18.3\jackson-databind-2.18.3.jar;C:\Users\acer\.m2\repository\com\fasterxml\jackson\core\jackson-annotations\2.18.3\jackson-annotations-2.18.3.jar;C:\Users\acer\.m2\repository\com\fasterxml\jackson\core\jackson-core\2.18.3\jackson-core-2.18.3.jar;C:\Users\acer\.m2\repository\com\fasterxml\jackson\datatype\jackson-datatype-jsr310\2.18.3\jackson-datatype-jsr310-2.18.3.jar;C:\Users\acer\.m2\repository\io\micrometer\micrometer-observation\1.14.6\micrometer-observation-1.14.6.jar;C:\Users\acer\.m2\repository\io\micrometer\micro
Launcher Type: SUN_STANDARD

[Global flags]
     intx CICompilerCount                          = 3                                         {product} {ergonomic}
     uint ConcGCThreads                            = 1                                         {product} {ergonomic}
     uint G1ConcRefinementThreads                  = 4                                         {product} {ergonomic}
   size_t G1HeapRegionSize                         = 1048576                                   {product} {ergonomic}
    uintx GCDrainStackTargetSize                   = 64                                        {product} {ergonomic}
   size_t InitialHeapSize                          = 132120576                                 {product} {ergonomic}
   size_t MarkStackSize                            = 4194304                                   {product} {ergonomic}
   size_t MaxHeapSize                              = 2113929216                                {product} {ergonomic}
   size_t MaxNewSize                               = 1267728384                                {product} {ergonomic}
   size_t MinHeapDeltaBytes                        = 1048576                                   {product} {ergonomic}
   size_t MinHeapSize                              = 8388608                                   {product} {ergonomic}
    uintx NonNMethodCodeHeapSize                   = 5832780                                {pd product} {ergonomic}
    uintx NonProfiledCodeHeapSize                  = 122912730                              {pd product} {ergonomic}
    uintx ProfiledCodeHeapSize                     = 122912730                              {pd product} {ergonomic}
    uintx ReservedCodeCacheSize                    = 251658240                              {pd product} {ergonomic}
     bool SegmentedCodeCache                       = true                                      {product} {ergonomic}
     bool ShowCodeDetailsInExceptionMessages       = true                                   {manageable} {command line}
   size_t SoftMaxHeapSize                          = 2113929216                             {manageable} {ergonomic}
     bool UseCompressedClassPointers               = true                           {product lp64_product} {ergonomic}
     bool UseCompressedOops                        = true                           {product lp64_product} {ergonomic}
     bool UseG1GC                                  = true                                      {product} {ergonomic}
     bool UseLargePagesIndividualAllocation        = false                                  {pd product} {ergonomic}

Logging:
Log output configuration:
 #0: stdout all=warning uptime,level,tags
 #1: stderr all=off uptime,level,tags

Environment Variables:
JAVA_HOME=C:\Program Files\Java\jdk-17
PATH=C:/sts-4.19.1.RELEASE//plugins/org.eclipse.justj.openjdk.hotspot.jre.full.win32.x86_64_17.0.7.v20230425-1502/jre/bin/server;C:/sts-4.19.1.RELEASE//plugins/org.eclipse.justj.openjdk.hotspot.jre.full.win32.x86_64_17.0.7.v20230425-1502/jre/bin;C:\Python311\Scripts\;C:\Python311\;C:\WINDOWS\system32;C:\WINDOWS;C:\WINDOWS\System32\Wbem;C:\WINDOWS\System32\WindowsPowerShell\v1.0\;C:\WINDOWS\System32\OpenSSH\;C:\Program Files\MySQL\MySQL Server 8.0\bin;C:\Program Files\nodejs\;C:\ProgramData\chocolatey\bin;C:\Program Files\Git\cmd;C:\Program Files\Docker\Docker\resources\bin;C:\Program Files (x86)\Google\Cloud SDK\google-cloud-sdk\bin;C:\Program Files\Kubernetes\Minikube;C:\msys64\mingw64\bin;C:\msys64\mingw32\bin;%JAVA_HOME%\bin;C:\MinGW\bin;C:\WINDOWS\system32;C:\WINDOWS;C:\WINDOWS\System32\Wbem;C:\WINDOWS\System32\WindowsPowerShell\v1.0\;C:\WINDOWS\System32\OpenSSH\;C:\Program Files\Java\jdk-17\bin;C:\Program Files\Java\jdk-17;C:\Program Files\MySQL\MySQL Shell 8.0\bin\;C:\Users\acer\AppData\Local\Microsoft\WindowsApps;C:\Users\acer\AppData\Roaming\npm;C:\Users\acer\AppData\Local\Programs\Microsoft VS Code\bin;C:\Program Files\Java\jdk-17;C:\Program Files\JetBrains\PyCharm Community Edition 2024.2.1\bin;;C:\Program Files (x86)\EShare\;C:\Users\acer\AppData\Local\GitHubDesktop\bin;;C:\sts-4.19.1.RELEASE;
USERNAME=RAHUL
OS=Windows_NT
PROCESSOR_IDENTIFIER=Intel64 Family 6 Model 78 Stepping 3, GenuineIntel
TMP=C:\Users\acer\AppData\Local\Temp
TEMP=C:\Users\acer\AppData\Local\Temp



---------------  S Y S T E M  ---------------

OS:
 Windows 10 , 64 bit Build 19041 (10.0.19041.5794)
OS uptime: 0 days 4:19 hours
Hyper-V role detected

CPU: total 4 (initial active 4) (2 cores per cpu, 2 threads per core) family 6 model 78 stepping 3 microcode 0xcc, cx8, cmov, fxsr, ht, mmx, 3dnowpref, sse, sse2, sse3, ssse3, sse4.1, sse4.2, popcnt, lzcnt, tsc, tscinvbit, avx, avx2, aes, erms, clmul, bmi1, bmi2, adx, fma, vzeroupper, clflush, clflushopt, hv

Memory: 4k page, system-wide physical 8060M (384M free)
TotalPageFile size 10108M (AvailPageFile size 8M)
current process WorkingSet (physical memory assigned to process): 168M, peak: 208M
current process commit charge ("private bytes"): 193M, peak: 239M

vm_info: OpenJDK 64-Bit Server VM (17.0.7+7) for windows-amd64 JRE (17.0.7+7), built on Apr 18 2023 22:10:42 by "temurin" with MS VC++ 16.7 (VS2019)

END.
